TpTrace Verbose: 0 : 20520, 1, 2022/09/13, 12:32:02.583, 6122159210223, testhost.dll, Version: 17.1.0
TpTrace Information: 0 : 20520, 1, 2022/09/13, 12:32:02.603, 6122159339000, testhost.dll, DefaultEngineInvoker.Invoke: Testhost process started with args :[--port, 52549],[--endpoint, 127.0.0.1:052549],[--role, client],[--parentprocessid, 19776],[--diag, C:\Users\u0995526\Source\Repos\spreadsheet-ZacheyMIX\Spreadsheet\DependencyGraphTests\bin\Debug\net6.0\fine-code-coverage\coverage-tool-output\diagnostics.host.22-09-13_12-32-02_35456_7.log],[--tracelevel, 4],[--datacollectionport, 52548],[--telemetryoptedin, false]
TpTrace Information: 0 : 20520, 1, 2022/09/13, 12:32:02.610, 6122159408836, testhost.dll, Setting up debug trace listener.
TpTrace Verbose: 0 : 20520, 1, 2022/09/13, 12:32:02.611, 6122159413523, testhost.dll, TestPlatformTraceListener.Setup: Replacing listener 0 with TestHostTraceListener.
TpTrace Verbose: 0 : 20520, 1, 2022/09/13, 12:32:02.611, 6122159414651, testhost.dll, TestPlatformTraceListener.Setup: Added test platform trace listener.
TpTrace Information: 0 : 20520, 1, 2022/09/13, 12:32:02.613, 6122159433090, testhost.dll, DefaultEngineInvoker.SetParentProcessExitCallback: Monitoring parent process with id: '19776'
TpTrace Information: 0 : 20520, 1, 2022/09/13, 12:32:02.626, 6122159569760, testhost.dll, DefaultEngineInvoker.GetConnectionInfo: Initialize communication on endpoint address: '127.0.0.1:052549'
TpTrace Information: 0 : 20520, 1, 2022/09/13, 12:32:02.648, 6122159784758, testhost.dll, SocketClient.Start: connecting to server endpoint: 127.0.0.1:052549
TpTrace Information: 0 : 20520, 1, 2022/09/13, 12:32:02.664, 6122159944127, testhost.dll, DefaultEngineInvoker.ConnectToDatacollector: Connecting to datacollector, port: 52548
TpTrace Information: 0 : 20520, 10, 2022/09/13, 12:32:02.666, 6122159968881, testhost.dll, SocketClient.OnServerConnected: connected to server endpoint: 127.0.0.1:052549
TpTrace Verbose: 0 : 20520, 10, 2022/09/13, 12:32:02.670, 6122160006225, testhost.dll, Connected to server, and starting MessageLoopAsync
TpTrace Information: 0 : 20520, 1, 2022/09/13, 12:32:02.672, 6122160026372, testhost.dll, Trying to connect to server on socket : 127.0.0.1:52548 
TpTrace Verbose: 0 : 20520, 1, 2022/09/13, 12:32:02.673, 6122160033930, testhost.dll, SocketCommunicationManager : SetupClientAsync : Attempting to connect to the server.
TpTrace Information: 0 : 20520, 1, 2022/09/13, 12:32:02.674, 6122160043678, testhost.dll, Connected to the server successfully 
TpTrace Information: 0 : 20520, 1, 2022/09/13, 12:32:02.674, 6122160045466, testhost.dll, Using the buffer size of 16384 bytes
TpTrace Information: 0 : 20520, 1, 2022/09/13, 12:32:02.676, 6122160061197, testhost.dll, DefaultEngineInvoker.Invoke: Start Request Processing.
TpTrace Information: 0 : 20520, 12, 2022/09/13, 12:32:02.677, 6122160078006, testhost.dll, DefaultEngineInvoker.StartProcessingAsync: Connected to vstest.console, Starting process requests.
TpTrace Verbose: 0 : 20520, 10, 2022/09/13, 12:32:02.678, 6122160080701, testhost.dll, TcpClientExtensions.MessageLoopAsync: Polling on remoteEndPoint: [::ffff:127.0.0.1]:52549 localEndPoint: [::ffff:127.0.0.1]:52550
TpTrace Verbose: 0 : 20520, 10, 2022/09/13, 12:32:02.678, 6122160089329, testhost.dll, TcpClientExtensions.MessageLoopAsync: NotifyDataAvailable remoteEndPoint: [::ffff:127.0.0.1]:52549 localEndPoint: [::ffff:127.0.0.1]:52550
TpTrace Information: 0 : 20520, 10, 2022/09/13, 12:32:02.972, 6122163026284, testhost.dll, TestRequestHandler.OnMessageReceived: received message: (ProtocolVersion) -> 7
TpTrace Verbose: 0 : 20520, 10, 2022/09/13, 12:32:03.022, 6122163522752, testhost.dll, TestRequestHandler.SendData:  sending data from testhost: {"Version":5,"MessageType":"TestSession.Message","Payload":{"MessageLevel":0,"Message":"Logging TestHost Diagnostics in file: C:\\Users\\u0995526\\Source\\Repos\\spreadsheet-ZacheyMIX\\Spreadsheet\\DependencyGraphTests\\bin\\Debug\\net6.0\\fine-code-coverage\\coverage-tool-output\\diagnostics.host.22-09-13_12-32-02_35456_7.log"}}
TpTrace Verbose: 0 : 20520, 10, 2022/09/13, 12:32:03.022, 6122163525161, testhost.dll, TcpClientExtensions.MessageLoopAsync: Polling on remoteEndPoint: [::ffff:127.0.0.1]:52549 localEndPoint: [::ffff:127.0.0.1]:52550
TpTrace Verbose: 0 : 20520, 10, 2022/09/13, 12:32:03.022, 6122163525965, testhost.dll, TcpClientExtensions.MessageLoopAsync: NotifyDataAvailable remoteEndPoint: [::ffff:127.0.0.1]:52549 localEndPoint: [::ffff:127.0.0.1]:52550
TpTrace Information: 0 : 20520, 10, 2022/09/13, 12:32:03.027, 6122163573325, testhost.dll, TestRequestHandler.OnMessageReceived: received message: (TestExecution.Initialize) -> [
  "C:\\Users\\u0995526\\Source\\Repos\\spreadsheet-ZacheyMIX\\Spreadsheet\\DependencyGraphTests\\bin\\Debug\\net6.0\\fine-code-coverage\\build-output\\Microsoft.VisualStudio.TestPlatform.MSTest.TestAdapter.dll"
]
TpTrace Verbose: 0 : 20520, 10, 2022/09/13, 12:32:03.037, 6122163674738, testhost.dll, TcpClientExtensions.MessageLoopAsync: Polling on remoteEndPoint: [::ffff:127.0.0.1]:52549 localEndPoint: [::ffff:127.0.0.1]:52550
TpTrace Verbose: 0 : 20520, 10, 2022/09/13, 12:32:03.037, 6122163676012, testhost.dll, TcpClientExtensions.MessageLoopAsync: NotifyDataAvailable remoteEndPoint: [::ffff:127.0.0.1]:52549 localEndPoint: [::ffff:127.0.0.1]:52550
TpTrace Information: 0 : 20520, 4, 2022/09/13, 12:32:03.038, 6122163680041, testhost.dll, TestRequestHandler.OnMessageReceived: Running job 'TestExecution.Initialize'.
TpTrace Verbose: 0 : 20520, 4, 2022/09/13, 12:32:03.040, 6122163707302, testhost.dll, TestExecutorService: Loading the extensions
TpTrace Information: 0 : 20520, 10, 2022/09/13, 12:32:03.041, 6122163716915, testhost.dll, TestRequestHandler.OnMessageReceived: received message: (TestExecution.StartWithSources) -> {
  "AdapterSourceMap": {
    "_none_": [
      "C:\\Users\\u0995526\\Source\\Repos\\spreadsheet-ZacheyMIX\\Spreadsheet\\DependencyGraphTests\\bin\\Debug\\net6.0\\fine-code-coverage\\build-output\\DependencyGraphTests.dll"
    ]
  },
  "RunSettings": "<RunSettings>\r\n  <RunConfiguration>\r\n    <ResultsDirectory>C:\\Users\\u0995526\\Source\\Repos\\spreadsheet-ZacheyMIX\\Spreadsheet\\DependencyGraphTests\\bin\\Debug\\net6.0\\fine-code-coverage\\coverage-tool-output</ResultsDirectory>\r\n    <TargetFrameworkVersion>.NETCoreApp,Version=v6.0</TargetFrameworkVersion>\r\n    <DesignMode>False</DesignMode>\r\n    <CollectSourceInformation>False</CollectSourceInformation>\r\n  </RunConfiguration>\r\n  <LoggerRunSettings>\r\n    <Loggers>\r\n      <Logger friendlyName=\"blame\" enabled=\"True\" />\r\n      <Logger friendlyName=\"Console\" uri=\"logger://microsoft/TestPlatform/ConsoleLogger/v1\" assemblyQualifiedName=\"Microsoft.VisualStudio.TestPlatform.CommandLine.Internal.ConsoleLogger, vstest.console, Version=15.0.0.0, Culture=neutral, PublicKeyToken=b03f5f7f11d50a3a\" codeBase=\"C:\\Program Files\\dotnet\\sdk\\6.0.400\\vstest.console.dll\" enabled=\"True\" />\r\n    </Loggers>\r\n  </LoggerRunSettings>\r\n  <DataCollectionRunSettings>\r\n    <DataCollectors>\r\n      <DataCollector friendlyName=\"blame\" enabled=\"True\">\r\n        <Configuration>\r\n          <ResultsDirectory>C:\\Users\\u0995526\\Source\\Repos\\spreadsheet-ZacheyMIX\\Spreadsheet\\DependencyGraphTests\\bin\\Debug\\net6.0\\fine-code-coverage\\coverage-tool-output</ResultsDirectory>\r\n        </Configuration>\r\n      </DataCollector>\r\n    </DataCollectors>\r\n  </DataCollectionRunSettings>\r\n</RunSettings>",
  "TestExecutionContext": {
    "FrequencyOfRunStatsChangeEvent": 10,
    "RunStatsChangeEventTimeout": "00:00:01.5000000",
    "InIsolation": false,
    "KeepAlive": false,
    "AreTestCaseLevelEventsRequired": false,
    "IsDebug": false,
    "TestCaseFilter": null,
    "FilterOptions": null
  },
  "Package": null
}
TpTrace Verbose: 0 : 20520, 4, 2022/09/13, 12:32:03.043, 6122163732656, testhost.dll, TestPluginCache.DiscoverTestExtensions: finding test extensions in assemblies ends with: TestAdapter.dll TPluginInfo: Microsoft.VisualStudio.TestPlatform.Common.ExtensionFramework.Utilities.TestExecutorPluginInformation TExtension: Microsoft.VisualStudio.TestPlatform.ObjectModel.Adapter.ITestExecutor
TpTrace Verbose: 0 : 20520, 4, 2022/09/13, 12:32:03.044, 6122163746818, testhost.dll, TestPluginCache.GetExtensionPaths: Filtered extension paths: 
TpTrace Verbose: 0 : 20520, 4, 2022/09/13, 12:32:03.045, 6122163752619, testhost.dll, TestPluginCache.GetExtensionPaths: Added default extension paths: C:\Users\u0995526\Source\Repos\spreadsheet-ZacheyMIX\Spreadsheet\DependencyGraphTests\bin\Debug\net6.0\fine-code-coverage\build-output\Microsoft.VisualStudio.TestPlatform.MSTest.TestAdapter.dll
TpTrace Verbose: 0 : 20520, 4, 2022/09/13, 12:32:03.045, 6122163753411, testhost.dll, TestPluginCache.GetExtensionPaths: Added unfilterableExtensionPaths: 
TpTrace Information: 0 : 20520, 4, 2022/09/13, 12:32:03.047, 6122163776535, testhost.dll, AssemblyResolver.ctor: Creating AssemblyResolver with searchDirectories C:\Users\u0995526\Source\Repos\spreadsheet-ZacheyMIX\Spreadsheet\DependencyGraphTests\bin\Debug\net6.0\fine-code-coverage\build-output
TpTrace Verbose: 0 : 20520, 4, 2022/09/13, 12:32:03.049, 6122163796661, testhost.dll, TestPluginCache.DiscoverTestExtensions: Discovering the extensions using extension path.
TpTrace Verbose: 0 : 20520, 4, 2022/09/13, 12:32:03.049, 6122163799085, testhost.dll, TestPluginCache.GetExtensionPaths: Filtered extension paths: 
TpTrace Verbose: 0 : 20520, 4, 2022/09/13, 12:32:03.050, 6122163800038, testhost.dll, TestPluginCache.GetExtensionPaths: Added default extension paths: C:\Users\u0995526\Source\Repos\spreadsheet-ZacheyMIX\Spreadsheet\DependencyGraphTests\bin\Debug\net6.0\fine-code-coverage\build-output\Microsoft.VisualStudio.TestPlatform.MSTest.TestAdapter.dll
TpTrace Verbose: 0 : 20520, 4, 2022/09/13, 12:32:03.050, 6122163800779, testhost.dll, TestPluginCache.GetExtensionPaths: Added unfilterableExtensionPaths: 
TpTrace Verbose: 0 : 20520, 4, 2022/09/13, 12:32:03.050, 6122163802115, testhost.dll, TestPluginCache.DiscoverTestExtensions: Discovering the extensions using allExtensionPaths: C:\Users\u0995526\Source\Repos\spreadsheet-ZacheyMIX\Spreadsheet\DependencyGraphTests\bin\Debug\net6.0\fine-code-coverage\build-output\Microsoft.VisualStudio.TestPlatform.MSTest.TestAdapter.dll
TpTrace Information: 0 : 20520, 4, 2022/09/13, 12:32:03.051, 6122163818824, testhost.dll, AssemblyResolver.AddSearchDirectories: Adding more searchDirectories C:\Users\u0995526\Source\Repos\spreadsheet-ZacheyMIX\Spreadsheet\DependencyGraphTests\bin\Debug\net6.0\fine-code-coverage\build-output
TpTrace Information: 0 : 20520, 4, 2022/09/13, 12:32:03.062, 6122163926703, testhost.dll, AssemblyResolver.OnResolve: Microsoft.VisualStudio.TestPlatform.MSTest.TestAdapter: Resolving assembly.
TpTrace Information: 0 : 20520, 4, 2022/09/13, 12:32:03.062, 6122163928263, testhost.dll, AssemblyResolver.OnResolve: Microsoft.VisualStudio.TestPlatform.MSTest.TestAdapter: Searching in: 'C:\Users\u0995526\Source\Repos\spreadsheet-ZacheyMIX\Spreadsheet\DependencyGraphTests\bin\Debug\net6.0\fine-code-coverage\build-output'.
TpTrace Information: 0 : 20520, 4, 2022/09/13, 12:32:03.064, 6122163947634, testhost.dll, AssemblyResolver.OnResolve: Microsoft.VisualStudio.TestPlatform.MSTest.TestAdapter: Loading assembly 'C:\Users\u0995526\Source\Repos\spreadsheet-ZacheyMIX\Spreadsheet\DependencyGraphTests\bin\Debug\net6.0\fine-code-coverage\build-output\Microsoft.VisualStudio.TestPlatform.MSTest.TestAdapter.dll'.
TpTrace Information: 0 : 20520, 4, 2022/09/13, 12:32:03.065, 6122163957635, testhost.dll, AssemblyResolver.OnResolve: Resolved assembly: Microsoft.VisualStudio.TestPlatform.MSTest.TestAdapter, from path: C:\Users\u0995526\Source\Repos\spreadsheet-ZacheyMIX\Spreadsheet\DependencyGraphTests\bin\Debug\net6.0\fine-code-coverage\build-output\Microsoft.VisualStudio.TestPlatform.MSTest.TestAdapter.dll
TpTrace Verbose: 0 : 20520, 10, 2022/09/13, 12:32:03.085, 6122164156901, testhost.dll, TcpClientExtensions.MessageLoopAsync: Polling on remoteEndPoint: [::ffff:127.0.0.1]:52549 localEndPoint: [::ffff:127.0.0.1]:52550
TpTrace Verbose: 0 : 20520, 4, 2022/09/13, 12:32:03.095, 6122164258359, testhost.dll, TestPluginCache: Discovered the extensions using extension path ''.
TpTrace Verbose: 0 : 20520, 4, 2022/09/13, 12:32:03.096, 6122164266235, testhost.dll, TestPluginCache: Discoverers are ''.
TpTrace Verbose: 0 : 20520, 4, 2022/09/13, 12:32:03.096, 6122164267952, testhost.dll, TestPluginCache: Executors are 'executor://MSTestAdapter/v2'.
TpTrace Verbose: 0 : 20520, 4, 2022/09/13, 12:32:03.096, 6122164269485, testhost.dll, TestPluginCache: Executors2 are ''.
TpTrace Verbose: 0 : 20520, 4, 2022/09/13, 12:32:03.097, 6122164270772, testhost.dll, TestPluginCache: Setting providers are ''.
TpTrace Verbose: 0 : 20520, 4, 2022/09/13, 12:32:03.097, 6122164271663, testhost.dll, TestPluginCache: Loggers are ''.
TpTrace Verbose: 0 : 20520, 4, 2022/09/13, 12:32:03.101, 6122164313072, testhost.dll, TestPluginCache.DiscoverTestExtensions: finding test extensions in assemblies ends with: TestAdapter.dll TPluginInfo: Microsoft.VisualStudio.TestPlatform.Common.ExtensionFramework.Utilities.TestExecutorPluginInformation2 TExtension: Microsoft.VisualStudio.TestPlatform.ObjectModel.Adapter.ITestExecutor2
TpTrace Verbose: 0 : 20520, 4, 2022/09/13, 12:32:03.101, 6122164317524, testhost.dll, TestPluginCache.GetExtensionPaths: Filtered extension paths: 
TpTrace Verbose: 0 : 20520, 4, 2022/09/13, 12:32:03.101, 6122164318557, testhost.dll, TestPluginCache.GetExtensionPaths: Added default extension paths: C:\Users\u0995526\Source\Repos\spreadsheet-ZacheyMIX\Spreadsheet\DependencyGraphTests\bin\Debug\net6.0\fine-code-coverage\build-output\Microsoft.VisualStudio.TestPlatform.MSTest.TestAdapter.dll
TpTrace Verbose: 0 : 20520, 4, 2022/09/13, 12:32:03.101, 6122164319397, testhost.dll, TestPluginCache.GetExtensionPaths: Added unfilterableExtensionPaths: 
TpTrace Information: 0 : 20520, 4, 2022/09/13, 12:32:03.102, 6122164322652, testhost.dll, AssemblyResolver.AddSearchDirectories: Adding more searchDirectories C:\Users\u0995526\Source\Repos\spreadsheet-ZacheyMIX\Spreadsheet\DependencyGraphTests\bin\Debug\net6.0\fine-code-coverage\build-output
TpTrace Verbose: 0 : 20520, 4, 2022/09/13, 12:32:03.102, 6122164323654, testhost.dll, TestPluginCache.DiscoverTestExtensions: Discovering the extensions using extension path.
TpTrace Verbose: 0 : 20520, 4, 2022/09/13, 12:32:03.102, 6122164324471, testhost.dll, TestPluginCache.GetExtensionPaths: Filtered extension paths: 
TpTrace Verbose: 0 : 20520, 4, 2022/09/13, 12:32:03.102, 6122164325179, testhost.dll, TestPluginCache.GetExtensionPaths: Added default extension paths: C:\Users\u0995526\Source\Repos\spreadsheet-ZacheyMIX\Spreadsheet\DependencyGraphTests\bin\Debug\net6.0\fine-code-coverage\build-output\Microsoft.VisualStudio.TestPlatform.MSTest.TestAdapter.dll
TpTrace Verbose: 0 : 20520, 4, 2022/09/13, 12:32:03.102, 6122164325871, testhost.dll, TestPluginCache.GetExtensionPaths: Added unfilterableExtensionPaths: 
TpTrace Verbose: 0 : 20520, 4, 2022/09/13, 12:32:03.102, 6122164326612, testhost.dll, TestPluginCache.DiscoverTestExtensions: Discovering the extensions using allExtensionPaths: C:\Users\u0995526\Source\Repos\spreadsheet-ZacheyMIX\Spreadsheet\DependencyGraphTests\bin\Debug\net6.0\fine-code-coverage\build-output\Microsoft.VisualStudio.TestPlatform.MSTest.TestAdapter.dll
TpTrace Information: 0 : 20520, 4, 2022/09/13, 12:32:03.102, 6122164327646, testhost.dll, AssemblyResolver.AddSearchDirectories: Adding more searchDirectories C:\Users\u0995526\Source\Repos\spreadsheet-ZacheyMIX\Spreadsheet\DependencyGraphTests\bin\Debug\net6.0\fine-code-coverage\build-output
TpTrace Verbose: 0 : 20520, 4, 2022/09/13, 12:32:03.103, 6122164331522, testhost.dll, TestPluginCache: Discovered the extensions using extension path ''.
TpTrace Verbose: 0 : 20520, 4, 2022/09/13, 12:32:03.103, 6122164332371, testhost.dll, TestPluginCache: Discoverers are ''.
TpTrace Verbose: 0 : 20520, 4, 2022/09/13, 12:32:03.103, 6122164333249, testhost.dll, TestPluginCache: Executors are 'executor://MSTestAdapter/v2'.
TpTrace Verbose: 0 : 20520, 4, 2022/09/13, 12:32:03.103, 6122164334879, testhost.dll, TestPluginCache: Executors2 are ''.
TpTrace Verbose: 0 : 20520, 4, 2022/09/13, 12:32:03.103, 6122164336105, testhost.dll, TestPluginCache: Setting providers are ''.
TpTrace Verbose: 0 : 20520, 4, 2022/09/13, 12:32:03.103, 6122164336594, testhost.dll, TestPluginCache: Loggers are ''.
TpTrace Information: 0 : 20520, 4, 2022/09/13, 12:32:03.110, 6122164403492, testhost.dll, TestPluginManager.CreateTestExtension: Attempting to load test extension: Microsoft.VisualStudio.TestPlatform.MSTest.TestAdapter.MSTestExecutor
TpTrace Verbose: 0 : 20520, 4, 2022/09/13, 12:32:03.120, 6122164508464, testhost.dll, TestExecutorExtensionManager: Loading executor Microsoft.VisualStudio.TestPlatform.MSTest.TestAdapter.MSTestExecutor
TpTrace Verbose: 0 : 20520, 4, 2022/09/13, 12:32:03.120, 6122164509740, testhost.dll, TestExecutorService: Loaded the executors
TpTrace Verbose: 0 : 20520, 4, 2022/09/13, 12:32:03.122, 6122164523007, testhost.dll, TestPluginCache.DiscoverTestExtensions: finding test extensions in assemblies ends with: TestAdapter.dll TPluginInfo: Microsoft.VisualStudio.TestPlatform.Common.ExtensionFramework.Utilities.TestSettingsProviderPluginInformation TExtension: Microsoft.VisualStudio.TestPlatform.ObjectModel.Adapter.ISettingsProvider
TpTrace Verbose: 0 : 20520, 4, 2022/09/13, 12:32:03.122, 6122164524790, testhost.dll, TestPluginCache.GetExtensionPaths: Filtered extension paths: 
TpTrace Verbose: 0 : 20520, 4, 2022/09/13, 12:32:03.122, 6122164525668, testhost.dll, TestPluginCache.GetExtensionPaths: Added default extension paths: C:\Users\u0995526\Source\Repos\spreadsheet-ZacheyMIX\Spreadsheet\DependencyGraphTests\bin\Debug\net6.0\fine-code-coverage\build-output\Microsoft.VisualStudio.TestPlatform.MSTest.TestAdapter.dll
TpTrace Verbose: 0 : 20520, 4, 2022/09/13, 12:32:03.122, 6122164526100, testhost.dll, TestPluginCache.GetExtensionPaths: Added unfilterableExtensionPaths: 
TpTrace Information: 0 : 20520, 4, 2022/09/13, 12:32:03.122, 6122164528041, testhost.dll, AssemblyResolver.AddSearchDirectories: Adding more searchDirectories C:\Users\u0995526\Source\Repos\spreadsheet-ZacheyMIX\Spreadsheet\DependencyGraphTests\bin\Debug\net6.0\fine-code-coverage\build-output
TpTrace Verbose: 0 : 20520, 4, 2022/09/13, 12:32:03.122, 6122164528633, testhost.dll, TestPluginCache.DiscoverTestExtensions: Discovering the extensions using extension path.
TpTrace Verbose: 0 : 20520, 4, 2022/09/13, 12:32:03.122, 6122164529067, testhost.dll, TestPluginCache.GetExtensionPaths: Filtered extension paths: 
TpTrace Verbose: 0 : 20520, 4, 2022/09/13, 12:32:03.122, 6122164529446, testhost.dll, TestPluginCache.GetExtensionPaths: Added default extension paths: C:\Users\u0995526\Source\Repos\spreadsheet-ZacheyMIX\Spreadsheet\DependencyGraphTests\bin\Debug\net6.0\fine-code-coverage\build-output\Microsoft.VisualStudio.TestPlatform.MSTest.TestAdapter.dll
TpTrace Verbose: 0 : 20520, 4, 2022/09/13, 12:32:03.123, 6122164529888, testhost.dll, TestPluginCache.GetExtensionPaths: Added unfilterableExtensionPaths: 
TpTrace Verbose: 0 : 20520, 4, 2022/09/13, 12:32:03.123, 6122164530304, testhost.dll, TestPluginCache.DiscoverTestExtensions: Discovering the extensions using allExtensionPaths: C:\Users\u0995526\Source\Repos\spreadsheet-ZacheyMIX\Spreadsheet\DependencyGraphTests\bin\Debug\net6.0\fine-code-coverage\build-output\Microsoft.VisualStudio.TestPlatform.MSTest.TestAdapter.dll
TpTrace Information: 0 : 20520, 4, 2022/09/13, 12:32:03.123, 6122164530854, testhost.dll, AssemblyResolver.AddSearchDirectories: Adding more searchDirectories C:\Users\u0995526\Source\Repos\spreadsheet-ZacheyMIX\Spreadsheet\DependencyGraphTests\bin\Debug\net6.0\fine-code-coverage\build-output
TpTrace Verbose: 0 : 20520, 4, 2022/09/13, 12:32:03.123, 6122164533670, testhost.dll, TestPluginCache: Discovered the extensions using extension path ''.
TpTrace Verbose: 0 : 20520, 4, 2022/09/13, 12:32:03.123, 6122164534245, testhost.dll, TestPluginCache: Discoverers are ''.
TpTrace Verbose: 0 : 20520, 4, 2022/09/13, 12:32:03.123, 6122164534664, testhost.dll, TestPluginCache: Executors are 'executor://MSTestAdapter/v2'.
TpTrace Verbose: 0 : 20520, 4, 2022/09/13, 12:32:03.123, 6122164535098, testhost.dll, TestPluginCache: Executors2 are ''.
TpTrace Verbose: 0 : 20520, 4, 2022/09/13, 12:32:03.123, 6122164535688, testhost.dll, TestPluginCache: Setting providers are ''.
TpTrace Verbose: 0 : 20520, 4, 2022/09/13, 12:32:03.123, 6122164536079, testhost.dll, TestPluginCache: Loggers are ''.
TpTrace Verbose: 0 : 20520, 4, 2022/09/13, 12:32:03.124, 6122164548027, testhost.dll, TestExecutorService: Loaded the settings providers
TpTrace Information: 0 : 20520, 4, 2022/09/13, 12:32:03.124, 6122164548750, testhost.dll, TestExecutorService: Loaded the extensions
TpTrace Information: 0 : 20520, 4, 2022/09/13, 12:32:03.125, 6122164555317, testhost.dll, TestRequestHandler.OnMessageReceived: Running job 'TestExecution.StartWithSources'.
TpTrace Information: 0 : 20520, 4, 2022/09/13, 12:32:03.237, 6122165679267, testhost.dll, TestDiscoveryManager: Discovering tests from sources C:\Users\u0995526\Source\Repos\spreadsheet-ZacheyMIX\Spreadsheet\DependencyGraphTests\bin\Debug\net6.0\fine-code-coverage\build-output\DependencyGraphTests.dll
TpTrace Verbose: 0 : 20520, 4, 2022/09/13, 12:32:03.243, 6122165735722, testhost.dll, TestPluginCache.DiscoverTestExtensions: finding test extensions in assemblies ends with: TestAdapter.dll TPluginInfo: Microsoft.VisualStudio.TestPlatform.Common.ExtensionFramework.Utilities.TestDiscovererPluginInformation TExtension: Microsoft.VisualStudio.TestPlatform.ObjectModel.Adapter.ITestDiscoverer
TpTrace Verbose: 0 : 20520, 4, 2022/09/13, 12:32:03.243, 6122165737796, testhost.dll, TestPluginCache.GetExtensionPaths: Filtered extension paths: 
TpTrace Verbose: 0 : 20520, 4, 2022/09/13, 12:32:03.243, 6122165738657, testhost.dll, TestPluginCache.GetExtensionPaths: Added default extension paths: C:\Users\u0995526\Source\Repos\spreadsheet-ZacheyMIX\Spreadsheet\DependencyGraphTests\bin\Debug\net6.0\fine-code-coverage\build-output\Microsoft.VisualStudio.TestPlatform.MSTest.TestAdapter.dll
TpTrace Verbose: 0 : 20520, 4, 2022/09/13, 12:32:03.243, 6122165739349, testhost.dll, TestPluginCache.GetExtensionPaths: Added unfilterableExtensionPaths: 
TpTrace Information: 0 : 20520, 4, 2022/09/13, 12:32:03.244, 6122165741961, testhost.dll, AssemblyResolver.AddSearchDirectories: Adding more searchDirectories C:\Users\u0995526\Source\Repos\spreadsheet-ZacheyMIX\Spreadsheet\DependencyGraphTests\bin\Debug\net6.0\fine-code-coverage\build-output
TpTrace Verbose: 0 : 20520, 4, 2022/09/13, 12:32:03.244, 6122165742852, testhost.dll, TestPluginCache.DiscoverTestExtensions: Discovering the extensions using extension path.
TpTrace Verbose: 0 : 20520, 4, 2022/09/13, 12:32:03.244, 6122165743613, testhost.dll, TestPluginCache.GetExtensionPaths: Filtered extension paths: 
TpTrace Verbose: 0 : 20520, 4, 2022/09/13, 12:32:03.244, 6122165744415, testhost.dll, TestPluginCache.GetExtensionPaths: Added default extension paths: C:\Users\u0995526\Source\Repos\spreadsheet-ZacheyMIX\Spreadsheet\DependencyGraphTests\bin\Debug\net6.0\fine-code-coverage\build-output\Microsoft.VisualStudio.TestPlatform.MSTest.TestAdapter.dll
TpTrace Verbose: 0 : 20520, 4, 2022/09/13, 12:32:03.244, 6122165745088, testhost.dll, TestPluginCache.GetExtensionPaths: Added unfilterableExtensionPaths: 
TpTrace Verbose: 0 : 20520, 4, 2022/09/13, 12:32:03.244, 6122165745933, testhost.dll, TestPluginCache.DiscoverTestExtensions: Discovering the extensions using allExtensionPaths: C:\Users\u0995526\Source\Repos\spreadsheet-ZacheyMIX\Spreadsheet\DependencyGraphTests\bin\Debug\net6.0\fine-code-coverage\build-output\Microsoft.VisualStudio.TestPlatform.MSTest.TestAdapter.dll
TpTrace Information: 0 : 20520, 4, 2022/09/13, 12:32:03.244, 6122165746989, testhost.dll, AssemblyResolver.AddSearchDirectories: Adding more searchDirectories C:\Users\u0995526\Source\Repos\spreadsheet-ZacheyMIX\Spreadsheet\DependencyGraphTests\bin\Debug\net6.0\fine-code-coverage\build-output
TpTrace Verbose: 0 : 20520, 4, 2022/09/13, 12:32:03.248, 6122165780594, testhost.dll, TestPluginCache: Discovered the extensions using extension path ''.
TpTrace Verbose: 0 : 20520, 4, 2022/09/13, 12:32:03.248, 6122165782213, testhost.dll, TestPluginCache: Discoverers are 'Microsoft.VisualStudio.TestPlatform.MSTest.TestAdapter.MSTestDiscoverer, Microsoft.VisualStudio.TestPlatform.MSTest.TestAdapter, Version=14.0.0.0, Culture=neutral, PublicKeyToken=b03f5f7f11d50a3a'.
TpTrace Verbose: 0 : 20520, 4, 2022/09/13, 12:32:03.248, 6122165783103, testhost.dll, TestPluginCache: Executors are 'executor://MSTestAdapter/v2'.
TpTrace Verbose: 0 : 20520, 4, 2022/09/13, 12:32:03.248, 6122165783829, testhost.dll, TestPluginCache: Executors2 are ''.
TpTrace Verbose: 0 : 20520, 4, 2022/09/13, 12:32:03.248, 6122165784478, testhost.dll, TestPluginCache: Setting providers are ''.
TpTrace Verbose: 0 : 20520, 4, 2022/09/13, 12:32:03.248, 6122165785106, testhost.dll, TestPluginCache: Loggers are ''.
TpTrace Verbose: 0 : 20520, 4, 2022/09/13, 12:32:03.257, 6122165876139, testhost.dll, BaseRunTests.RunTestInternalWithExecutors: Running tests for executor://MSTestAdapter/v2
TpTrace Information: 0 : 20520, 4, 2022/09/13, 12:32:03.258, 6122165882406, testhost.dll, AssemblyResolver.OnResolve: Microsoft.VisualStudio.TestPlatform.MSTestAdapter.PlatformServices.Interface: Resolving assembly.
TpTrace Information: 0 : 20520, 4, 2022/09/13, 12:32:03.258, 6122165883785, testhost.dll, AssemblyResolver.OnResolve: Microsoft.VisualStudio.TestPlatform.MSTestAdapter.PlatformServices.Interface: Searching in: 'C:\Users\u0995526\Source\Repos\spreadsheet-ZacheyMIX\Spreadsheet\DependencyGraphTests\bin\Debug\net6.0\fine-code-coverage\build-output'.
TpTrace Information: 0 : 20520, 4, 2022/09/13, 12:32:03.258, 6122165887596, testhost.dll, AssemblyResolver.OnResolve: Microsoft.VisualStudio.TestPlatform.MSTestAdapter.PlatformServices.Interface: Loading assembly 'C:\Users\u0995526\Source\Repos\spreadsheet-ZacheyMIX\Spreadsheet\DependencyGraphTests\bin\Debug\net6.0\fine-code-coverage\build-output\Microsoft.VisualStudio.TestPlatform.MSTestAdapter.PlatformServices.Interface.dll'.
TpTrace Information: 0 : 20520, 4, 2022/09/13, 12:32:03.259, 6122165891481, testhost.dll, AssemblyResolver.OnResolve: Resolved assembly: Microsoft.VisualStudio.TestPlatform.MSTestAdapter.PlatformServices.Interface, from path: C:\Users\u0995526\Source\Repos\spreadsheet-ZacheyMIX\Spreadsheet\DependencyGraphTests\bin\Debug\net6.0\fine-code-coverage\build-output\Microsoft.VisualStudio.TestPlatform.MSTestAdapter.PlatformServices.Interface.dll
TpTrace Information: 0 : 20520, 4, 2022/09/13, 12:32:03.260, 6122165904260, testhost.dll, AssemblyResolver.OnResolve: Microsoft.VisualStudio.TestPlatform.MSTestAdapter.PlatformServices: Resolving assembly.
TpTrace Information: 0 : 20520, 4, 2022/09/13, 12:32:03.260, 6122165905250, testhost.dll, AssemblyResolver.OnResolve: Microsoft.VisualStudio.TestPlatform.MSTestAdapter.PlatformServices: Searching in: 'C:\Users\u0995526\Source\Repos\spreadsheet-ZacheyMIX\Spreadsheet\DependencyGraphTests\bin\Debug\net6.0\fine-code-coverage\build-output'.
TpTrace Information: 0 : 20520, 4, 2022/09/13, 12:32:03.260, 6122165908280, testhost.dll, AssemblyResolver.OnResolve: Microsoft.VisualStudio.TestPlatform.MSTestAdapter.PlatformServices: Loading assembly 'C:\Users\u0995526\Source\Repos\spreadsheet-ZacheyMIX\Spreadsheet\DependencyGraphTests\bin\Debug\net6.0\fine-code-coverage\build-output\Microsoft.VisualStudio.TestPlatform.MSTestAdapter.PlatformServices.dll'.
TpTrace Information: 0 : 20520, 4, 2022/09/13, 12:32:03.261, 6122165912261, testhost.dll, AssemblyResolver.OnResolve: Resolved assembly: Microsoft.VisualStudio.TestPlatform.MSTestAdapter.PlatformServices, from path: C:\Users\u0995526\Source\Repos\spreadsheet-ZacheyMIX\Spreadsheet\DependencyGraphTests\bin\Debug\net6.0\fine-code-coverage\build-output\Microsoft.VisualStudio.TestPlatform.MSTestAdapter.PlatformServices.dll
TpTrace Information: 0 : 20520, 4, 2022/09/13, 12:32:03.261, 6122165916050, testhost.dll, MSTest - MSTestExecutor.RunTests: Running tests from sources.
TpTrace Information: 0 : 20520, 4, 2022/09/13, 12:32:03.265, 6122165956088, testhost.dll, MSTest - CollectSourceInformation value Found : False 
TpTrace Information: 0 : 20520, 4, 2022/09/13, 12:32:03.298, 6122166280341, testhost.dll, MSTest - DictionaryHelper.ConcatWithOverwrites: The source is null or empty, returning the overwrite dictionary.
TpTrace Information: 0 : 20520, 4, 2022/09/13, 12:32:03.307, 6122166378246, testhost.dll, MSTest - DictionaryHelper.ConcatWithOverwrites: The source is null or empty, returning the overwrite dictionary.
TpTrace Information: 0 : 20520, 4, 2022/09/13, 12:32:03.318, 6122166483262, testhost.dll, AssemblyResolver.OnResolve: Microsoft.TestPlatform.AdapterUtilities: Resolving assembly.
TpTrace Information: 0 : 20520, 4, 2022/09/13, 12:32:03.318, 6122166484437, testhost.dll, AssemblyResolver.OnResolve: Microsoft.TestPlatform.AdapterUtilities: Searching in: 'C:\Users\u0995526\Source\Repos\spreadsheet-ZacheyMIX\Spreadsheet\DependencyGraphTests\bin\Debug\net6.0\fine-code-coverage\build-output'.
TpTrace Information: 0 : 20520, 4, 2022/09/13, 12:32:03.318, 6122166487790, testhost.dll, AssemblyResolver.OnResolve: Microsoft.TestPlatform.AdapterUtilities: Loading assembly 'C:\Users\u0995526\Source\Repos\spreadsheet-ZacheyMIX\Spreadsheet\DependencyGraphTests\bin\Debug\net6.0\fine-code-coverage\build-output\Microsoft.TestPlatform.AdapterUtilities.dll'.
TpTrace Information: 0 : 20520, 4, 2022/09/13, 12:32:03.319, 6122166491692, testhost.dll, AssemblyResolver.OnResolve: Resolved assembly: Microsoft.TestPlatform.AdapterUtilities, from path: C:\Users\u0995526\Source\Repos\spreadsheet-ZacheyMIX\Spreadsheet\DependencyGraphTests\bin\Debug\net6.0\fine-code-coverage\build-output\Microsoft.TestPlatform.AdapterUtilities.dll
TpTrace Information: 0 : 20520, 4, 2022/09/13, 12:32:03.361, 6122166910978, testhost.dll, MSTest - DictionaryHelper.ConcatWithOverwrites: The source is null or empty, returning the overwrite dictionary.
TpTrace Information: 0 : 20520, 4, 2022/09/13, 12:32:03.361, 6122166913857, testhost.dll, MSTest - MSTestDiscoverer: Found 47 tests from source C:\Users\u0995526\Source\Repos\spreadsheet-ZacheyMIX\Spreadsheet\DependencyGraphTests\bin\Debug\net6.0\fine-code-coverage\build-output\DependencyGraphTests.dll
TpTrace Information: 0 : 20520, 4, 2022/09/13, 12:32:03.384, 6122167147514, testhost.dll, AssemblyResolver.OnResolve: Microsoft.VisualStudio.TestPlatform.MSTestAdapter.PlatformServices.resources: Resolving assembly.
TpTrace Information: 0 : 20520, 4, 2022/09/13, 12:32:03.384, 6122167148694, testhost.dll, AssemblyResolver.OnResolve: Microsoft.VisualStudio.TestPlatform.MSTestAdapter.PlatformServices.resources: Searching in: 'C:\Users\u0995526\Source\Repos\spreadsheet-ZacheyMIX\Spreadsheet\DependencyGraphTests\bin\Debug\net6.0\fine-code-coverage\build-output'.
TpTrace Information: 0 : 20520, 4, 2022/09/13, 12:32:03.384, 6122167149809, testhost.dll, AssemblyResolver.OnResolve: Microsoft.VisualStudio.TestPlatform.MSTestAdapter.PlatformServices.resources: Assembly path does not exist: 'C:\Users\u0995526\Source\Repos\spreadsheet-ZacheyMIX\Spreadsheet\DependencyGraphTests\bin\Debug\net6.0\fine-code-coverage\build-output\Microsoft.VisualStudio.TestPlatform.MSTestAdapter.PlatformServices.resources.dll', returning.
TpTrace Information: 0 : 20520, 4, 2022/09/13, 12:32:03.385, 6122167150777, testhost.dll, AssemblyResolver.OnResolve: Microsoft.VisualStudio.TestPlatform.MSTestAdapter.PlatformServices.resources: Assembly path does not exist: 'C:\Users\u0995526\Source\Repos\spreadsheet-ZacheyMIX\Spreadsheet\DependencyGraphTests\bin\Debug\net6.0\fine-code-coverage\build-output\Microsoft.VisualStudio.TestPlatform.MSTestAdapter.PlatformServices.resources.exe', returning.
TpTrace Information: 0 : 20520, 4, 2022/09/13, 12:32:03.385, 6122167151228, testhost.dll, AssemblyResolver.OnResolve: Microsoft.VisualStudio.TestPlatform.MSTestAdapter.PlatformServices.resources: Failed to load assembly.
TpTrace Information: 0 : 20520, 4, 2022/09/13, 12:32:03.385, 6122167154718, testhost.dll, AssemblyResolver.OnResolve: Microsoft.VisualStudio.TestPlatform.MSTestAdapter.PlatformServices.resources: Resolving assembly.
TpTrace Information: 0 : 20520, 4, 2022/09/13, 12:32:03.385, 6122167156036, testhost.dll, AssemblyResolver.OnResolve: Microsoft.VisualStudio.TestPlatform.MSTestAdapter.PlatformServices.resources: Resolved from cache.
TpTrace Information: 0 : 20520, 4, 2022/09/13, 12:32:03.404, 6122167342225, testhost.dll, MSTest - Created unit-test runner C:\Users\u0995526\Source\Repos\spreadsheet-ZacheyMIX\Spreadsheet\DependencyGraphTests\bin\Debug\net6.0\fine-code-coverage\build-output\DependencyGraphTests.dll
TpTrace Verbose: 0 : 20520, 4, 2022/09/13, 12:32:03.418, 6122167480683, testhost.dll, TestExecutionRecorder.RecordStart: Starting test: PS2GradingTests.DependencyGraphTest.TestZeroSize.
TpTrace Information: 0 : 20520, 4, 2022/09/13, 12:32:03.517, 6122168471445, testhost.dll, MSTest - Executing test TestZeroSize
TpTrace Information: 0 : 20520, 4, 2022/09/13, 12:32:03.563, 6122168932225, testhost.dll, MSTest - Executed test TestZeroSize
TpTrace Verbose: 0 : 20520, 4, 2022/09/13, 12:32:03.569, 6122168993354, testhost.dll, TestExecutionRecorder.RecordEnd: test: PS2GradingTests.DependencyGraphTest.TestZeroSize execution completed.
TpTrace Verbose: 0 : 20520, 4, 2022/09/13, 12:32:03.587, 6122169172390, testhost.dll, TestExecutionRecorder.RecordResult: Received result for test: PS2GradingTests.DependencyGraphTest.TestZeroSize.
TpTrace Warning: 0 : 20520, 4, 2022/09/13, 12:32:03.594, 6122169243121, testhost.dll, TestRunCache: InProgressTests is null
TpTrace Warning: 0 : 20520, 4, 2022/09/13, 12:32:03.594, 6122169245366, testhost.dll, TestRunCache: No test found corresponding to testResult 'TestZeroSize' in inProgress list.
TpTrace Verbose: 0 : 20520, 4, 2022/09/13, 12:32:03.594, 6122169246478, testhost.dll, TestExecutionRecorder.RecordStart: Starting test: PS2GradingTests.DependencyGraphTest.TestNoDepends.
TpTrace Information: 0 : 20520, 4, 2022/09/13, 12:32:03.596, 6122169265870, testhost.dll, MSTest - Executing test TestNoDepends
TpTrace Information: 0 : 20520, 11, 2022/09/13, 12:32:03.600, 6122169305305, testhost.dll, AssemblyResolver.OnResolve: Microsoft.VisualStudio.TestPlatform.MSTest.TestAdapter.resources: Resolving assembly.
TpTrace Information: 0 : 20520, 11, 2022/09/13, 12:32:03.600, 6122169306552, testhost.dll, AssemblyResolver.OnResolve: Microsoft.VisualStudio.TestPlatform.MSTest.TestAdapter.resources: Searching in: 'C:\Users\u0995526\Source\Repos\spreadsheet-ZacheyMIX\Spreadsheet\DependencyGraphTests\bin\Debug\net6.0\fine-code-coverage\build-output'.
TpTrace Information: 0 : 20520, 11, 2022/09/13, 12:32:03.600, 6122169308163, testhost.dll, AssemblyResolver.OnResolve: Microsoft.VisualStudio.TestPlatform.MSTest.TestAdapter.resources: Assembly path does not exist: 'C:\Users\u0995526\Source\Repos\spreadsheet-ZacheyMIX\Spreadsheet\DependencyGraphTests\bin\Debug\net6.0\fine-code-coverage\build-output\Microsoft.VisualStudio.TestPlatform.MSTest.TestAdapter.resources.dll', returning.
TpTrace Information: 0 : 20520, 11, 2022/09/13, 12:32:03.600, 6122169309278, testhost.dll, AssemblyResolver.OnResolve: Microsoft.VisualStudio.TestPlatform.MSTest.TestAdapter.resources: Assembly path does not exist: 'C:\Users\u0995526\Source\Repos\spreadsheet-ZacheyMIX\Spreadsheet\DependencyGraphTests\bin\Debug\net6.0\fine-code-coverage\build-output\Microsoft.VisualStudio.TestPlatform.MSTest.TestAdapter.resources.exe', returning.
TpTrace Information: 0 : 20520, 11, 2022/09/13, 12:32:03.601, 6122169309882, testhost.dll, AssemblyResolver.OnResolve: Microsoft.VisualStudio.TestPlatform.MSTest.TestAdapter.resources: Failed to load assembly.
TpTrace Information: 0 : 20520, 4, 2022/09/13, 12:32:03.637, 6122169678160, testhost.dll, MSTest - Executed test TestNoDepends
TpTrace Verbose: 0 : 20520, 4, 2022/09/13, 12:32:03.637, 6122169679377, testhost.dll, TestExecutionRecorder.RecordEnd: test: PS2GradingTests.DependencyGraphTest.TestNoDepends execution completed.
TpTrace Information: 0 : 20520, 4, 2022/09/13, 12:32:03.640, 6122169700920, testhost.dll, MSTest - MSTestExecutor:Test PS2GradingTests.DependencyGraphTest.TestNoDepends failed. ErrorMessage:Test method PS2GradingTests.DependencyGraphTest.TestNoDepends threw exception: 
System.Collections.Generic.KeyNotFoundException: The given key 'x' was not present in the dictionary., ErrorStackTrace:    at System.Collections.Generic.Dictionary`2.get_Item(TKey key)
   at SpreadsheetUtilities.DependencyGraph.get_Item(String s) in C:\Users\u0995526\Source\Repos\spreadsheet-ZacheyMIX\Spreadsheet\DependencyGraph\DependencyGraph.cs:line 91
   at SpreadsheetUtilities.DependencyGraph.HasDependees(String s) in C:\Users\u0995526\Source\Repos\spreadsheet-ZacheyMIX\Spreadsheet\DependencyGraph\DependencyGraph.cs:line 114
   at PS2GradingTests.DependencyGraphTest.TestNoDepends() in C:\Users\u0995526\Source\Repos\spreadsheet-ZacheyMIX\Spreadsheet\DependencyGraphTests\DependencyGraphTests.cs:line 40
.
TpTrace Verbose: 0 : 20520, 4, 2022/09/13, 12:32:03.640, 6122169702032, testhost.dll, TestExecutionRecorder.RecordResult: Received result for test: PS2GradingTests.DependencyGraphTest.TestNoDepends.
TpTrace Warning: 0 : 20520, 4, 2022/09/13, 12:32:03.640, 6122169702878, testhost.dll, TestRunCache: InProgressTests is null
TpTrace Warning: 0 : 20520, 4, 2022/09/13, 12:32:03.640, 6122169703319, testhost.dll, TestRunCache: No test found corresponding to testResult 'TestNoDepends' in inProgress list.
TpTrace Verbose: 0 : 20520, 4, 2022/09/13, 12:32:03.640, 6122169704012, testhost.dll, TestExecutionRecorder.RecordStart: Starting test: PS2GradingTests.DependencyGraphTest.TestEmptyEnumerator.
TpTrace Information: 0 : 20520, 4, 2022/09/13, 12:32:03.647, 6122169779687, testhost.dll, MSTest - Executing test TestEmptyEnumerator
TpTrace Information: 0 : 20520, 4, 2022/09/13, 12:32:03.649, 6122169794075, testhost.dll, MSTest - Executed test TestEmptyEnumerator
TpTrace Verbose: 0 : 20520, 4, 2022/09/13, 12:32:03.649, 6122169795648, testhost.dll, TestExecutionRecorder.RecordEnd: test: PS2GradingTests.DependencyGraphTest.TestEmptyEnumerator execution completed.
TpTrace Verbose: 0 : 20520, 4, 2022/09/13, 12:32:03.651, 6122169814264, testhost.dll, TestExecutionRecorder.RecordResult: Received result for test: PS2GradingTests.DependencyGraphTest.TestEmptyEnumerator.
TpTrace Warning: 0 : 20520, 4, 2022/09/13, 12:32:03.651, 6122169815422, testhost.dll, TestRunCache: InProgressTests is null
TpTrace Warning: 0 : 20520, 4, 2022/09/13, 12:32:03.651, 6122169815913, testhost.dll, TestRunCache: No test found corresponding to testResult 'TestEmptyEnumerator' in inProgress list.
TpTrace Verbose: 0 : 20520, 4, 2022/09/13, 12:32:03.651, 6122169816665, testhost.dll, TestExecutionRecorder.RecordStart: Starting test: PS2GradingTests.DependencyGraphTest.TestEmptyIndexer.
TpTrace Information: 0 : 20520, 4, 2022/09/13, 12:32:03.653, 6122169831369, testhost.dll, MSTest - Executing test TestEmptyIndexer
TpTrace Information: 0 : 20520, 4, 2022/09/13, 12:32:03.654, 6122169845474, testhost.dll, MSTest - Executed test TestEmptyIndexer
TpTrace Verbose: 0 : 20520, 4, 2022/09/13, 12:32:03.654, 6122169846529, testhost.dll, TestExecutionRecorder.RecordEnd: test: PS2GradingTests.DependencyGraphTest.TestEmptyIndexer execution completed.
TpTrace Information: 0 : 20520, 4, 2022/09/13, 12:32:03.656, 6122169864837, testhost.dll, MSTest - MSTestExecutor:Test PS2GradingTests.DependencyGraphTest.TestEmptyIndexer failed. ErrorMessage:Test method PS2GradingTests.DependencyGraphTest.TestEmptyIndexer threw exception: 
System.Collections.Generic.KeyNotFoundException: The given key 'x' was not present in the dictionary., ErrorStackTrace:    at System.Collections.Generic.Dictionary`2.get_Item(TKey key)
   at SpreadsheetUtilities.DependencyGraph.get_Item(String s) in C:\Users\u0995526\Source\Repos\spreadsheet-ZacheyMIX\Spreadsheet\DependencyGraph\DependencyGraph.cs:line 91
   at PS2GradingTests.DependencyGraphTest.TestEmptyIndexer() in C:\Users\u0995526\Source\Repos\spreadsheet-ZacheyMIX\Spreadsheet\DependencyGraphTests\DependencyGraphTests.cs:line 64
.
TpTrace Verbose: 0 : 20520, 4, 2022/09/13, 12:32:03.656, 6122169866124, testhost.dll, TestExecutionRecorder.RecordResult: Received result for test: PS2GradingTests.DependencyGraphTest.TestEmptyIndexer.
TpTrace Warning: 0 : 20520, 4, 2022/09/13, 12:32:03.656, 6122169867217, testhost.dll, TestRunCache: InProgressTests is null
TpTrace Warning: 0 : 20520, 4, 2022/09/13, 12:32:03.656, 6122169868116, testhost.dll, TestRunCache: No test found corresponding to testResult 'TestEmptyIndexer' in inProgress list.
TpTrace Verbose: 0 : 20520, 4, 2022/09/13, 12:32:03.656, 6122169869231, testhost.dll, TestExecutionRecorder.RecordStart: Starting test: PS2GradingTests.DependencyGraphTest.TestRemoveFromEmpty.
TpTrace Information: 0 : 20520, 4, 2022/09/13, 12:32:03.658, 6122169887346, testhost.dll, MSTest - Executing test TestRemoveFromEmpty
TpTrace Information: 0 : 20520, 4, 2022/09/13, 12:32:03.660, 6122169905250, testhost.dll, MSTest - Executed test TestRemoveFromEmpty
TpTrace Verbose: 0 : 20520, 4, 2022/09/13, 12:32:03.660, 6122169906284, testhost.dll, TestExecutionRecorder.RecordEnd: test: PS2GradingTests.DependencyGraphTest.TestRemoveFromEmpty execution completed.
TpTrace Information: 0 : 20520, 4, 2022/09/13, 12:32:03.662, 6122169922665, testhost.dll, MSTest - MSTestExecutor:Test PS2GradingTests.DependencyGraphTest.TestRemoveFromEmpty failed. ErrorMessage:Test method PS2GradingTests.DependencyGraphTest.TestRemoveFromEmpty threw exception: 
System.ArgumentException: Pair does not exist, ErrorStackTrace:    at SpreadsheetUtilities.DependencyGraph.RemoveDependency(String s, String t) in C:\Users\u0995526\Source\Repos\spreadsheet-ZacheyMIX\Spreadsheet\DependencyGraph\DependencyGraph.cs:line 224
   at PS2GradingTests.DependencyGraphTest.TestRemoveFromEmpty() in C:\Users\u0995526\Source\Repos\spreadsheet-ZacheyMIX\Spreadsheet\DependencyGraphTests\DependencyGraphTests.cs:line 75
.
TpTrace Verbose: 0 : 20520, 4, 2022/09/13, 12:32:03.662, 6122169923705, testhost.dll, TestExecutionRecorder.RecordResult: Received result for test: PS2GradingTests.DependencyGraphTest.TestRemoveFromEmpty.
TpTrace Warning: 0 : 20520, 4, 2022/09/13, 12:32:03.662, 6122169924801, testhost.dll, TestRunCache: InProgressTests is null
TpTrace Warning: 0 : 20520, 4, 2022/09/13, 12:32:03.662, 6122169925571, testhost.dll, TestRunCache: No test found corresponding to testResult 'TestRemoveFromEmpty' in inProgress list.
TpTrace Verbose: 0 : 20520, 4, 2022/09/13, 12:32:03.662, 6122169926666, testhost.dll, TestExecutionRecorder.RecordStart: Starting test: PS2GradingTests.DependencyGraphTest.TestReplaceEmpty.
TpTrace Information: 0 : 20520, 4, 2022/09/13, 12:32:03.664, 6122169946026, testhost.dll, MSTest - Executing test TestReplaceEmpty
TpTrace Information: 0 : 20520, 4, 2022/09/13, 12:32:03.665, 6122169959510, testhost.dll, MSTest - Executed test TestReplaceEmpty
TpTrace Verbose: 0 : 20520, 4, 2022/09/13, 12:32:03.666, 6122169960655, testhost.dll, TestExecutionRecorder.RecordEnd: test: PS2GradingTests.DependencyGraphTest.TestReplaceEmpty execution completed.
TpTrace Verbose: 0 : 20520, 4, 2022/09/13, 12:32:03.668, 6122169981805, testhost.dll, TestExecutionRecorder.RecordResult: Received result for test: PS2GradingTests.DependencyGraphTest.TestReplaceEmpty.
TpTrace Warning: 0 : 20520, 4, 2022/09/13, 12:32:03.668, 6122169982925, testhost.dll, TestRunCache: InProgressTests is null
TpTrace Warning: 0 : 20520, 4, 2022/09/13, 12:32:03.668, 6122169983411, testhost.dll, TestRunCache: No test found corresponding to testResult 'TestReplaceEmpty' in inProgress list.
TpTrace Verbose: 0 : 20520, 4, 2022/09/13, 12:32:03.668, 6122169984148, testhost.dll, TestExecutionRecorder.RecordStart: Starting test: PS2GradingTests.DependencyGraphTest.TestAddRemoveEmpty.
TpTrace Information: 0 : 20520, 4, 2022/09/13, 12:32:03.670, 6122170002447, testhost.dll, MSTest - Executing test TestAddRemoveEmpty
TpTrace Information: 0 : 20520, 4, 2022/09/13, 12:32:03.671, 6122170015518, testhost.dll, MSTest - Executed test TestAddRemoveEmpty
TpTrace Verbose: 0 : 20520, 4, 2022/09/13, 12:32:03.671, 6122170016927, testhost.dll, TestExecutionRecorder.RecordEnd: test: PS2GradingTests.DependencyGraphTest.TestAddRemoveEmpty execution completed.
TpTrace Verbose: 0 : 20520, 4, 2022/09/13, 12:32:03.674, 6122170040854, testhost.dll, TestExecutionRecorder.RecordResult: Received result for test: PS2GradingTests.DependencyGraphTest.TestAddRemoveEmpty.
TpTrace Warning: 0 : 20520, 4, 2022/09/13, 12:32:03.674, 6122170042037, testhost.dll, TestRunCache: InProgressTests is null
TpTrace Warning: 0 : 20520, 4, 2022/09/13, 12:32:03.674, 6122170042515, testhost.dll, TestRunCache: No test found corresponding to testResult 'TestAddRemoveEmpty' in inProgress list.
TpTrace Verbose: 0 : 20520, 4, 2022/09/13, 12:32:03.674, 6122170043379, testhost.dll, TestExecutionRecorder.RecordStart: Starting test: PS2GradingTests.DependencyGraphTest.TestAddRemoveEmpty2.
TpTrace Information: 0 : 20520, 4, 2022/09/13, 12:32:03.675, 6122170058166, testhost.dll, MSTest - Executing test TestAddRemoveEmpty2
TpTrace Information: 0 : 20520, 4, 2022/09/13, 12:32:03.677, 6122170078271, testhost.dll, MSTest - Executed test TestAddRemoveEmpty2
TpTrace Verbose: 0 : 20520, 4, 2022/09/13, 12:32:03.677, 6122170079388, testhost.dll, TestExecutionRecorder.RecordEnd: test: PS2GradingTests.DependencyGraphTest.TestAddRemoveEmpty2 execution completed.
TpTrace Information: 0 : 20520, 4, 2022/09/13, 12:32:03.679, 6122170095408, testhost.dll, MSTest - MSTestExecutor:Test PS2GradingTests.DependencyGraphTest.TestAddRemoveEmpty2 failed. ErrorMessage:Test method PS2GradingTests.DependencyGraphTest.TestAddRemoveEmpty2 threw exception: 
System.Collections.Generic.KeyNotFoundException: The given key 'y' was not present in the dictionary., ErrorStackTrace:    at System.Collections.Generic.Dictionary`2.get_Item(TKey key)
   at SpreadsheetUtilities.DependencyGraph.get_Item(String s) in C:\Users\u0995526\Source\Repos\spreadsheet-ZacheyMIX\Spreadsheet\DependencyGraph\DependencyGraph.cs:line 91
   at SpreadsheetUtilities.DependencyGraph.HasDependees(String s) in C:\Users\u0995526\Source\Repos\spreadsheet-ZacheyMIX\Spreadsheet\DependencyGraph\DependencyGraph.cs:line 114
   at PS2GradingTests.DependencyGraphTest.TestAddRemoveEmpty2() in C:\Users\u0995526\Source\Repos\spreadsheet-ZacheyMIX\Spreadsheet\DependencyGraphTests\DependencyGraphTests.cs:line 116
.
TpTrace Verbose: 0 : 20520, 4, 2022/09/13, 12:32:03.679, 6122170096424, testhost.dll, TestExecutionRecorder.RecordResult: Received result for test: PS2GradingTests.DependencyGraphTest.TestAddRemoveEmpty2.
TpTrace Warning: 0 : 20520, 4, 2022/09/13, 12:32:03.679, 6122170097095, testhost.dll, TestRunCache: InProgressTests is null
TpTrace Warning: 0 : 20520, 4, 2022/09/13, 12:32:03.679, 6122170097534, testhost.dll, TestRunCache: No test found corresponding to testResult 'TestAddRemoveEmpty2' in inProgress list.
TpTrace Verbose: 0 : 20520, 4, 2022/09/13, 12:32:03.679, 6122170098316, testhost.dll, TestExecutionRecorder.RecordStart: Starting test: PS2GradingTests.DependencyGraphTest.TestComplexAddRemoveEmpty.
TpTrace Information: 0 : 20520, 4, 2022/09/13, 12:32:03.681, 6122170112377, testhost.dll, MSTest - Executing test TestComplexAddRemoveEmpty
TpTrace Information: 0 : 20520, 4, 2022/09/13, 12:32:03.682, 6122170127684, testhost.dll, MSTest - Executed test TestComplexAddRemoveEmpty
TpTrace Verbose: 0 : 20520, 4, 2022/09/13, 12:32:03.682, 6122170128837, testhost.dll, TestExecutionRecorder.RecordEnd: test: PS2GradingTests.DependencyGraphTest.TestComplexAddRemoveEmpty execution completed.
TpTrace Verbose: 0 : 20520, 4, 2022/09/13, 12:32:03.685, 6122170150453, testhost.dll, TestExecutionRecorder.RecordResult: Received result for test: PS2GradingTests.DependencyGraphTest.TestComplexAddRemoveEmpty.
TpTrace Warning: 0 : 20520, 4, 2022/09/13, 12:32:03.685, 6122170151597, testhost.dll, TestRunCache: InProgressTests is null
TpTrace Warning: 0 : 20520, 4, 2022/09/13, 12:32:03.685, 6122170152071, testhost.dll, TestRunCache: No test found corresponding to testResult 'TestComplexAddRemoveEmpty' in inProgress list.
TpTrace Verbose: 0 : 20520, 4, 2022/09/13, 12:32:03.685, 6122170152808, testhost.dll, TestExecutionRecorder.RecordStart: Starting test: PS2GradingTests.DependencyGraphTest.TestAddRemoveIndexerEmpty.
TpTrace Information: 0 : 20520, 4, 2022/09/13, 12:32:03.689, 6122170193287, testhost.dll, Sending test run statistics
TpTrace Verbose: 0 : 20520, 4, 2022/09/13, 12:32:03.731, 6122170618995, testhost.dll, TestRequestHandler.SendData:  sending data from testhost: {"Version":5,"MessageType":"TestExecution.StatsChange","Payload":{"NewTestResults":[{"TestCase":{"Id":"74e83d3d-12e6-895b-0e06-25f4ac36847d","FullyQualifiedName":"PS2GradingTests.DependencyGraphTest.TestZeroSize","DisplayName":"TestZeroSize","ExecutorUri":"executor://MSTestAdapter/v2","Source":"C:\\Users\\u0995526\\Source\\Repos\\spreadsheet-ZacheyMIX\\Spreadsheet\\DependencyGraphTests\\bin\\Debug\\net6.0\\fine-code-coverage\\build-output\\DependencyGraphTests.dll","CodeFilePath":null,"LineNumber":-1,"Properties":[{"Key":{"Id":"TestCase.ManagedType","Label":"ManagedType","Category":"","Description":"","Attributes":1,"ValueType":"System.String"},"Value":"PS2GradingTests.DependencyGraphTest"},{"Key":{"Id":"TestCase.ManagedMethod","Label":"ManagedMethod","Category":"","Description":"","Attributes":1,"ValueType":"System.String"},"Value":"TestZeroSize"},{"Key":{"Id":"MSTestDiscoverer.TestClassName","Label":"ClassName","Category":"","Description":"","Attributes":1,"ValueType":"System.String"},"Value":"PS2GradingTests.DependencyGraphTest"},{"Key":{"Id":"TestCase.Hierarchy","Label":"Hierarchy","Category":"","Description":"","Attributes":2,"ValueType":"System.String[]"},"Value":["PS2GradingTests","DependencyGraphTest"]},{"Key":{"Id":"MSTestDiscoverer.TestCategory","Label":"TestCategory","Category":"","Description":"","Attributes":5,"ValueType":"System.String[]"},"Value":["1"]},{"Key":{"Id":"TestObject.Traits","Label":"Traits","Category":"","Description":"","Attributes":5,"ValueType":"System.Collections.Generic.KeyValuePair`2[[System.String],[System.String]][]"},"Value":[]}]},"Attachments":[],"Outcome":1,"ErrorMessage":null,"ErrorStackTrace":null,"DisplayName":"TestZeroSize","Messages":[],"ComputerName":null,"Duration":"00:00:00.0180899","StartTime":"2022-09-13T12:32:03.5170401-06:00","EndTime":"2022-09-13T12:32:03.5633387-06:00","Properties":[{"Key":{"Id":"ExecutionId","Label":"ExecutionId","Category":"","Description":"","Attributes":1,"ValueType":"System.Guid"},"Value":"00000000-0000-0000-0000-000000000000"},{"Key":{"Id":"ParentExecId","Label":"ParentExecId","Category":"","Description":"","Attributes":1,"ValueType":"System.Guid"},"Value":"00000000-0000-0000-0000-000000000000"},{"Key":{"Id":"InnerResultsCount","Label":"InnerResultsCount","Category":"","Description":"","Attributes":1,"ValueType":"System.Int32"},"Value":0}]},{"TestCase":{"Id":"c54ed132-c73c-6dbe-488c-662f5132ea89","FullyQualifiedName":"PS2GradingTests.DependencyGraphTest.TestNoDepends","DisplayName":"TestNoDepends","ExecutorUri":"executor://MSTestAdapter/v2","Source":"C:\\Users\\u0995526\\Source\\Repos\\spreadsheet-ZacheyMIX\\Spreadsheet\\DependencyGraphTests\\bin\\Debug\\net6.0\\fine-code-coverage\\build-output\\DependencyGraphTests.dll","CodeFilePath":null,"LineNumber":-1,"Properties":[{"Key":{"Id":"TestCase.ManagedType","Label":"ManagedType","Category":"","Description":"","Attributes":1,"ValueType":"System.String"},"Value":"PS2GradingTests.DependencyGraphTest"},{"Key":{"Id":"TestCase.ManagedMethod","Label":"ManagedMethod","Category":"","Description":"","Attributes":1,"ValueType":"System.String"},"Value":"TestNoDepends"},{"Key":{"Id":"MSTestDiscoverer.TestClassName","Label":"ClassName","Category":"","Description":"","Attributes":1,"ValueType":"System.String"},"Value":"PS2GradingTests.DependencyGraphTest"},{"Key":{"Id":"TestCase.Hierarchy","Label":"Hierarchy","Category":"","Description":"","Attributes":2,"ValueType":"System.String[]"},"Value":["PS2GradingTests","DependencyGraphTest"]},{"Key":{"Id":"MSTestDiscoverer.TestCategory","Label":"TestCategory","Category":"","Description":"","Attributes":5,"ValueType":"System.String[]"},"Value":["2"]},{"Key":{"Id":"TestObject.Traits","Label":"Traits","Category":"","Description":"","Attributes":5,"ValueType":"System.Collections.Generic.KeyValuePair`2[[System.String],[System.String]][]"},"Value":[]}]},"Attachments":[],"Outcome":2,"ErrorMessage":"Test method PS2GradingTests.DependencyGraphTest.TestNoDepends threw exception: \r\nSystem.Collections.Generic.KeyNotFoundException: The given key 'x' was not present in the dictionary.","ErrorStackTrace":"    at System.Collections.Generic.Dictionary`2.get_Item(TKey key)\r\n   at SpreadsheetUtilities.DependencyGraph.get_Item(String s) in C:\\Users\\u0995526\\Source\\Repos\\spreadsheet-ZacheyMIX\\Spreadsheet\\DependencyGraph\\DependencyGraph.cs:line 91\r\n   at SpreadsheetUtilities.DependencyGraph.HasDependees(String s) in C:\\Users\\u0995526\\Source\\Repos\\spreadsheet-ZacheyMIX\\Spreadsheet\\DependencyGraph\\DependencyGraph.cs:line 114\r\n   at PS2GradingTests.DependencyGraphTest.TestNoDepends() in C:\\Users\\u0995526\\Source\\Repos\\spreadsheet-ZacheyMIX\\Spreadsheet\\DependencyGraphTests\\DependencyGraphTests.cs:line 40\r\n","DisplayName":"TestNoDepends","Messages":[],"ComputerName":null,"Duration":"00:00:00.0402108","StartTime":"2022-09-13T12:32:03.5965744-06:00","EndTime":"2022-09-13T12:32:03.6379235-06:00","Properties":[{"Key":{"Id":"ExecutionId","Label":"ExecutionId","Category":"","Description":"","Attributes":1,"ValueType":"System.Guid"},"Value":"00000000-0000-0000-0000-000000000000"},{"Key":{"Id":"ParentExecId","Label":"ParentExecId","Category":"","Description":"","Attributes":1,"ValueType":"System.Guid"},"Value":"00000000-0000-0000-0000-000000000000"},{"Key":{"Id":"InnerResultsCount","Label":"InnerResultsCount","Category":"","Description":"","Attributes":1,"ValueType":"System.Int32"},"Value":0}]},{"TestCase":{"Id":"4fc0055f-0d12-bf16-9e22-f39e5d2644a2","FullyQualifiedName":"PS2GradingTests.DependencyGraphTest.TestEmptyEnumerator","DisplayName":"TestEmptyEnumerator","ExecutorUri":"executor://MSTestAdapter/v2","Source":"C:\\Users\\u0995526\\Source\\Repos\\spreadsheet-ZacheyMIX\\Spreadsheet\\DependencyGraphTests\\bin\\Debug\\net6.0\\fine-code-coverage\\build-output\\DependencyGraphTests.dll","CodeFilePath":null,"LineNumber":-1,"Properties":[{"Key":{"Id":"TestCase.ManagedType","Label":"ManagedType","Category":"","Description":"","Attributes":1,"ValueType":"System.String"},"Value":"PS2GradingTests.DependencyGraphTest"},{"Key":{"Id":"TestCase.ManagedMethod","Label":"ManagedMethod","Category":"","Description":"","Attributes":1,"ValueType":"System.String"},"Value":"TestEmptyEnumerator"},{"Key":{"Id":"MSTestDiscoverer.TestClassName","Label":"ClassName","Category":"","Description":"","Attributes":1,"ValueType":"System.String"},"Value":"PS2GradingTests.DependencyGraphTest"},{"Key":{"Id":"TestCase.Hierarchy","Label":"Hierarchy","Category":"","Description":"","Attributes":2,"ValueType":"System.String[]"},"Value":["PS2GradingTests","DependencyGraphTest"]},{"Key":{"Id":"MSTestDiscoverer.TestCategory","Label":"TestCategory","Category":"","Description":"","Attributes":5,"ValueType":"System.String[]"},"Value":["3"]},{"Key":{"Id":"TestObject.Traits","Label":"Traits","Category":"","Description":"","Attributes":5,"ValueType":"System.Collections.Generic.KeyValuePair`2[[System.String],[System.String]][]"},"Value":[]}]},"Attachments":[],"Outcome":1,"ErrorMessage":null,"ErrorStackTrace":null,"DisplayName":"TestEmptyEnumerator","Messages":[],"ComputerName":null,"Duration":"00:00:00.0011065","StartTime":"2022-09-13T12:32:03.6479617-06:00","EndTime":"2022-09-13T12:32:03.6495491-06:00","Properties":[{"Key":{"Id":"ExecutionId","Label":"ExecutionId","Category":"","Description":"","Attributes":1,"ValueType":"System.Guid"},"Value":"00000000-0000-0000-0000-000000000000"},{"Key":{"Id":"ParentExecId","Label":"ParentExecId","Category":"","Description":"","Attributes":1,"ValueType":"System.Guid"},"Value":"00000000-0000-0000-0000-000000000000"},{"Key":{"Id":"InnerResultsCount","Label":"InnerResultsCount","Category":"","Description":"","Attributes":1,"ValueType":"System.Int32"},"Value":0}]},{"TestCase":{"Id":"14f7ae89-eec3-6a8b-0dff-7b11b50b56ea","FullyQualifiedName":"PS2GradingTests.DependencyGraphTest.TestEmptyIndexer","DisplayName":"TestEmptyIndexer","ExecutorUri":"executor://MSTestAdapter/v2","Source":"C:\\Users\\u0995526\\Source\\Repos\\spreadsheet-ZacheyMIX\\Spreadsheet\\DependencyGraphTests\\bin\\Debug\\net6.0\\fine-code-coverage\\build-output\\DependencyGraphTests.dll","CodeFilePath":null,"LineNumber":-1,"Properties":[{"Key":{"Id":"TestCase.ManagedType","Label":"ManagedType","Category":"","Description":"","Attributes":1,"ValueType":"System.String"},"Value":"PS2GradingTests.DependencyGraphTest"},{"Key":{"Id":"TestCase.ManagedMethod","Label":"ManagedMethod","Category":"","Description":"","Attributes":1,"ValueType":"System.String"},"Value":"TestEmptyIndexer"},{"Key":{"Id":"MSTestDiscoverer.TestClassName","Label":"ClassName","Category":"","Description":"","Attributes":1,"ValueType":"System.String"},"Value":"PS2GradingTests.DependencyGraphTest"},{"Key":{"Id":"TestCase.Hierarchy","Label":"Hierarchy","Category":"","Description":"","Attributes":2,"ValueType":"System.String[]"},"Value":["PS2GradingTests","DependencyGraphTest"]},{"Key":{"Id":"MSTestDiscoverer.TestCategory","Label":"TestCategory","Category":"","Description":"","Attributes":5,"ValueType":"System.String[]"},"Value":["4"]},{"Key":{"Id":"TestObject.Traits","Label":"Traits","Category":"","Description":"","Attributes":5,"ValueType":"System.Collections.Generic.KeyValuePair`2[[System.String],[System.String]][]"},"Value":[]}]},"Attachments":[],"Outcome":2,"ErrorMessage":"Test method PS2GradingTests.DependencyGraphTest.TestEmptyIndexer threw exception: \r\nSystem.Collections.Generic.KeyNotFoundException: The given key 'x' was not present in the dictionary.","ErrorStackTrace":"    at System.Collections.Generic.Dictionary`2.get_Item(TKey key)\r\n   at SpreadsheetUtilities.DependencyGraph.get_Item(String s) in C:\\Users\\u0995526\\Source\\Repos\\spreadsheet-ZacheyMIX\\Spreadsheet\\DependencyGraph\\DependencyGraph.cs:line 91\r\n   at PS2GradingTests.DependencyGraphTest.TestEmptyIndexer() in C:\\Users\\u0995526\\Source\\Repos\\spreadsheet-ZacheyMIX\\Spreadsheet\\DependencyGraphTests\\DependencyGraphTests.cs:line 64\r\n","DisplayName":"TestEmptyIndexer","Messages":[],"ComputerName":null,"Duration":"00:00:00.0011141","StartTime":"2022-09-13T12:32:03.6531397-06:00","EndTime":"2022-09-13T12:32:03.6546505-06:00","Properties":[{"Key":{"Id":"ExecutionId","Label":"ExecutionId","Category":"","Description":"","Attributes":1,"ValueType":"System.Guid"},"Value":"00000000-0000-0000-0000-000000000000"},{"Key":{"Id":"ParentExecId","Label":"ParentExecId","Category":"","Description":"","Attributes":1,"ValueType":"System.Guid"},"Value":"00000000-0000-0000-0000-000000000000"},{"Key":{"Id":"InnerResultsCount","Label":"InnerResultsCount","Category":"","Description":"","Attributes":1,"ValueType":"System.Int32"},"Value":0}]},{"TestCase":{"Id":"a64473aa-c2f9-1543-d92a-69aacaf8087f","FullyQualifiedName":"PS2GradingTests.DependencyGraphTest.TestRemoveFromEmpty","DisplayName":"TestRemoveFromEmpty","ExecutorUri":"executor://MSTestAdapter/v2","Source":"C:\\Users\\u0995526\\Source\\Repos\\spreadsheet-ZacheyMIX\\Spreadsheet\\DependencyGraphTests\\bin\\Debug\\net6.0\\fine-code-coverage\\build-output\\DependencyGraphTests.dll","CodeFilePath":null,"LineNumber":-1,"Properties":[{"Key":{"Id":"TestCase.ManagedType","Label":"ManagedType","Category":"","Description":"","Attributes":1,"ValueType":"System.String"},"Value":"PS2GradingTests.DependencyGraphTest"},{"Key":{"Id":"TestCase.ManagedMethod","Label":"ManagedMethod","Category":"","Description":"","Attributes":1,"ValueType":"System.String"},"Value":"TestRemoveFromEmpty"},{"Key":{"Id":"MSTestDiscoverer.TestClassName","Label":"ClassName","Category":"","Description":"","Attributes":1,"ValueType":"System.String"},"Value":"PS2GradingTests.DependencyGraphTest"},{"Key":{"Id":"TestCase.Hierarchy","Label":"Hierarchy","Category":"","Description":"","Attributes":2,"ValueType":"System.String[]"},"Value":["PS2GradingTests","DependencyGraphTest"]},{"Key":{"Id":"MSTestDiscoverer.TestCategory","Label":"TestCategory","Category":"","Description":"","Attributes":5,"ValueType":"System.String[]"},"Value":["5"]},{"Key":{"Id":"TestObject.Traits","Label":"Traits","Category":"","Description":"","Attributes":5,"ValueType":"System.Collections.Generic.KeyValuePair`2[[System.String],[System.String]][]"},"Value":[]}]},"Attachments":[],"Outcome":2,"ErrorMessage":"Test method PS2GradingTests.DependencyGraphTest.TestRemoveFromEmpty threw exception: \r\nSystem.ArgumentException: Pair does not exist","ErrorStackTrace":"    at SpreadsheetUtilities.DependencyGraph.RemoveDependency(String s, String t) in C:\\Users\\u0995526\\Source\\Repos\\spreadsheet-ZacheyMIX\\Spreadsheet\\DependencyGraph\\DependencyGraph.cs:line 224\r\n   at PS2GradingTests.DependencyGraphTest.TestRemoveFromEmpty() in C:\\Users\\u0995526\\Source\\Repos\\spreadsheet-ZacheyMIX\\Spreadsheet\\DependencyGraphTests\\DependencyGraphTests.cs:line 75\r\n","DisplayName":"TestRemoveFromEmpty","Messages":[],"ComputerName":null,"Duration":"00:00:00.0014975","StartTime":"2022-09-13T12:32:03.6587269-06:00","EndTime":"2022-09-13T12:32:03.6606261-06:00","Properties":[{"Key":{"Id":"ExecutionId","Label":"ExecutionId","Category":"","Description":"","Attributes":1,"ValueType":"System.Guid"},"Value":"00000000-0000-0000-0000-000000000000"},{"Key":{"Id":"ParentExecId","Label":"ParentExecId","Category":"","Description":"","Attributes":1,"ValueType":"System.Guid"},"Value":"00000000-0000-0000-0000-000000000000"},{"Key":{"Id":"InnerResultsCount","Label":"InnerResultsCount","Category":"","Description":"","Attributes":1,"ValueType":"System.Int32"},"Value":0}]},{"TestCase":{"Id":"e2164537-4bbf-54ad-151f-b2bda0da4fe8","FullyQualifiedName":"PS2GradingTests.DependencyGraphTest.TestReplaceEmpty","DisplayName":"TestReplaceEmpty","ExecutorUri":"executor://MSTestAdapter/v2","Source":"C:\\Users\\u0995526\\Source\\Repos\\spreadsheet-ZacheyMIX\\Spreadsheet\\DependencyGraphTests\\bin\\Debug\\net6.0\\fine-code-coverage\\build-output\\DependencyGraphTests.dll","CodeFilePath":null,"LineNumber":-1,"Properties":[{"Key":{"Id":"TestCase.ManagedType","Label":"ManagedType","Category":"","Description":"","Attributes":1,"ValueType":"System.String"},"Value":"PS2GradingTests.DependencyGraphTest"},{"Key":{"Id":"TestCase.ManagedMethod","Label":"ManagedMethod","Category":"","Description":"","Attributes":1,"ValueType":"System.String"},"Value":"TestReplaceEmpty"},{"Key":{"Id":"MSTestDiscoverer.TestClassName","Label":"ClassName","Category":"","Description":"","Attributes":1,"ValueType":"System.String"},"Value":"PS2GradingTests.DependencyGraphTest"},{"Key":{"Id":"TestCase.Hierarchy","Label":"Hierarchy","Category":"","Description":"","Attributes":2,"ValueType":"System.String[]"},"Value":["PS2GradingTests","DependencyGraphTest"]},{"Key":{"Id":"MSTestDiscoverer.TestCategory","Label":"TestCategory","Category":"","Description":"","Attributes":5,"ValueType":"System.String[]"},"Value":["6"]},{"Key":{"Id":"TestObject.Traits","Label":"Traits","Category":"","Description":"","Attributes":5,"ValueType":"System.Collections.Generic.KeyValuePair`2[[System.String],[System.String]][]"},"Value":[]}]},"Attachments":[],"Outcome":1,"ErrorMessage":null,"ErrorStackTrace":null,"DisplayName":"TestReplaceEmpty","Messages":[],"ComputerName":null,"Duration":"00:00:00.0010553","StartTime":"2022-09-13T12:32:03.664595-06:00","EndTime":"2022-09-13T12:32:03.6660605-06:00","Properties":[{"Key":{"Id":"ExecutionId","Label":"ExecutionId","Category":"","Description":"","Attributes":1,"ValueType":"System.Guid"},"Value":"00000000-0000-0000-0000-000000000000"},{"Key":{"Id":"ParentExecId","Label":"ParentExecId","Category":"","Description":"","Attributes":1,"ValueType":"System.Guid"},"Value":"00000000-0000-0000-0000-000000000000"},{"Key":{"Id":"InnerResultsCount","Label":"InnerResultsCount","Category":"","Description":"","Attributes":1,"ValueType":"System.Int32"},"Value":0}]},{"TestCase":{"Id":"fdb3b3e3-09c0-ead8-6550-91bf56838d1d","FullyQualifiedName":"PS2GradingTests.DependencyGraphTest.TestAddRemoveEmpty","DisplayName":"TestAddRemoveEmpty","ExecutorUri":"executor://MSTestAdapter/v2","Source":"C:\\Users\\u0995526\\Source\\Repos\\spreadsheet-ZacheyMIX\\Spreadsheet\\DependencyGraphTests\\bin\\Debug\\net6.0\\fine-code-coverage\\build-output\\DependencyGraphTests.dll","CodeFilePath":null,"LineNumber":-1,"Properties":[{"Key":{"Id":"TestCase.ManagedType","Label":"ManagedType","Category":"","Description":"","Attributes":1,"ValueType":"System.String"},"Value":"PS2GradingTests.DependencyGraphTest"},{"Key":{"Id":"TestCase.ManagedMethod","Label":"ManagedMethod","Category":"","Description":"","Attributes":1,"ValueType":"System.String"},"Value":"TestAddRemoveEmpty"},{"Key":{"Id":"MSTestDiscoverer.TestClassName","Label":"ClassName","Category":"","Description":"","Attributes":1,"ValueType":"System.String"},"Value":"PS2GradingTests.DependencyGraphTest"},{"Key":{"Id":"TestCase.Hierarchy","Label":"Hierarchy","Category":"","Description":"","Attributes":2,"ValueType":"System.String[]"},"Value":["PS2GradingTests","DependencyGraphTest"]},{"Key":{"Id":"MSTestDiscoverer.TestCategory","Label":"TestCategory","Category":"","Description":"","Attributes":5,"ValueType":"System.String[]"},"Value":["7"]},{"Key":{"Id":"TestObject.Traits","Label":"Traits","Category":"","Description":"","Attributes":5,"ValueType":"System.Collections.Generic.KeyValuePair`2[[System.String],[System.String]][]"},"Value":[]}]},"Attachments":[],"Outcome":1,"ErrorMessage":null,"ErrorStackTrace":null,"DisplayName":"TestAddRemoveEmpty","Messages":[],"ComputerName":null,"Duration":"00:00:00.0009926","StartTime":"2022-09-13T12:32:03.6702351-06:00","EndTime":"2022-09-13T12:32:03.6716834-06:00","Properties":[{"Key":{"Id":"ExecutionId","Label":"ExecutionId","Category":"","Description":"","Attributes":1,"ValueType":"System.Guid"},"Value":"00000000-0000-0000-0000-000000000000"},{"Key":{"Id":"ParentExecId","Label":"ParentExecId","Category":"","Description":"","Attributes":1,"ValueType":"System.Guid"},"Value":"00000000-0000-0000-0000-000000000000"},{"Key":{"Id":"InnerResultsCount","Label":"InnerResultsCount","Category":"","Description":"","Attributes":1,"ValueType":"System.Int32"},"Value":0}]},{"TestCase":{"Id":"c223b9c8-04cc-32e4-9487-b40c45198adc","FullyQualifiedName":"PS2GradingTests.DependencyGraphTest.TestAddRemoveEmpty2","DisplayName":"TestAddRemoveEmpty2","ExecutorUri":"executor://MSTestAdapter/v2","Source":"C:\\Users\\u0995526\\Source\\Repos\\spreadsheet-ZacheyMIX\\Spreadsheet\\DependencyGraphTests\\bin\\Debug\\net6.0\\fine-code-coverage\\build-output\\DependencyGraphTests.dll","CodeFilePath":null,"LineNumber":-1,"Properties":[{"Key":{"Id":"TestCase.ManagedType","Label":"ManagedType","Category":"","Description":"","Attributes":1,"ValueType":"System.String"},"Value":"PS2GradingTests.DependencyGraphTest"},{"Key":{"Id":"TestCase.ManagedMethod","Label":"ManagedMethod","Category":"","Description":"","Attributes":1,"ValueType":"System.String"},"Value":"TestAddRemoveEmpty2"},{"Key":{"Id":"MSTestDiscoverer.TestClassName","Label":"ClassName","Category":"","Description":"","Attributes":1,"ValueType":"System.String"},"Value":"PS2GradingTests.DependencyGraphTest"},{"Key":{"Id":"TestCase.Hierarchy","Label":"Hierarchy","Category":"","Description":"","Attributes":2,"ValueType":"System.String[]"},"Value":["PS2GradingTests","DependencyGraphTest"]},{"Key":{"Id":"MSTestDiscoverer.TestCategory","Label":"TestCategory","Category":"","Description":"","Attributes":5,"ValueType":"System.String[]"},"Value":["8"]},{"Key":{"Id":"TestObject.Traits","Label":"Traits","Category":"","Description":"","Attributes":5,"ValueType":"System.Collections.Generic.KeyValuePair`2[[System.String],[System.String]][]"},"Value":[]}]},"Attachments":[],"Outcome":2,"ErrorMessage":"Test method PS2GradingTests.DependencyGraphTest.TestAddRemoveEmpty2 threw exception: \r\nSystem.Collections.Generic.KeyNotFoundException: The given key 'y' was not present in the dictionary.","ErrorStackTrace":"    at System.Collections.Generic.Dictionary`2.get_Item(TKey key)\r\n   at SpreadsheetUtilities.DependencyGraph.get_Item(String s) in C:\\Users\\u0995526\\Source\\Repos\\spreadsheet-ZacheyMIX\\Spreadsheet\\DependencyGraph\\DependencyGraph.cs:line 91\r\n   at SpreadsheetUtilities.DependencyGraph.HasDependees(String s) in C:\\Users\\u0995526\\Source\\Repos\\spreadsheet-ZacheyMIX\\Spreadsheet\\DependencyGraph\\DependencyGraph.cs:line 114\r\n   at PS2GradingTests.DependencyGraphTest.TestAddRemoveEmpty2() in C:\\Users\\u0995526\\Source\\Repos\\spreadsheet-ZacheyMIX\\Spreadsheet\\DependencyGraphTests\\DependencyGraphTests.cs:line 116\r\n","DisplayName":"TestAddRemoveEmpty2","Messages":[],"ComputerName":null,"Duration":"00:00:00.0017070","StartTime":"2022-09-13T12:32:03.6758194-06:00","EndTime":"2022-09-13T12:32:03.677936-06:00","Properties":[{"Key":{"Id":"ExecutionId","Label":"ExecutionId","Category":"","Description":"","Attributes":1,"ValueType":"System.Guid"},"Value":"00000000-0000-0000-0000-000000000000"},{"Key":{"Id":"ParentExecId","Label":"ParentExecId","Category":"","Description":"","Attributes":1,"ValueType":"System.Guid"},"Value":"00000000-0000-0000-0000-000000000000"},{"Key":{"Id":"InnerResultsCount","Label":"InnerResultsCount","Category":"","Description":"","Attributes":1,"ValueType":"System.Int32"},"Value":0}]},{"TestCase":{"Id":"376c69f1-2638-f1fc-7cfc-678cc31cd1e6","FullyQualifiedName":"PS2GradingTests.DependencyGraphTest.TestComplexAddRemoveEmpty","DisplayName":"TestComplexAddRemoveEmpty","ExecutorUri":"executor://MSTestAdapter/v2","Source":"C:\\Users\\u0995526\\Source\\Repos\\spreadsheet-ZacheyMIX\\Spreadsheet\\DependencyGraphTests\\bin\\Debug\\net6.0\\fine-code-coverage\\build-output\\DependencyGraphTests.dll","CodeFilePath":null,"LineNumber":-1,"Properties":[{"Key":{"Id":"TestCase.ManagedType","Label":"ManagedType","Category":"","Description":"","Attributes":1,"ValueType":"System.String"},"Value":"PS2GradingTests.DependencyGraphTest"},{"Key":{"Id":"TestCase.ManagedMethod","Label":"ManagedMethod","Category":"","Description":"","Attributes":1,"ValueType":"System.String"},"Value":"TestComplexAddRemoveEmpty"},{"Key":{"Id":"MSTestDiscoverer.TestClassName","Label":"ClassName","Category":"","Description":"","Attributes":1,"ValueType":"System.String"},"Value":"PS2GradingTests.DependencyGraphTest"},{"Key":{"Id":"TestCase.Hierarchy","Label":"Hierarchy","Category":"","Description":"","Attributes":2,"ValueType":"System.String[]"},"Value":["PS2GradingTests","DependencyGraphTest"]},{"Key":{"Id":"MSTestDiscoverer.TestCategory","Label":"TestCategory","Category":"","Description":"","Attributes":5,"ValueType":"System.String[]"},"Value":["9"]},{"Key":{"Id":"TestObject.Traits","Label":"Traits","Category":"","Description":"","Attributes":5,"ValueType":"System.Collections.Generic.KeyValuePair`2[[System.String],[System.String]][]"},"Value":[]}]},"Attachments":[],"Outcome":1,"ErrorMessage":null,"ErrorStackTrace":null,"DisplayName":"TestComplexAddRemoveEmpty","Messages":[],"ComputerName":null,"Duration":"00:00:00.0012676","StartTime":"2022-09-13T12:32:03.6812324-06:00","EndTime":"2022-09-13T12:32:03.6828783-06:00","Properties":[{"Key":{"Id":"ExecutionId","Label":"ExecutionId","Category":"","Description":"","Attributes":1,"ValueType":"System.Guid"},"Value":"00000000-0000-0000-0000-000000000000"},{"Key":{"Id":"ParentExecId","Label":"ParentExecId","Category":"","Description":"","Attributes":1,"ValueType":"System.Guid"},"Value":"00000000-0000-0000-0000-000000000000"},{"Key":{"Id":"InnerResultsCount","Label":"InnerResultsCount","Category":"","Description":"","Attributes":1,"ValueType":"System.Int32"},"Value":0}]}],"TestRunStatistics":{"ExecutedTests":9,"Stats":{"Passed":5,"Failed":4}},"ActiveTests":[{"Id":"56425d6c-3d9c-1e9b-d191-0ae61703e9f7","FullyQualifiedName":"PS2GradingTests.DependencyGraphTest.TestAddRemoveIndexerEmpty","DisplayName":"TestAddRemoveIndexerEmpty","ExecutorUri":"executor://MSTestAdapter/v2","Source":"C:\\Users\\u0995526\\Source\\Repos\\spreadsheet-ZacheyMIX\\Spreadsheet\\DependencyGraphTests\\bin\\Debug\\net6.0\\fine-code-coverage\\build-output\\DependencyGraphTests.dll","CodeFilePath":null,"LineNumber":-1,"Properties":[{"Key":{"Id":"TestCase.ManagedType","Label":"ManagedType","Category":"","Description":"","Attributes":1,"ValueType":"System.String"},"Value":"PS2GradingTests.DependencyGraphTest"},{"Key":{"Id":"TestCase.ManagedMethod","Label":"ManagedMethod","Category":"","Description":"","Attributes":1,"ValueType":"System.String"},"Value":"TestAddRemoveIndexerEmpty"},{"Key":{"Id":"MSTestDiscoverer.TestClassName","Label":"ClassName","Category":"","Description":"","Attributes":1,"ValueType":"System.String"},"Value":"PS2GradingTests.DependencyGraphTest"},{"Key":{"Id":"TestCase.Hierarchy","Label":"Hierarchy","Category":"","Description":"","Attributes":2,"ValueType":"System.String[]"},"Value":["PS2GradingTests","DependencyGraphTest"]},{"Key":{"Id":"MSTestDiscoverer.TestCategory","Label":"TestCategory","Category":"","Description":"","Attributes":5,"ValueType":"System.String[]"},"Value":["10"]},{"Key":{"Id":"TestObject.Traits","Label":"Traits","Category":"","Description":"","Attributes":5,"ValueType":"System.Collections.Generic.KeyValuePair`2[[System.String],[System.String]][]"},"Value":[]}]}]}}
TpTrace Verbose: 0 : 20520, 4, 2022/09/13, 12:32:03.732, 6122170625939, testhost.dll, TestRunCache: OnNewTestResult: Notified the onCacheHit callback.
TpTrace Information: 0 : 20520, 4, 2022/09/13, 12:32:03.734, 6122170649293, testhost.dll, MSTest - Executing test TestAddRemoveIndexerEmpty
TpTrace Information: 0 : 20520, 4, 2022/09/13, 12:32:03.736, 6122170667921, testhost.dll, MSTest - Executed test TestAddRemoveIndexerEmpty
TpTrace Verbose: 0 : 20520, 4, 2022/09/13, 12:32:03.736, 6122170669501, testhost.dll, TestExecutionRecorder.RecordEnd: test: PS2GradingTests.DependencyGraphTest.TestAddRemoveIndexerEmpty execution completed.
TpTrace Warning: 0 : 20520, 4, 2022/09/13, 12:32:03.737, 6122170670287, testhost.dll, TestRunCache: InProgressTests is null
TpTrace Information: 0 : 20520, 4, 2022/09/13, 12:32:03.739, 6122170690297, testhost.dll, MSTest - MSTestExecutor:Test PS2GradingTests.DependencyGraphTest.TestAddRemoveIndexerEmpty failed. ErrorMessage:Test method PS2GradingTests.DependencyGraphTest.TestAddRemoveIndexerEmpty threw exception: 
System.Collections.Generic.KeyNotFoundException: The given key 'y' was not present in the dictionary., ErrorStackTrace:    at System.Collections.Generic.Dictionary`2.get_Item(TKey key)
   at SpreadsheetUtilities.DependencyGraph.get_Item(String s) in C:\Users\u0995526\Source\Repos\spreadsheet-ZacheyMIX\Spreadsheet\DependencyGraph\DependencyGraph.cs:line 91
   at PS2GradingTests.DependencyGraphTest.TestAddRemoveIndexerEmpty() in C:\Users\u0995526\Source\Repos\spreadsheet-ZacheyMIX\Spreadsheet\DependencyGraphTests\DependencyGraphTests.cs:line 152
.
TpTrace Verbose: 0 : 20520, 4, 2022/09/13, 12:32:03.739, 6122170691468, testhost.dll, TestExecutionRecorder.RecordResult: Received result for test: PS2GradingTests.DependencyGraphTest.TestAddRemoveIndexerEmpty.
TpTrace Warning: 0 : 20520, 4, 2022/09/13, 12:32:03.739, 6122170692463, testhost.dll, TestRunCache: InProgressTests is null
TpTrace Warning: 0 : 20520, 4, 2022/09/13, 12:32:03.739, 6122170693230, testhost.dll, TestRunCache: No test found corresponding to testResult 'TestAddRemoveIndexerEmpty' in inProgress list.
TpTrace Verbose: 0 : 20520, 4, 2022/09/13, 12:32:03.739, 6122170694295, testhost.dll, TestExecutionRecorder.RecordStart: Starting test: PS2GradingTests.DependencyGraphTest.TestRemoveTwice.
TpTrace Information: 0 : 20520, 4, 2022/09/13, 12:32:03.741, 6122170715813, testhost.dll, MSTest - Executing test TestRemoveTwice
TpTrace Information: 0 : 20520, 4, 2022/09/13, 12:32:03.742, 6122170722051, testhost.dll, MSTest - Executed test TestRemoveTwice
TpTrace Verbose: 0 : 20520, 4, 2022/09/13, 12:32:03.742, 6122170723166, testhost.dll, TestExecutionRecorder.RecordEnd: test: PS2GradingTests.DependencyGraphTest.TestRemoveTwice execution completed.
TpTrace Verbose: 0 : 20520, 4, 2022/09/13, 12:32:03.744, 6122170740160, testhost.dll, TestExecutionRecorder.RecordResult: Received result for test: PS2GradingTests.DependencyGraphTest.TestRemoveTwice.
TpTrace Warning: 0 : 20520, 4, 2022/09/13, 12:32:03.744, 6122170741597, testhost.dll, TestRunCache: InProgressTests is null
TpTrace Warning: 0 : 20520, 4, 2022/09/13, 12:32:03.751, 6122170812897, testhost.dll, TestRunCache: No test found corresponding to testResult 'TestRemoveTwice' in inProgress list.
TpTrace Verbose: 0 : 20520, 4, 2022/09/13, 12:32:03.751, 6122170815261, testhost.dll, TestExecutionRecorder.RecordStart: Starting test: PS2GradingTests.DependencyGraphTest.TestRemoveReplace.
TpTrace Information: 0 : 20520, 4, 2022/09/13, 12:32:03.753, 6122170838429, testhost.dll, MSTest - Executing test TestRemoveReplace
TpTrace Information: 0 : 20520, 4, 2022/09/13, 12:32:03.754, 6122170845281, testhost.dll, MSTest - Executed test TestRemoveReplace
TpTrace Verbose: 0 : 20520, 4, 2022/09/13, 12:32:03.754, 6122170846311, testhost.dll, TestExecutionRecorder.RecordEnd: test: PS2GradingTests.DependencyGraphTest.TestRemoveReplace execution completed.
TpTrace Verbose: 0 : 20520, 4, 2022/09/13, 12:32:03.756, 6122170863197, testhost.dll, TestExecutionRecorder.RecordResult: Received result for test: PS2GradingTests.DependencyGraphTest.TestRemoveReplace.
TpTrace Warning: 0 : 20520, 4, 2022/09/13, 12:32:03.756, 6122170864433, testhost.dll, TestRunCache: InProgressTests is null
TpTrace Warning: 0 : 20520, 4, 2022/09/13, 12:32:03.756, 6122170864950, testhost.dll, TestRunCache: No test found corresponding to testResult 'TestRemoveReplace' in inProgress list.
TpTrace Verbose: 0 : 20520, 4, 2022/09/13, 12:32:03.756, 6122170865696, testhost.dll, TestExecutionRecorder.RecordStart: Starting test: PS2GradingTests.DependencyGraphTest.TestStatic1.
TpTrace Information: 0 : 20520, 4, 2022/09/13, 12:32:03.758, 6122170881423, testhost.dll, MSTest - Executing test TestStatic1
TpTrace Information: 0 : 20520, 4, 2022/09/13, 12:32:03.758, 6122170888582, testhost.dll, MSTest - Executed test TestStatic1
TpTrace Verbose: 0 : 20520, 4, 2022/09/13, 12:32:03.758, 6122170889578, testhost.dll, TestExecutionRecorder.RecordEnd: test: PS2GradingTests.DependencyGraphTest.TestStatic1 execution completed.
TpTrace Verbose: 0 : 20520, 4, 2022/09/13, 12:32:03.760, 6122170906100, testhost.dll, TestExecutionRecorder.RecordResult: Received result for test: PS2GradingTests.DependencyGraphTest.TestStatic1.
TpTrace Warning: 0 : 20520, 4, 2022/09/13, 12:32:03.760, 6122170907217, testhost.dll, TestRunCache: InProgressTests is null
TpTrace Warning: 0 : 20520, 4, 2022/09/13, 12:32:03.760, 6122170907745, testhost.dll, TestRunCache: No test found corresponding to testResult 'TestStatic1' in inProgress list.
TpTrace Verbose: 0 : 20520, 4, 2022/09/13, 12:32:03.760, 6122170908503, testhost.dll, TestExecutionRecorder.RecordStart: Starting test: PS2GradingTests.DependencyGraphTest.TestStatic2.
TpTrace Information: 0 : 20520, 4, 2022/09/13, 12:32:03.762, 6122170924034, testhost.dll, MSTest - Executing test TestStatic2
TpTrace Information: 0 : 20520, 4, 2022/09/13, 12:32:03.762, 6122170929003, testhost.dll, MSTest - Executed test TestStatic2
TpTrace Verbose: 0 : 20520, 4, 2022/09/13, 12:32:03.763, 6122170929933, testhost.dll, TestExecutionRecorder.RecordEnd: test: PS2GradingTests.DependencyGraphTest.TestStatic2 execution completed.
TpTrace Verbose: 0 : 20520, 4, 2022/09/13, 12:32:03.764, 6122170947336, testhost.dll, TestExecutionRecorder.RecordResult: Received result for test: PS2GradingTests.DependencyGraphTest.TestStatic2.
TpTrace Warning: 0 : 20520, 4, 2022/09/13, 12:32:03.764, 6122170948844, testhost.dll, TestRunCache: InProgressTests is null
TpTrace Warning: 0 : 20520, 4, 2022/09/13, 12:32:03.764, 6122170949615, testhost.dll, TestRunCache: No test found corresponding to testResult 'TestStatic2' in inProgress list.
TpTrace Verbose: 0 : 20520, 4, 2022/09/13, 12:32:03.765, 6122170950792, testhost.dll, TestExecutionRecorder.RecordStart: Starting test: PS2GradingTests.DependencyGraphTest.TestStatic3.
TpTrace Information: 0 : 20520, 4, 2022/09/13, 12:32:03.767, 6122170975661, testhost.dll, MSTest - Executing test TestStatic3
TpTrace Information: 0 : 20520, 4, 2022/09/13, 12:32:03.768, 6122170982420, testhost.dll, MSTest - Executed test TestStatic3
TpTrace Verbose: 0 : 20520, 4, 2022/09/13, 12:32:03.768, 6122170983411, testhost.dll, TestExecutionRecorder.RecordEnd: test: PS2GradingTests.DependencyGraphTest.TestStatic3 execution completed.
TpTrace Verbose: 0 : 20520, 4, 2022/09/13, 12:32:03.770, 6122171008046, testhost.dll, TestExecutionRecorder.RecordResult: Received result for test: PS2GradingTests.DependencyGraphTest.TestStatic3.
TpTrace Warning: 0 : 20520, 4, 2022/09/13, 12:32:03.770, 6122171009238, testhost.dll, TestRunCache: InProgressTests is null
TpTrace Warning: 0 : 20520, 4, 2022/09/13, 12:32:03.770, 6122171009720, testhost.dll, TestRunCache: No test found corresponding to testResult 'TestStatic3' in inProgress list.
TpTrace Verbose: 0 : 20520, 4, 2022/09/13, 12:32:03.771, 6122171010485, testhost.dll, TestExecutionRecorder.RecordStart: Starting test: PS2GradingTests.DependencyGraphTest.TestStatic4.
TpTrace Information: 0 : 20520, 4, 2022/09/13, 12:32:03.772, 6122171027637, testhost.dll, MSTest - Executing test TestStatic4
TpTrace Information: 0 : 20520, 4, 2022/09/13, 12:32:03.773, 6122171032733, testhost.dll, MSTest - Executed test TestStatic4
TpTrace Verbose: 0 : 20520, 4, 2022/09/13, 12:32:03.773, 6122171033623, testhost.dll, TestExecutionRecorder.RecordEnd: test: PS2GradingTests.DependencyGraphTest.TestStatic4 execution completed.
TpTrace Verbose: 0 : 20520, 4, 2022/09/13, 12:32:03.774, 6122171049523, testhost.dll, TestExecutionRecorder.RecordResult: Received result for test: PS2GradingTests.DependencyGraphTest.TestStatic4.
TpTrace Warning: 0 : 20520, 4, 2022/09/13, 12:32:03.775, 6122171050556, testhost.dll, TestRunCache: InProgressTests is null
TpTrace Warning: 0 : 20520, 4, 2022/09/13, 12:32:03.775, 6122171051028, testhost.dll, TestRunCache: No test found corresponding to testResult 'TestStatic4' in inProgress list.
TpTrace Verbose: 0 : 20520, 4, 2022/09/13, 12:32:03.775, 6122171051746, testhost.dll, TestExecutionRecorder.RecordStart: Starting test: PS2GradingTests.DependencyGraphTest.TestStatic5.
TpTrace Information: 0 : 20520, 4, 2022/09/13, 12:32:03.776, 6122171065822, testhost.dll, MSTest - Executing test TestStatic5
TpTrace Information: 0 : 20520, 4, 2022/09/13, 12:32:03.777, 6122171070713, testhost.dll, MSTest - Executed test TestStatic5
TpTrace Verbose: 0 : 20520, 4, 2022/09/13, 12:32:03.777, 6122171071564, testhost.dll, TestExecutionRecorder.RecordEnd: test: PS2GradingTests.DependencyGraphTest.TestStatic5 execution completed.
TpTrace Verbose: 0 : 20520, 4, 2022/09/13, 12:32:03.778, 6122171086519, testhost.dll, TestExecutionRecorder.RecordResult: Received result for test: PS2GradingTests.DependencyGraphTest.TestStatic5.
TpTrace Warning: 0 : 20520, 4, 2022/09/13, 12:32:03.778, 6122171088741, testhost.dll, TestRunCache: InProgressTests is null
TpTrace Warning: 0 : 20520, 4, 2022/09/13, 12:32:03.778, 6122171089568, testhost.dll, TestRunCache: No test found corresponding to testResult 'TestStatic5' in inProgress list.
TpTrace Verbose: 0 : 20520, 4, 2022/09/13, 12:32:03.779, 6122171090600, testhost.dll, TestExecutionRecorder.RecordStart: Starting test: PS2GradingTests.DependencyGraphTest.TestSimpleSize.
TpTrace Information: 0 : 20520, 4, 2022/09/13, 12:32:03.782, 6122171127016, testhost.dll, MSTest - Executing test TestSimpleSize
TpTrace Information: 0 : 20520, 4, 2022/09/13, 12:32:03.783, 6122171135036, testhost.dll, MSTest - Executed test TestSimpleSize
TpTrace Verbose: 0 : 20520, 4, 2022/09/13, 12:32:03.783, 6122171136498, testhost.dll, TestExecutionRecorder.RecordEnd: test: PS2GradingTests.DependencyGraphTest.TestSimpleSize execution completed.
TpTrace Verbose: 0 : 20520, 4, 2022/09/13, 12:32:03.785, 6122171159667, testhost.dll, TestExecutionRecorder.RecordResult: Received result for test: PS2GradingTests.DependencyGraphTest.TestSimpleSize.
TpTrace Warning: 0 : 20520, 4, 2022/09/13, 12:32:03.786, 6122171161133, testhost.dll, TestRunCache: InProgressTests is null
TpTrace Warning: 0 : 20520, 4, 2022/09/13, 12:32:03.786, 6122171161916, testhost.dll, TestRunCache: No test found corresponding to testResult 'TestSimpleSize' in inProgress list.
TpTrace Verbose: 0 : 20520, 4, 2022/09/13, 12:32:03.786, 6122171163158, testhost.dll, TestExecutionRecorder.RecordStart: Starting test: PS2GradingTests.DependencyGraphTest.TestSimpleIndexer.
TpTrace Information: 0 : 20520, 4, 2022/09/13, 12:32:03.786, 6122171163955, testhost.dll, Sending test run statistics
TpTrace Verbose: 0 : 20520, 4, 2022/09/13, 12:32:03.788, 6122171183097, testhost.dll, TestRequestHandler.SendData:  sending data from testhost: {"Version":5,"MessageType":"TestExecution.StatsChange","Payload":{"NewTestResults":[{"TestCase":{"Id":"56425d6c-3d9c-1e9b-d191-0ae61703e9f7","FullyQualifiedName":"PS2GradingTests.DependencyGraphTest.TestAddRemoveIndexerEmpty","DisplayName":"TestAddRemoveIndexerEmpty","ExecutorUri":"executor://MSTestAdapter/v2","Source":"C:\\Users\\u0995526\\Source\\Repos\\spreadsheet-ZacheyMIX\\Spreadsheet\\DependencyGraphTests\\bin\\Debug\\net6.0\\fine-code-coverage\\build-output\\DependencyGraphTests.dll","CodeFilePath":null,"LineNumber":-1,"Properties":[{"Key":{"Id":"TestCase.ManagedType","Label":"ManagedType","Category":"","Description":"","Attributes":1,"ValueType":"System.String"},"Value":"PS2GradingTests.DependencyGraphTest"},{"Key":{"Id":"TestCase.ManagedMethod","Label":"ManagedMethod","Category":"","Description":"","Attributes":1,"ValueType":"System.String"},"Value":"TestAddRemoveIndexerEmpty"},{"Key":{"Id":"MSTestDiscoverer.TestClassName","Label":"ClassName","Category":"","Description":"","Attributes":1,"ValueType":"System.String"},"Value":"PS2GradingTests.DependencyGraphTest"},{"Key":{"Id":"TestCase.Hierarchy","Label":"Hierarchy","Category":"","Description":"","Attributes":2,"ValueType":"System.String[]"},"Value":["PS2GradingTests","DependencyGraphTest"]},{"Key":{"Id":"MSTestDiscoverer.TestCategory","Label":"TestCategory","Category":"","Description":"","Attributes":5,"ValueType":"System.String[]"},"Value":["10"]},{"Key":{"Id":"TestObject.Traits","Label":"Traits","Category":"","Description":"","Attributes":5,"ValueType":"System.Collections.Generic.KeyValuePair`2[[System.String],[System.String]][]"},"Value":[]}]},"Attachments":[],"Outcome":2,"ErrorMessage":"Test method PS2GradingTests.DependencyGraphTest.TestAddRemoveIndexerEmpty threw exception: \r\nSystem.Collections.Generic.KeyNotFoundException: The given key 'y' was not present in the dictionary.","ErrorStackTrace":"    at System.Collections.Generic.Dictionary`2.get_Item(TKey key)\r\n   at SpreadsheetUtilities.DependencyGraph.get_Item(String s) in C:\\Users\\u0995526\\Source\\Repos\\spreadsheet-ZacheyMIX\\Spreadsheet\\DependencyGraph\\DependencyGraph.cs:line 91\r\n   at PS2GradingTests.DependencyGraphTest.TestAddRemoveIndexerEmpty() in C:\\Users\\u0995526\\Source\\Repos\\spreadsheet-ZacheyMIX\\Spreadsheet\\DependencyGraphTests\\DependencyGraphTests.cs:line 152\r\n","DisplayName":"TestAddRemoveIndexerEmpty","Messages":[],"ComputerName":null,"Duration":"00:00:00.0015545","StartTime":"2022-09-13T12:32:03.7349303-06:00","EndTime":"2022-09-13T12:32:03.7369318-06:00","Properties":[{"Key":{"Id":"ExecutionId","Label":"ExecutionId","Category":"","Description":"","Attributes":1,"ValueType":"System.Guid"},"Value":"00000000-0000-0000-0000-000000000000"},{"Key":{"Id":"ParentExecId","Label":"ParentExecId","Category":"","Description":"","Attributes":1,"ValueType":"System.Guid"},"Value":"00000000-0000-0000-0000-000000000000"},{"Key":{"Id":"InnerResultsCount","Label":"InnerResultsCount","Category":"","Description":"","Attributes":1,"ValueType":"System.Int32"},"Value":0}]},{"TestCase":{"Id":"1b922053-ce30-9d7e-4921-58ee5c47802c","FullyQualifiedName":"PS2GradingTests.DependencyGraphTest.TestRemoveTwice","DisplayName":"TestRemoveTwice","ExecutorUri":"executor://MSTestAdapter/v2","Source":"C:\\Users\\u0995526\\Source\\Repos\\spreadsheet-ZacheyMIX\\Spreadsheet\\DependencyGraphTests\\bin\\Debug\\net6.0\\fine-code-coverage\\build-output\\DependencyGraphTests.dll","CodeFilePath":null,"LineNumber":-1,"Properties":[{"Key":{"Id":"TestCase.ManagedType","Label":"ManagedType","Category":"","Description":"","Attributes":1,"ValueType":"System.String"},"Value":"PS2GradingTests.DependencyGraphTest"},{"Key":{"Id":"TestCase.ManagedMethod","Label":"ManagedMethod","Category":"","Description":"","Attributes":1,"ValueType":"System.String"},"Value":"TestRemoveTwice"},{"Key":{"Id":"MSTestDiscoverer.TestClassName","Label":"ClassName","Category":"","Description":"","Attributes":1,"ValueType":"System.String"},"Value":"PS2GradingTests.DependencyGraphTest"},{"Key":{"Id":"TestCase.Hierarchy","Label":"Hierarchy","Category":"","Description":"","Attributes":2,"ValueType":"System.String[]"},"Value":["PS2GradingTests","DependencyGraphTest"]},{"Key":{"Id":"MSTestDiscoverer.TestCategory","Label":"TestCategory","Category":"","Description":"","Attributes":5,"ValueType":"System.String[]"},"Value":["11"]},{"Key":{"Id":"TestObject.Traits","Label":"Traits","Category":"","Description":"","Attributes":5,"ValueType":"System.Collections.Generic.KeyValuePair`2[[System.String],[System.String]][]"},"Value":[]}]},"Attachments":[],"Outcome":1,"ErrorMessage":null,"ErrorStackTrace":null,"DisplayName":"TestRemoveTwice","Messages":[],"ComputerName":null,"Duration":"00:00:00.0002721","StartTime":"2022-09-13T12:32:03.7415799-06:00","EndTime":"2022-09-13T12:32:03.7423143-06:00","Properties":[{"Key":{"Id":"ExecutionId","Label":"ExecutionId","Category":"","Description":"","Attributes":1,"ValueType":"System.Guid"},"Value":"00000000-0000-0000-0000-000000000000"},{"Key":{"Id":"ParentExecId","Label":"ParentExecId","Category":"","Description":"","Attributes":1,"ValueType":"System.Guid"},"Value":"00000000-0000-0000-0000-000000000000"},{"Key":{"Id":"InnerResultsCount","Label":"InnerResultsCount","Category":"","Description":"","Attributes":1,"ValueType":"System.Int32"},"Value":0}]},{"TestCase":{"Id":"2676a23b-cb99-253c-7151-35f78c327ad3","FullyQualifiedName":"PS2GradingTests.DependencyGraphTest.TestRemoveReplace","DisplayName":"TestRemoveReplace","ExecutorUri":"executor://MSTestAdapter/v2","Source":"C:\\Users\\u0995526\\Source\\Repos\\spreadsheet-ZacheyMIX\\Spreadsheet\\DependencyGraphTests\\bin\\Debug\\net6.0\\fine-code-coverage\\build-output\\DependencyGraphTests.dll","CodeFilePath":null,"LineNumber":-1,"Properties":[{"Key":{"Id":"TestCase.ManagedType","Label":"ManagedType","Category":"","Description":"","Attributes":1,"ValueType":"System.String"},"Value":"PS2GradingTests.DependencyGraphTest"},{"Key":{"Id":"TestCase.ManagedMethod","Label":"ManagedMethod","Category":"","Description":"","Attributes":1,"ValueType":"System.String"},"Value":"TestRemoveReplace"},{"Key":{"Id":"MSTestDiscoverer.TestClassName","Label":"ClassName","Category":"","Description":"","Attributes":1,"ValueType":"System.String"},"Value":"PS2GradingTests.DependencyGraphTest"},{"Key":{"Id":"TestCase.Hierarchy","Label":"Hierarchy","Category":"","Description":"","Attributes":2,"ValueType":"System.String[]"},"Value":["PS2GradingTests","DependencyGraphTest"]},{"Key":{"Id":"MSTestDiscoverer.TestCategory","Label":"TestCategory","Category":"","Description":"","Attributes":5,"ValueType":"System.String[]"},"Value":["12"]},{"Key":{"Id":"TestObject.Traits","Label":"Traits","Category":"","Description":"","Attributes":5,"ValueType":"System.Collections.Generic.KeyValuePair`2[[System.String],[System.String]][]"},"Value":[]}]},"Attachments":[],"Outcome":1,"ErrorMessage":null,"ErrorStackTrace":null,"DisplayName":"TestRemoveReplace","Messages":[],"ComputerName":null,"Duration":"00:00:00.0003825","StartTime":"2022-09-13T12:32:03.7538438-06:00","EndTime":"2022-09-13T12:32:03.75463-06:00","Properties":[{"Key":{"Id":"ExecutionId","Label":"ExecutionId","Category":"","Description":"","Attributes":1,"ValueType":"System.Guid"},"Value":"00000000-0000-0000-0000-000000000000"},{"Key":{"Id":"ParentExecId","Label":"ParentExecId","Category":"","Description":"","Attributes":1,"ValueType":"System.Guid"},"Value":"00000000-0000-0000-0000-000000000000"},{"Key":{"Id":"InnerResultsCount","Label":"InnerResultsCount","Category":"","Description":"","Attributes":1,"ValueType":"System.Int32"},"Value":0}]},{"TestCase":{"Id":"9a22876d-a08f-ee20-6962-75164ec6dcea","FullyQualifiedName":"PS2GradingTests.DependencyGraphTest.TestStatic1","DisplayName":"TestStatic1","ExecutorUri":"executor://MSTestAdapter/v2","Source":"C:\\Users\\u0995526\\Source\\Repos\\spreadsheet-ZacheyMIX\\Spreadsheet\\DependencyGraphTests\\bin\\Debug\\net6.0\\fine-code-coverage\\build-output\\DependencyGraphTests.dll","CodeFilePath":null,"LineNumber":-1,"Properties":[{"Key":{"Id":"TestCase.ManagedType","Label":"ManagedType","Category":"","Description":"","Attributes":1,"ValueType":"System.String"},"Value":"PS2GradingTests.DependencyGraphTest"},{"Key":{"Id":"TestCase.ManagedMethod","Label":"ManagedMethod","Category":"","Description":"","Attributes":1,"ValueType":"System.String"},"Value":"TestStatic1"},{"Key":{"Id":"MSTestDiscoverer.TestClassName","Label":"ClassName","Category":"","Description":"","Attributes":1,"ValueType":"System.String"},"Value":"PS2GradingTests.DependencyGraphTest"},{"Key":{"Id":"TestCase.Hierarchy","Label":"Hierarchy","Category":"","Description":"","Attributes":2,"ValueType":"System.String[]"},"Value":["PS2GradingTests","DependencyGraphTest"]},{"Key":{"Id":"MSTestDiscoverer.TestCategory","Label":"TestCategory","Category":"","Description":"","Attributes":5,"ValueType":"System.String[]"},"Value":["13"]},{"Key":{"Id":"TestObject.Traits","Label":"Traits","Category":"","Description":"","Attributes":5,"ValueType":"System.Collections.Generic.KeyValuePair`2[[System.String],[System.String]][]"},"Value":[]}]},"Attachments":[],"Outcome":1,"ErrorMessage":null,"ErrorStackTrace":null,"DisplayName":"TestStatic1","Messages":[],"ComputerName":null,"Duration":"00:00:00.0003914","StartTime":"2022-09-13T12:32:03.7581413-06:00","EndTime":"2022-09-13T12:32:03.7589563-06:00","Properties":[{"Key":{"Id":"ExecutionId","Label":"ExecutionId","Category":"","Description":"","Attributes":1,"ValueType":"System.Guid"},"Value":"00000000-0000-0000-0000-000000000000"},{"Key":{"Id":"ParentExecId","Label":"ParentExecId","Category":"","Description":"","Attributes":1,"ValueType":"System.Guid"},"Value":"00000000-0000-0000-0000-000000000000"},{"Key":{"Id":"InnerResultsCount","Label":"InnerResultsCount","Category":"","Description":"","Attributes":1,"ValueType":"System.Int32"},"Value":0}]},{"TestCase":{"Id":"4382b814-cb40-ff94-92e7-f66aa648a2b0","FullyQualifiedName":"PS2GradingTests.DependencyGraphTest.TestStatic2","DisplayName":"TestStatic2","ExecutorUri":"executor://MSTestAdapter/v2","Source":"C:\\Users\\u0995526\\Source\\Repos\\spreadsheet-ZacheyMIX\\Spreadsheet\\DependencyGraphTests\\bin\\Debug\\net6.0\\fine-code-coverage\\build-output\\DependencyGraphTests.dll","CodeFilePath":null,"LineNumber":-1,"Properties":[{"Key":{"Id":"TestCase.ManagedType","Label":"ManagedType","Category":"","Description":"","Attributes":1,"ValueType":"System.String"},"Value":"PS2GradingTests.DependencyGraphTest"},{"Key":{"Id":"TestCase.ManagedMethod","Label":"ManagedMethod","Category":"","Description":"","Attributes":1,"ValueType":"System.String"},"Value":"TestStatic2"},{"Key":{"Id":"MSTestDiscoverer.TestClassName","Label":"ClassName","Category":"","Description":"","Attributes":1,"ValueType":"System.String"},"Value":"PS2GradingTests.DependencyGraphTest"},{"Key":{"Id":"TestCase.Hierarchy","Label":"Hierarchy","Category":"","Description":"","Attributes":2,"ValueType":"System.String[]"},"Value":["PS2GradingTests","DependencyGraphTest"]},{"Key":{"Id":"MSTestDiscoverer.TestCategory","Label":"TestCategory","Category":"","Description":"","Attributes":5,"ValueType":"System.String[]"},"Value":["14"]},{"Key":{"Id":"TestObject.Traits","Label":"Traits","Category":"","Description":"","Attributes":5,"ValueType":"System.Collections.Generic.KeyValuePair`2[[System.String],[System.String]][]"},"Value":[]}]},"Attachments":[],"Outcome":1,"ErrorMessage":null,"ErrorStackTrace":null,"DisplayName":"TestStatic2","Messages":[],"ComputerName":null,"Duration":"00:00:00.0002297","StartTime":"2022-09-13T12:32:03.7624031-06:00","EndTime":"2022-09-13T12:32:03.7629924-06:00","Properties":[{"Key":{"Id":"ExecutionId","Label":"ExecutionId","Category":"","Description":"","Attributes":1,"ValueType":"System.Guid"},"Value":"00000000-0000-0000-0000-000000000000"},{"Key":{"Id":"ParentExecId","Label":"ParentExecId","Category":"","Description":"","Attributes":1,"ValueType":"System.Guid"},"Value":"00000000-0000-0000-0000-000000000000"},{"Key":{"Id":"InnerResultsCount","Label":"InnerResultsCount","Category":"","Description":"","Attributes":1,"ValueType":"System.Int32"},"Value":0}]},{"TestCase":{"Id":"667eaa93-5e70-2aba-e80f-e3cd36431556","FullyQualifiedName":"PS2GradingTests.DependencyGraphTest.TestStatic3","DisplayName":"TestStatic3","ExecutorUri":"executor://MSTestAdapter/v2","Source":"C:\\Users\\u0995526\\Source\\Repos\\spreadsheet-ZacheyMIX\\Spreadsheet\\DependencyGraphTests\\bin\\Debug\\net6.0\\fine-code-coverage\\build-output\\DependencyGraphTests.dll","CodeFilePath":null,"LineNumber":-1,"Properties":[{"Key":{"Id":"TestCase.ManagedType","Label":"ManagedType","Category":"","Description":"","Attributes":1,"ValueType":"System.String"},"Value":"PS2GradingTests.DependencyGraphTest"},{"Key":{"Id":"TestCase.ManagedMethod","Label":"ManagedMethod","Category":"","Description":"","Attributes":1,"ValueType":"System.String"},"Value":"TestStatic3"},{"Key":{"Id":"MSTestDiscoverer.TestClassName","Label":"ClassName","Category":"","Description":"","Attributes":1,"ValueType":"System.String"},"Value":"PS2GradingTests.DependencyGraphTest"},{"Key":{"Id":"TestCase.Hierarchy","Label":"Hierarchy","Category":"","Description":"","Attributes":2,"ValueType":"System.String[]"},"Value":["PS2GradingTests","DependencyGraphTest"]},{"Key":{"Id":"MSTestDiscoverer.TestCategory","Label":"TestCategory","Category":"","Description":"","Attributes":5,"ValueType":"System.String[]"},"Value":["15"]},{"Key":{"Id":"TestObject.Traits","Label":"Traits","Category":"","Description":"","Attributes":5,"ValueType":"System.Collections.Generic.KeyValuePair`2[[System.String],[System.String]][]"},"Value":[]}]},"Attachments":[],"Outcome":1,"ErrorMessage":null,"ErrorStackTrace":null,"DisplayName":"TestStatic3","Messages":[],"ComputerName":null,"Duration":"00:00:00.0003052","StartTime":"2022-09-13T12:32:03.767561-06:00","EndTime":"2022-09-13T12:32:03.7683394-06:00","Properties":[{"Key":{"Id":"ExecutionId","Label":"ExecutionId","Category":"","Description":"","Attributes":1,"ValueType":"System.Guid"},"Value":"00000000-0000-0000-0000-000000000000"},{"Key":{"Id":"ParentExecId","Label":"ParentExecId","Category":"","Description":"","Attributes":1,"ValueType":"System.Guid"},"Value":"00000000-0000-0000-0000-000000000000"},{"Key":{"Id":"InnerResultsCount","Label":"InnerResultsCount","Category":"","Description":"","Attributes":1,"ValueType":"System.Int32"},"Value":0}]},{"TestCase":{"Id":"4e0c6507-7533-4773-9560-9bfd485b6893","FullyQualifiedName":"PS2GradingTests.DependencyGraphTest.TestStatic4","DisplayName":"TestStatic4","ExecutorUri":"executor://MSTestAdapter/v2","Source":"C:\\Users\\u0995526\\Source\\Repos\\spreadsheet-ZacheyMIX\\Spreadsheet\\DependencyGraphTests\\bin\\Debug\\net6.0\\fine-code-coverage\\build-output\\DependencyGraphTests.dll","CodeFilePath":null,"LineNumber":-1,"Properties":[{"Key":{"Id":"TestCase.ManagedType","Label":"ManagedType","Category":"","Description":"","Attributes":1,"ValueType":"System.String"},"Value":"PS2GradingTests.DependencyGraphTest"},{"Key":{"Id":"TestCase.ManagedMethod","Label":"ManagedMethod","Category":"","Description":"","Attributes":1,"ValueType":"System.String"},"Value":"TestStatic4"},{"Key":{"Id":"MSTestDiscoverer.TestClassName","Label":"ClassName","Category":"","Description":"","Attributes":1,"ValueType":"System.String"},"Value":"PS2GradingTests.DependencyGraphTest"},{"Key":{"Id":"TestCase.Hierarchy","Label":"Hierarchy","Category":"","Description":"","Attributes":2,"ValueType":"System.String[]"},"Value":["PS2GradingTests","DependencyGraphTest"]},{"Key":{"Id":"MSTestDiscoverer.TestCategory","Label":"TestCategory","Category":"","Description":"","Attributes":5,"ValueType":"System.String[]"},"Value":["16"]},{"Key":{"Id":"TestObject.Traits","Label":"Traits","Category":"","Description":"","Attributes":5,"ValueType":"System.Collections.Generic.KeyValuePair`2[[System.String],[System.String]][]"},"Value":[]}]},"Attachments":[],"Outcome":1,"ErrorMessage":null,"ErrorStackTrace":null,"DisplayName":"TestStatic4","Messages":[],"ComputerName":null,"Duration":"00:00:00.0002415","StartTime":"2022-09-13T12:32:03.7727629-06:00","EndTime":"2022-09-13T12:32:03.773362-06:00","Properties":[{"Key":{"Id":"ExecutionId","Label":"ExecutionId","Category":"","Description":"","Attributes":1,"ValueType":"System.Guid"},"Value":"00000000-0000-0000-0000-000000000000"},{"Key":{"Id":"ParentExecId","Label":"ParentExecId","Category":"","Description":"","Attributes":1,"ValueType":"System.Guid"},"Value":"00000000-0000-0000-0000-000000000000"},{"Key":{"Id":"InnerResultsCount","Label":"InnerResultsCount","Category":"","Description":"","Attributes":1,"ValueType":"System.Int32"},"Value":0}]},{"TestCase":{"Id":"e809b453-8fe5-324e-7678-5566513189fe","FullyQualifiedName":"PS2GradingTests.DependencyGraphTest.TestStatic5","DisplayName":"TestStatic5","ExecutorUri":"executor://MSTestAdapter/v2","Source":"C:\\Users\\u0995526\\Source\\Repos\\spreadsheet-ZacheyMIX\\Spreadsheet\\DependencyGraphTests\\bin\\Debug\\net6.0\\fine-code-coverage\\build-output\\DependencyGraphTests.dll","CodeFilePath":null,"LineNumber":-1,"Properties":[{"Key":{"Id":"TestCase.ManagedType","Label":"ManagedType","Category":"","Description":"","Attributes":1,"ValueType":"System.String"},"Value":"PS2GradingTests.DependencyGraphTest"},{"Key":{"Id":"TestCase.ManagedMethod","Label":"ManagedMethod","Category":"","Description":"","Attributes":1,"ValueType":"System.String"},"Value":"TestStatic5"},{"Key":{"Id":"MSTestDiscoverer.TestClassName","Label":"ClassName","Category":"","Description":"","Attributes":1,"ValueType":"System.String"},"Value":"PS2GradingTests.DependencyGraphTest"},{"Key":{"Id":"TestCase.Hierarchy","Label":"Hierarchy","Category":"","Description":"","Attributes":2,"ValueType":"System.String[]"},"Value":["PS2GradingTests","DependencyGraphTest"]},{"Key":{"Id":"MSTestDiscoverer.TestCategory","Label":"TestCategory","Category":"","Description":"","Attributes":5,"ValueType":"System.String[]"},"Value":["17"]},{"Key":{"Id":"TestObject.Traits","Label":"Traits","Category":"","Description":"","Attributes":5,"ValueType":"System.Collections.Generic.KeyValuePair`2[[System.String],[System.String]][]"},"Value":[]}]},"Attachments":[],"Outcome":1,"ErrorMessage":null,"ErrorStackTrace":null,"DisplayName":"TestStatic5","Messages":[],"ComputerName":null,"Duration":"00:00:00.0002454","StartTime":"2022-09-13T12:32:03.7765855-06:00","EndTime":"2022-09-13T12:32:03.7771573-06:00","Properties":[{"Key":{"Id":"ExecutionId","Label":"ExecutionId","Category":"","Description":"","Attributes":1,"ValueType":"System.Guid"},"Value":"00000000-0000-0000-0000-000000000000"},{"Key":{"Id":"ParentExecId","Label":"ParentExecId","Category":"","Description":"","Attributes":1,"ValueType":"System.Guid"},"Value":"00000000-0000-0000-0000-000000000000"},{"Key":{"Id":"InnerResultsCount","Label":"InnerResultsCount","Category":"","Description":"","Attributes":1,"ValueType":"System.Int32"},"Value":0}]},{"TestCase":{"Id":"3ddc9080-7f0c-5f66-04a8-6e669dbc9926","FullyQualifiedName":"PS2GradingTests.DependencyGraphTest.TestSimpleSize","DisplayName":"TestSimpleSize","ExecutorUri":"executor://MSTestAdapter/v2","Source":"C:\\Users\\u0995526\\Source\\Repos\\spreadsheet-ZacheyMIX\\Spreadsheet\\DependencyGraphTests\\bin\\Debug\\net6.0\\fine-code-coverage\\build-output\\DependencyGraphTests.dll","CodeFilePath":null,"LineNumber":-1,"Properties":[{"Key":{"Id":"TestCase.ManagedType","Label":"ManagedType","Category":"","Description":"","Attributes":1,"ValueType":"System.String"},"Value":"PS2GradingTests.DependencyGraphTest"},{"Key":{"Id":"TestCase.ManagedMethod","Label":"ManagedMethod","Category":"","Description":"","Attributes":1,"ValueType":"System.String"},"Value":"TestSimpleSize"},{"Key":{"Id":"MSTestDiscoverer.TestClassName","Label":"ClassName","Category":"","Description":"","Attributes":1,"ValueType":"System.String"},"Value":"PS2GradingTests.DependencyGraphTest"},{"Key":{"Id":"TestCase.Hierarchy","Label":"Hierarchy","Category":"","Description":"","Attributes":2,"ValueType":"System.String[]"},"Value":["PS2GradingTests","DependencyGraphTest"]},{"Key":{"Id":"MSTestDiscoverer.TestCategory","Label":"TestCategory","Category":"","Description":"","Attributes":5,"ValueType":"System.String[]"},"Value":["18"]},{"Key":{"Id":"TestObject.Traits","Label":"Traits","Category":"","Description":"","Attributes":5,"ValueType":"System.Collections.Generic.KeyValuePair`2[[System.String],[System.String]][]"},"Value":[]}]},"Attachments":[],"Outcome":1,"ErrorMessage":null,"ErrorStackTrace":null,"DisplayName":"TestSimpleSize","Messages":[],"ComputerName":null,"Duration":"00:00:00.0003924","StartTime":"2022-09-13T12:32:03.7826879-06:00","EndTime":"2022-09-13T12:32:03.7836414-06:00","Properties":[{"Key":{"Id":"ExecutionId","Label":"ExecutionId","Category":"","Description":"","Attributes":1,"ValueType":"System.Guid"},"Value":"00000000-0000-0000-0000-000000000000"},{"Key":{"Id":"ParentExecId","Label":"ParentExecId","Category":"","Description":"","Attributes":1,"ValueType":"System.Guid"},"Value":"00000000-0000-0000-0000-000000000000"},{"Key":{"Id":"InnerResultsCount","Label":"InnerResultsCount","Category":"","Description":"","Attributes":1,"ValueType":"System.Int32"},"Value":0}]}],"TestRunStatistics":{"ExecutedTests":18,"Stats":{"Passed":13,"Failed":5}},"ActiveTests":[{"Id":"58a470f4-9a6e-1012-0263-f9cbef21beb5","FullyQualifiedName":"PS2GradingTests.DependencyGraphTest.TestSimpleIndexer","DisplayName":"TestSimpleIndexer","ExecutorUri":"executor://MSTestAdapter/v2","Source":"C:\\Users\\u0995526\\Source\\Repos\\spreadsheet-ZacheyMIX\\Spreadsheet\\DependencyGraphTests\\bin\\Debug\\net6.0\\fine-code-coverage\\build-output\\DependencyGraphTests.dll","CodeFilePath":null,"LineNumber":-1,"Properties":[{"Key":{"Id":"TestCase.ManagedType","Label":"ManagedType","Category":"","Description":"","Attributes":1,"ValueType":"System.String"},"Value":"PS2GradingTests.DependencyGraphTest"},{"Key":{"Id":"TestCase.ManagedMethod","Label":"ManagedMethod","Category":"","Description":"","Attributes":1,"ValueType":"System.String"},"Value":"TestSimpleIndexer"},{"Key":{"Id":"MSTestDiscoverer.TestClassName","Label":"ClassName","Category":"","Description":"","Attributes":1,"ValueType":"System.String"},"Value":"PS2GradingTests.DependencyGraphTest"},{"Key":{"Id":"TestCase.Hierarchy","Label":"Hierarchy","Category":"","Description":"","Attributes":2,"ValueType":"System.String[]"},"Value":["PS2GradingTests","DependencyGraphTest"]},{"Key":{"Id":"MSTestDiscoverer.TestCategory","Label":"TestCategory","Category":"","Description":"","Attributes":5,"ValueType":"System.String[]"},"Value":["19"]},{"Key":{"Id":"TestObject.Traits","Label":"Traits","Category":"","Description":"","Attributes":5,"ValueType":"System.Collections.Generic.KeyValuePair`2[[System.String],[System.String]][]"},"Value":[]}]}]}}
TpTrace Verbose: 0 : 20520, 4, 2022/09/13, 12:32:03.788, 6122171186870, testhost.dll, TestRunCache: OnNewTestResult: Notified the onCacheHit callback.
TpTrace Information: 0 : 20520, 4, 2022/09/13, 12:32:03.790, 6122171202044, testhost.dll, MSTest - Executing test TestSimpleIndexer
TpTrace Information: 0 : 20520, 11, 2022/09/13, 12:32:03.791, 6122171217198, testhost.dll, AssemblyResolver.OnResolve: Microsoft.VisualStudio.TestPlatform.TestFramework.resources: Resolving assembly.
TpTrace Information: 0 : 20520, 11, 2022/09/13, 12:32:03.791, 6122171218741, testhost.dll, AssemblyResolver.OnResolve: Microsoft.VisualStudio.TestPlatform.TestFramework.resources: Searching in: 'C:\Users\u0995526\Source\Repos\spreadsheet-ZacheyMIX\Spreadsheet\DependencyGraphTests\bin\Debug\net6.0\fine-code-coverage\build-output'.
TpTrace Information: 0 : 20520, 11, 2022/09/13, 12:32:03.792, 6122171220716, testhost.dll, AssemblyResolver.OnResolve: Microsoft.VisualStudio.TestPlatform.TestFramework.resources: Assembly path does not exist: 'C:\Users\u0995526\Source\Repos\spreadsheet-ZacheyMIX\Spreadsheet\DependencyGraphTests\bin\Debug\net6.0\fine-code-coverage\build-output\Microsoft.VisualStudio.TestPlatform.TestFramework.resources.dll', returning.
TpTrace Information: 0 : 20520, 11, 2022/09/13, 12:32:03.792, 6122171222428, testhost.dll, AssemblyResolver.OnResolve: Microsoft.VisualStudio.TestPlatform.TestFramework.resources: Assembly path does not exist: 'C:\Users\u0995526\Source\Repos\spreadsheet-ZacheyMIX\Spreadsheet\DependencyGraphTests\bin\Debug\net6.0\fine-code-coverage\build-output\Microsoft.VisualStudio.TestPlatform.TestFramework.resources.exe', returning.
TpTrace Information: 0 : 20520, 11, 2022/09/13, 12:32:03.792, 6122171223299, testhost.dll, AssemblyResolver.OnResolve: Microsoft.VisualStudio.TestPlatform.TestFramework.resources: Failed to load assembly.
TpTrace Information: 0 : 20520, 4, 2022/09/13, 12:32:03.795, 6122171258703, testhost.dll, MSTest - Executed test TestSimpleIndexer
TpTrace Verbose: 0 : 20520, 4, 2022/09/13, 12:32:03.796, 6122171260200, testhost.dll, TestExecutionRecorder.RecordEnd: test: PS2GradingTests.DependencyGraphTest.TestSimpleIndexer execution completed.
TpTrace Warning: 0 : 20520, 4, 2022/09/13, 12:32:03.796, 6122171260998, testhost.dll, TestRunCache: InProgressTests is null
TpTrace Information: 0 : 20520, 4, 2022/09/13, 12:32:03.797, 6122171278416, testhost.dll, MSTest - MSTestExecutor:Test PS2GradingTests.DependencyGraphTest.TestSimpleIndexer failed. ErrorMessage:Assert.AreEqual failed. Expected:<2>. Actual:<1>. , ErrorStackTrace:   at PS2GradingTests.DependencyGraphTest.TestSimpleIndexer() in C:\Users\u0995526\Source\Repos\spreadsheet-ZacheyMIX\Spreadsheet\DependencyGraphTests\DependencyGraphTests.cs:line 262
.
TpTrace Verbose: 0 : 20520, 4, 2022/09/13, 12:32:03.797, 6122171279607, testhost.dll, TestExecutionRecorder.RecordResult: Received result for test: PS2GradingTests.DependencyGraphTest.TestSimpleIndexer.
TpTrace Warning: 0 : 20520, 4, 2022/09/13, 12:32:03.798, 6122171280620, testhost.dll, TestRunCache: InProgressTests is null
TpTrace Warning: 0 : 20520, 4, 2022/09/13, 12:32:03.798, 6122171281331, testhost.dll, TestRunCache: No test found corresponding to testResult 'TestSimpleIndexer' in inProgress list.
TpTrace Verbose: 0 : 20520, 4, 2022/09/13, 12:32:03.798, 6122171282428, testhost.dll, TestExecutionRecorder.RecordStart: Starting test: PS2GradingTests.DependencyGraphTest.TestSimpleHasDeps.
TpTrace Information: 0 : 20520, 4, 2022/09/13, 12:32:03.800, 6122171300021, testhost.dll, MSTest - Executing test TestSimpleHasDeps
TpTrace Information: 0 : 20520, 4, 2022/09/13, 12:32:03.801, 6122171317206, testhost.dll, MSTest - Executed test TestSimpleHasDeps
TpTrace Verbose: 0 : 20520, 4, 2022/09/13, 12:32:03.801, 6122171318633, testhost.dll, TestExecutionRecorder.RecordEnd: test: PS2GradingTests.DependencyGraphTest.TestSimpleHasDeps execution completed.
TpTrace Information: 0 : 20520, 4, 2022/09/13, 12:32:03.803, 6122171336014, testhost.dll, MSTest - MSTestExecutor:Test PS2GradingTests.DependencyGraphTest.TestSimpleHasDeps failed. ErrorMessage:Test method PS2GradingTests.DependencyGraphTest.TestSimpleHasDeps threw exception: 
System.Collections.Generic.KeyNotFoundException: The given key 'a' was not present in the dictionary., ErrorStackTrace:    at System.Collections.Generic.Dictionary`2.get_Item(TKey key)
   at SpreadsheetUtilities.DependencyGraph.HasDependents(String s) in C:\Users\u0995526\Source\Repos\spreadsheet-ZacheyMIX\Spreadsheet\DependencyGraph\DependencyGraph.cs:line 101
   at PS2GradingTests.DependencyGraphTest.TestSimpleHasDeps() in C:\Users\u0995526\Source\Repos\spreadsheet-ZacheyMIX\Spreadsheet\DependencyGraphTests\DependencyGraphTests.cs:line 277
.
TpTrace Verbose: 0 : 20520, 4, 2022/09/13, 12:32:03.803, 6122171337257, testhost.dll, TestExecutionRecorder.RecordResult: Received result for test: PS2GradingTests.DependencyGraphTest.TestSimpleHasDeps.
TpTrace Warning: 0 : 20520, 4, 2022/09/13, 12:32:03.803, 6122171338271, testhost.dll, TestRunCache: InProgressTests is null
TpTrace Warning: 0 : 20520, 4, 2022/09/13, 12:32:03.803, 6122171338982, testhost.dll, TestRunCache: No test found corresponding to testResult 'TestSimpleHasDeps' in inProgress list.
TpTrace Verbose: 0 : 20520, 4, 2022/09/13, 12:32:03.804, 6122171340057, testhost.dll, TestExecutionRecorder.RecordStart: Starting test: PS2GradingTests.DependencyGraphTest.TestSimpleEnumerator.
TpTrace Information: 0 : 20520, 4, 2022/09/13, 12:32:03.805, 6122171356753, testhost.dll, MSTest - Executing test TestSimpleEnumerator
TpTrace Information: 0 : 20520, 4, 2022/09/13, 12:32:03.806, 6122171368175, testhost.dll, MSTest - Executed test TestSimpleEnumerator
TpTrace Verbose: 0 : 20520, 4, 2022/09/13, 12:32:03.806, 6122171369572, testhost.dll, TestExecutionRecorder.RecordEnd: test: PS2GradingTests.DependencyGraphTest.TestSimpleEnumerator execution completed.
TpTrace Verbose: 0 : 20520, 4, 2022/09/13, 12:32:03.808, 6122171386418, testhost.dll, TestExecutionRecorder.RecordResult: Received result for test: PS2GradingTests.DependencyGraphTest.TestSimpleEnumerator.
TpTrace Warning: 0 : 20520, 4, 2022/09/13, 12:32:03.808, 6122171387835, testhost.dll, TestRunCache: InProgressTests is null
TpTrace Warning: 0 : 20520, 4, 2022/09/13, 12:32:03.808, 6122171388643, testhost.dll, TestRunCache: No test found corresponding to testResult 'TestSimpleEnumerator' in inProgress list.
TpTrace Verbose: 0 : 20520, 4, 2022/09/13, 12:32:03.808, 6122171389768, testhost.dll, TestExecutionRecorder.RecordStart: Starting test: PS2GradingTests.DependencyGraphTest.TestSimpleEnumerator2.
TpTrace Information: 0 : 20520, 4, 2022/09/13, 12:32:03.810, 6122171409793, testhost.dll, MSTest - Executing test TestSimpleEnumerator2
TpTrace Information: 0 : 20520, 4, 2022/09/13, 12:32:03.812, 6122171420412, testhost.dll, MSTest - Executed test TestSimpleEnumerator2
TpTrace Verbose: 0 : 20520, 4, 2022/09/13, 12:32:03.812, 6122171421527, testhost.dll, TestExecutionRecorder.RecordEnd: test: PS2GradingTests.DependencyGraphTest.TestSimpleEnumerator2 execution completed.
TpTrace Verbose: 0 : 20520, 4, 2022/09/13, 12:32:03.813, 6122171438011, testhost.dll, TestExecutionRecorder.RecordResult: Received result for test: PS2GradingTests.DependencyGraphTest.TestSimpleEnumerator2.
TpTrace Warning: 0 : 20520, 4, 2022/09/13, 12:32:03.813, 6122171439189, testhost.dll, TestRunCache: InProgressTests is null
TpTrace Warning: 0 : 20520, 4, 2022/09/13, 12:32:03.813, 6122171439686, testhost.dll, TestRunCache: No test found corresponding to testResult 'TestSimpleEnumerator2' in inProgress list.
TpTrace Verbose: 0 : 20520, 4, 2022/09/13, 12:32:03.814, 6122171440461, testhost.dll, TestExecutionRecorder.RecordStart: Starting test: PS2GradingTests.DependencyGraphTest.TestDuplicatesSize.
TpTrace Information: 0 : 20520, 4, 2022/09/13, 12:32:03.815, 6122171455101, testhost.dll, MSTest - Executing test TestDuplicatesSize
TpTrace Information: 0 : 20520, 4, 2022/09/13, 12:32:03.816, 6122171461291, testhost.dll, MSTest - Executed test TestDuplicatesSize
TpTrace Verbose: 0 : 20520, 4, 2022/09/13, 12:32:03.816, 6122171462304, testhost.dll, TestExecutionRecorder.RecordEnd: test: PS2GradingTests.DependencyGraphTest.TestDuplicatesSize execution completed.
TpTrace Verbose: 0 : 20520, 4, 2022/09/13, 12:32:03.817, 6122171477437, testhost.dll, TestExecutionRecorder.RecordResult: Received result for test: PS2GradingTests.DependencyGraphTest.TestDuplicatesSize.
TpTrace Warning: 0 : 20520, 4, 2022/09/13, 12:32:03.817, 6122171478622, testhost.dll, TestRunCache: InProgressTests is null
TpTrace Warning: 0 : 20520, 4, 2022/09/13, 12:32:03.817, 6122171479117, testhost.dll, TestRunCache: No test found corresponding to testResult 'TestDuplicatesSize' in inProgress list.
TpTrace Verbose: 0 : 20520, 4, 2022/09/13, 12:32:03.818, 6122171479874, testhost.dll, TestExecutionRecorder.RecordStart: Starting test: PS2GradingTests.DependencyGraphTest.TestDuplicatesIndexer.
TpTrace Information: 0 : 20520, 4, 2022/09/13, 12:32:03.819, 6122171493952, testhost.dll, MSTest - Executing test TestDuplicatesIndexer
TpTrace Information: 0 : 20520, 4, 2022/09/13, 12:32:03.820, 6122171509455, testhost.dll, MSTest - Executed test TestDuplicatesIndexer
TpTrace Verbose: 0 : 20520, 4, 2022/09/13, 12:32:03.821, 6122171510704, testhost.dll, TestExecutionRecorder.RecordEnd: test: PS2GradingTests.DependencyGraphTest.TestDuplicatesIndexer execution completed.
TpTrace Information: 0 : 20520, 4, 2022/09/13, 12:32:03.822, 6122171528368, testhost.dll, MSTest - MSTestExecutor:Test PS2GradingTests.DependencyGraphTest.TestDuplicatesIndexer failed. ErrorMessage:Assert.AreEqual failed. Expected:<2>. Actual:<1>. , ErrorStackTrace:   at PS2GradingTests.DependencyGraphTest.TestDuplicatesIndexer() in C:\Users\u0995526\Source\Repos\spreadsheet-ZacheyMIX\Spreadsheet\DependencyGraphTests\DependencyGraphTests.cs:line 384
.
TpTrace Verbose: 0 : 20520, 4, 2022/09/13, 12:32:03.822, 6122171529679, testhost.dll, TestExecutionRecorder.RecordResult: Received result for test: PS2GradingTests.DependencyGraphTest.TestDuplicatesIndexer.
TpTrace Warning: 0 : 20520, 4, 2022/09/13, 12:32:03.823, 6122171530706, testhost.dll, TestRunCache: InProgressTests is null
TpTrace Warning: 0 : 20520, 4, 2022/09/13, 12:32:03.823, 6122171531453, testhost.dll, TestRunCache: No test found corresponding to testResult 'TestDuplicatesIndexer' in inProgress list.
TpTrace Verbose: 0 : 20520, 4, 2022/09/13, 12:32:03.823, 6122171532252, testhost.dll, TestExecutionRecorder.RecordStart: Starting test: PS2GradingTests.DependencyGraphTest.TestDuplicatesDeps.
TpTrace Information: 0 : 20520, 4, 2022/09/13, 12:32:03.828, 6122171585955, testhost.dll, MSTest - Executing test TestDuplicatesDeps
TpTrace Information: 0 : 20520, 4, 2022/09/13, 12:32:03.830, 6122171602810, testhost.dll, MSTest - Executed test TestDuplicatesDeps
TpTrace Verbose: 0 : 20520, 4, 2022/09/13, 12:32:03.830, 6122171604223, testhost.dll, TestExecutionRecorder.RecordEnd: test: PS2GradingTests.DependencyGraphTest.TestDuplicatesDeps execution completed.
TpTrace Information: 0 : 20520, 4, 2022/09/13, 12:32:03.832, 6122171620383, testhost.dll, MSTest - MSTestExecutor:Test PS2GradingTests.DependencyGraphTest.TestDuplicatesDeps failed. ErrorMessage:Test method PS2GradingTests.DependencyGraphTest.TestDuplicatesDeps threw exception: 
System.Collections.Generic.KeyNotFoundException: The given key 'a' was not present in the dictionary., ErrorStackTrace:    at System.Collections.Generic.Dictionary`2.get_Item(TKey key)
   at SpreadsheetUtilities.DependencyGraph.HasDependents(String s) in C:\Users\u0995526\Source\Repos\spreadsheet-ZacheyMIX\Spreadsheet\DependencyGraph\DependencyGraph.cs:line 101
   at PS2GradingTests.DependencyGraphTest.TestDuplicatesDeps() in C:\Users\u0995526\Source\Repos\spreadsheet-ZacheyMIX\Spreadsheet\DependencyGraphTests\DependencyGraphTests.cs:line 401
.
TpTrace Verbose: 0 : 20520, 4, 2022/09/13, 12:32:03.832, 6122171621373, testhost.dll, TestExecutionRecorder.RecordResult: Received result for test: PS2GradingTests.DependencyGraphTest.TestDuplicatesDeps.
TpTrace Warning: 0 : 20520, 4, 2022/09/13, 12:32:03.832, 6122171622145, testhost.dll, TestRunCache: InProgressTests is null
TpTrace Warning: 0 : 20520, 4, 2022/09/13, 12:32:03.832, 6122171622822, testhost.dll, TestRunCache: No test found corresponding to testResult 'TestDuplicatesDeps' in inProgress list.
TpTrace Verbose: 0 : 20520, 4, 2022/09/13, 12:32:03.832, 6122171623943, testhost.dll, TestExecutionRecorder.RecordStart: Starting test: PS2GradingTests.DependencyGraphTest.TestDuplicatesEnumerator.
TpTrace Information: 0 : 20520, 4, 2022/09/13, 12:32:03.834, 6122171644052, testhost.dll, MSTest - Executing test TestDuplicatesEnumerator
TpTrace Information: 0 : 20520, 4, 2022/09/13, 12:32:03.835, 6122171655418, testhost.dll, MSTest - Executed test TestDuplicatesEnumerator
TpTrace Verbose: 0 : 20520, 4, 2022/09/13, 12:32:03.835, 6122171656736, testhost.dll, TestExecutionRecorder.RecordEnd: test: PS2GradingTests.DependencyGraphTest.TestDuplicatesEnumerator execution completed.
TpTrace Verbose: 0 : 20520, 4, 2022/09/13, 12:32:03.837, 6122171672208, testhost.dll, TestExecutionRecorder.RecordResult: Received result for test: PS2GradingTests.DependencyGraphTest.TestDuplicatesEnumerator.
TpTrace Warning: 0 : 20520, 4, 2022/09/13, 12:32:03.837, 6122171673272, testhost.dll, TestRunCache: InProgressTests is null
TpTrace Warning: 0 : 20520, 4, 2022/09/13, 12:32:03.837, 6122171673789, testhost.dll, TestRunCache: No test found corresponding to testResult 'TestDuplicatesEnumerator' in inProgress list.
TpTrace Verbose: 0 : 20520, 4, 2022/09/13, 12:32:03.837, 6122171674548, testhost.dll, TestExecutionRecorder.RecordStart: Starting test: PS2GradingTests.DependencyGraphTest.TestDuplicatesEnumerator2.
TpTrace Information: 0 : 20520, 4, 2022/09/13, 12:32:03.838, 6122171686295, testhost.dll, MSTest - Executing test TestDuplicatesEnumerator2
TpTrace Information: 0 : 20520, 4, 2022/09/13, 12:32:03.839, 6122171696186, testhost.dll, MSTest - Executed test TestDuplicatesEnumerator2
TpTrace Verbose: 0 : 20520, 4, 2022/09/13, 12:32:03.839, 6122171697003, testhost.dll, TestExecutionRecorder.RecordEnd: test: PS2GradingTests.DependencyGraphTest.TestDuplicatesEnumerator2 execution completed.
TpTrace Verbose: 0 : 20520, 4, 2022/09/13, 12:32:03.840, 6122171708856, testhost.dll, TestExecutionRecorder.RecordResult: Received result for test: PS2GradingTests.DependencyGraphTest.TestDuplicatesEnumerator2.
TpTrace Warning: 0 : 20520, 4, 2022/09/13, 12:32:03.840, 6122171709759, testhost.dll, TestRunCache: InProgressTests is null
TpTrace Warning: 0 : 20520, 4, 2022/09/13, 12:32:03.841, 6122171710241, testhost.dll, TestRunCache: No test found corresponding to testResult 'TestDuplicatesEnumerator2' in inProgress list.
TpTrace Verbose: 0 : 20520, 4, 2022/09/13, 12:32:03.841, 6122171710946, testhost.dll, TestExecutionRecorder.RecordStart: Starting test: PS2GradingTests.DependencyGraphTest.TestComplexAddRemove.
TpTrace Information: 0 : 20520, 4, 2022/09/13, 12:32:03.841, 6122171711397, testhost.dll, Sending test run statistics
TpTrace Verbose: 0 : 20520, 4, 2022/09/13, 12:32:03.842, 6122171729758, testhost.dll, TestRequestHandler.SendData:  sending data from testhost: {"Version":5,"MessageType":"TestExecution.StatsChange","Payload":{"NewTestResults":[{"TestCase":{"Id":"58a470f4-9a6e-1012-0263-f9cbef21beb5","FullyQualifiedName":"PS2GradingTests.DependencyGraphTest.TestSimpleIndexer","DisplayName":"TestSimpleIndexer","ExecutorUri":"executor://MSTestAdapter/v2","Source":"C:\\Users\\u0995526\\Source\\Repos\\spreadsheet-ZacheyMIX\\Spreadsheet\\DependencyGraphTests\\bin\\Debug\\net6.0\\fine-code-coverage\\build-output\\DependencyGraphTests.dll","CodeFilePath":null,"LineNumber":-1,"Properties":[{"Key":{"Id":"TestCase.ManagedType","Label":"ManagedType","Category":"","Description":"","Attributes":1,"ValueType":"System.String"},"Value":"PS2GradingTests.DependencyGraphTest"},{"Key":{"Id":"TestCase.ManagedMethod","Label":"ManagedMethod","Category":"","Description":"","Attributes":1,"ValueType":"System.String"},"Value":"TestSimpleIndexer"},{"Key":{"Id":"MSTestDiscoverer.TestClassName","Label":"ClassName","Category":"","Description":"","Attributes":1,"ValueType":"System.String"},"Value":"PS2GradingTests.DependencyGraphTest"},{"Key":{"Id":"TestCase.Hierarchy","Label":"Hierarchy","Category":"","Description":"","Attributes":2,"ValueType":"System.String[]"},"Value":["PS2GradingTests","DependencyGraphTest"]},{"Key":{"Id":"MSTestDiscoverer.TestCategory","Label":"TestCategory","Category":"","Description":"","Attributes":5,"ValueType":"System.String[]"},"Value":["19"]},{"Key":{"Id":"TestObject.Traits","Label":"Traits","Category":"","Description":"","Attributes":5,"ValueType":"System.Collections.Generic.KeyValuePair`2[[System.String],[System.String]][]"},"Value":[]}]},"Attachments":[],"Outcome":2,"ErrorMessage":"Assert.AreEqual failed. Expected:<2>. Actual:<1>. ","ErrorStackTrace":"   at PS2GradingTests.DependencyGraphTest.TestSimpleIndexer() in C:\\Users\\u0995526\\Source\\Repos\\spreadsheet-ZacheyMIX\\Spreadsheet\\DependencyGraphTests\\DependencyGraphTests.cs:line 262\r\n","DisplayName":"TestSimpleIndexer","Messages":[],"ComputerName":null,"Duration":"00:00:00.0053663","StartTime":"2022-09-13T12:32:03.7902039-06:00","EndTime":"2022-09-13T12:32:03.7960112-06:00","Properties":[{"Key":{"Id":"ExecutionId","Label":"ExecutionId","Category":"","Description":"","Attributes":1,"ValueType":"System.Guid"},"Value":"00000000-0000-0000-0000-000000000000"},{"Key":{"Id":"ParentExecId","Label":"ParentExecId","Category":"","Description":"","Attributes":1,"ValueType":"System.Guid"},"Value":"00000000-0000-0000-0000-000000000000"},{"Key":{"Id":"InnerResultsCount","Label":"InnerResultsCount","Category":"","Description":"","Attributes":1,"ValueType":"System.Int32"},"Value":0}]},{"TestCase":{"Id":"18e5edff-6f55-2c5c-74f3-af0c3a5605a7","FullyQualifiedName":"PS2GradingTests.DependencyGraphTest.TestSimpleHasDeps","DisplayName":"TestSimpleHasDeps","ExecutorUri":"executor://MSTestAdapter/v2","Source":"C:\\Users\\u0995526\\Source\\Repos\\spreadsheet-ZacheyMIX\\Spreadsheet\\DependencyGraphTests\\bin\\Debug\\net6.0\\fine-code-coverage\\build-output\\DependencyGraphTests.dll","CodeFilePath":null,"LineNumber":-1,"Properties":[{"Key":{"Id":"TestCase.ManagedType","Label":"ManagedType","Category":"","Description":"","Attributes":1,"ValueType":"System.String"},"Value":"PS2GradingTests.DependencyGraphTest"},{"Key":{"Id":"TestCase.ManagedMethod","Label":"ManagedMethod","Category":"","Description":"","Attributes":1,"ValueType":"System.String"},"Value":"TestSimpleHasDeps"},{"Key":{"Id":"MSTestDiscoverer.TestClassName","Label":"ClassName","Category":"","Description":"","Attributes":1,"ValueType":"System.String"},"Value":"PS2GradingTests.DependencyGraphTest"},{"Key":{"Id":"TestCase.Hierarchy","Label":"Hierarchy","Category":"","Description":"","Attributes":2,"ValueType":"System.String[]"},"Value":["PS2GradingTests","DependencyGraphTest"]},{"Key":{"Id":"MSTestDiscoverer.TestCategory","Label":"TestCategory","Category":"","Description":"","Attributes":5,"ValueType":"System.String[]"},"Value":["20"]},{"Key":{"Id":"TestObject.Traits","Label":"Traits","Category":"","Description":"","Attributes":5,"ValueType":"System.Collections.Generic.KeyValuePair`2[[System.String],[System.String]][]"},"Value":[]}]},"Attachments":[],"Outcome":2,"ErrorMessage":"Test method PS2GradingTests.DependencyGraphTest.TestSimpleHasDeps threw exception: \r\nSystem.Collections.Generic.KeyNotFoundException: The given key 'a' was not present in the dictionary.","ErrorStackTrace":"    at System.Collections.Generic.Dictionary`2.get_Item(TKey key)\r\n   at SpreadsheetUtilities.DependencyGraph.HasDependents(String s) in C:\\Users\\u0995526\\Source\\Repos\\spreadsheet-ZacheyMIX\\Spreadsheet\\DependencyGraph\\DependencyGraph.cs:line 101\r\n   at PS2GradingTests.DependencyGraphTest.TestSimpleHasDeps() in C:\\Users\\u0995526\\Source\\Repos\\spreadsheet-ZacheyMIX\\Spreadsheet\\DependencyGraphTests\\DependencyGraphTests.cs:line 277\r\n","DisplayName":"TestSimpleHasDeps","Messages":[],"ComputerName":null,"Duration":"00:00:00.0013506","StartTime":"2022-09-13T12:32:03.7999961-06:00","EndTime":"2022-09-13T12:32:03.8018557-06:00","Properties":[{"Key":{"Id":"ExecutionId","Label":"ExecutionId","Category":"","Description":"","Attributes":1,"ValueType":"System.Guid"},"Value":"00000000-0000-0000-0000-000000000000"},{"Key":{"Id":"ParentExecId","Label":"ParentExecId","Category":"","Description":"","Attributes":1,"ValueType":"System.Guid"},"Value":"00000000-0000-0000-0000-000000000000"},{"Key":{"Id":"InnerResultsCount","Label":"InnerResultsCount","Category":"","Description":"","Attributes":1,"ValueType":"System.Int32"},"Value":0}]},{"TestCase":{"Id":"f65bad99-74c9-d201-1cea-7691a57a4c87","FullyQualifiedName":"PS2GradingTests.DependencyGraphTest.TestSimpleEnumerator","DisplayName":"TestSimpleEnumerator","ExecutorUri":"executor://MSTestAdapter/v2","Source":"C:\\Users\\u0995526\\Source\\Repos\\spreadsheet-ZacheyMIX\\Spreadsheet\\DependencyGraphTests\\bin\\Debug\\net6.0\\fine-code-coverage\\build-output\\DependencyGraphTests.dll","CodeFilePath":null,"LineNumber":-1,"Properties":[{"Key":{"Id":"TestCase.ManagedType","Label":"ManagedType","Category":"","Description":"","Attributes":1,"ValueType":"System.String"},"Value":"PS2GradingTests.DependencyGraphTest"},{"Key":{"Id":"TestCase.ManagedMethod","Label":"ManagedMethod","Category":"","Description":"","Attributes":1,"ValueType":"System.String"},"Value":"TestSimpleEnumerator"},{"Key":{"Id":"MSTestDiscoverer.TestClassName","Label":"ClassName","Category":"","Description":"","Attributes":1,"ValueType":"System.String"},"Value":"PS2GradingTests.DependencyGraphTest"},{"Key":{"Id":"TestCase.Hierarchy","Label":"Hierarchy","Category":"","Description":"","Attributes":2,"ValueType":"System.String[]"},"Value":["PS2GradingTests","DependencyGraphTest"]},{"Key":{"Id":"MSTestDiscoverer.TestCategory","Label":"TestCategory","Category":"","Description":"","Attributes":5,"ValueType":"System.String[]"},"Value":["21"]},{"Key":{"Id":"TestObject.Traits","Label":"Traits","Category":"","Description":"","Attributes":5,"ValueType":"System.Collections.Generic.KeyValuePair`2[[System.String],[System.String]][]"},"Value":[]}]},"Attachments":[],"Outcome":1,"ErrorMessage":null,"ErrorStackTrace":null,"DisplayName":"TestSimpleEnumerator","Messages":[],"ComputerName":null,"Duration":"00:00:00.0007673","StartTime":"2022-09-13T12:32:03.8056722-06:00","EndTime":"2022-09-13T12:32:03.806951-06:00","Properties":[{"Key":{"Id":"ExecutionId","Label":"ExecutionId","Category":"","Description":"","Attributes":1,"ValueType":"System.Guid"},"Value":"00000000-0000-0000-0000-000000000000"},{"Key":{"Id":"ParentExecId","Label":"ParentExecId","Category":"","Description":"","Attributes":1,"ValueType":"System.Guid"},"Value":"00000000-0000-0000-0000-000000000000"},{"Key":{"Id":"InnerResultsCount","Label":"InnerResultsCount","Category":"","Description":"","Attributes":1,"ValueType":"System.Int32"},"Value":0}]},{"TestCase":{"Id":"b80dfedb-aeb5-ef20-a197-e07b4ef72a16","FullyQualifiedName":"PS2GradingTests.DependencyGraphTest.TestSimpleEnumerator2","DisplayName":"TestSimpleEnumerator2","ExecutorUri":"executor://MSTestAdapter/v2","Source":"C:\\Users\\u0995526\\Source\\Repos\\spreadsheet-ZacheyMIX\\Spreadsheet\\DependencyGraphTests\\bin\\Debug\\net6.0\\fine-code-coverage\\build-output\\DependencyGraphTests.dll","CodeFilePath":null,"LineNumber":-1,"Properties":[{"Key":{"Id":"TestCase.ManagedType","Label":"ManagedType","Category":"","Description":"","Attributes":1,"ValueType":"System.String"},"Value":"PS2GradingTests.DependencyGraphTest"},{"Key":{"Id":"TestCase.ManagedMethod","Label":"ManagedMethod","Category":"","Description":"","Attributes":1,"ValueType":"System.String"},"Value":"TestSimpleEnumerator2"},{"Key":{"Id":"MSTestDiscoverer.TestClassName","Label":"ClassName","Category":"","Description":"","Attributes":1,"ValueType":"System.String"},"Value":"PS2GradingTests.DependencyGraphTest"},{"Key":{"Id":"TestCase.Hierarchy","Label":"Hierarchy","Category":"","Description":"","Attributes":2,"ValueType":"System.String[]"},"Value":["PS2GradingTests","DependencyGraphTest"]},{"Key":{"Id":"MSTestDiscoverer.TestCategory","Label":"TestCategory","Category":"","Description":"","Attributes":5,"ValueType":"System.String[]"},"Value":["22"]},{"Key":{"Id":"TestObject.Traits","Label":"Traits","Category":"","Description":"","Attributes":5,"ValueType":"System.Collections.Generic.KeyValuePair`2[[System.String],[System.String]][]"},"Value":[]}]},"Attachments":[],"Outcome":1,"ErrorMessage":null,"ErrorStackTrace":null,"DisplayName":"TestSimpleEnumerator2","Messages":[],"ComputerName":null,"Duration":"00:00:00.0007634","StartTime":"2022-09-13T12:32:03.8109806-06:00","EndTime":"2022-09-13T12:32:03.8121502-06:00","Properties":[{"Key":{"Id":"ExecutionId","Label":"ExecutionId","Category":"","Description":"","Attributes":1,"ValueType":"System.Guid"},"Value":"00000000-0000-0000-0000-000000000000"},{"Key":{"Id":"ParentExecId","Label":"ParentExecId","Category":"","Description":"","Attributes":1,"ValueType":"System.Guid"},"Value":"00000000-0000-0000-0000-000000000000"},{"Key":{"Id":"InnerResultsCount","Label":"InnerResultsCount","Category":"","Description":"","Attributes":1,"ValueType":"System.Int32"},"Value":0}]},{"TestCase":{"Id":"c06cc4ae-821a-0c5e-a3da-8aa811c7d76b","FullyQualifiedName":"PS2GradingTests.DependencyGraphTest.TestDuplicatesSize","DisplayName":"TestDuplicatesSize","ExecutorUri":"executor://MSTestAdapter/v2","Source":"C:\\Users\\u0995526\\Source\\Repos\\spreadsheet-ZacheyMIX\\Spreadsheet\\DependencyGraphTests\\bin\\Debug\\net6.0\\fine-code-coverage\\build-output\\DependencyGraphTests.dll","CodeFilePath":null,"LineNumber":-1,"Properties":[{"Key":{"Id":"TestCase.ManagedType","Label":"ManagedType","Category":"","Description":"","Attributes":1,"ValueType":"System.String"},"Value":"PS2GradingTests.DependencyGraphTest"},{"Key":{"Id":"TestCase.ManagedMethod","Label":"ManagedMethod","Category":"","Description":"","Attributes":1,"ValueType":"System.String"},"Value":"TestDuplicatesSize"},{"Key":{"Id":"MSTestDiscoverer.TestClassName","Label":"ClassName","Category":"","Description":"","Attributes":1,"ValueType":"System.String"},"Value":"PS2GradingTests.DependencyGraphTest"},{"Key":{"Id":"TestCase.Hierarchy","Label":"Hierarchy","Category":"","Description":"","Attributes":2,"ValueType":"System.String[]"},"Value":["PS2GradingTests","DependencyGraphTest"]},{"Key":{"Id":"MSTestDiscoverer.TestCategory","Label":"TestCategory","Category":"","Description":"","Attributes":5,"ValueType":"System.String[]"},"Value":["23"]},{"Key":{"Id":"TestObject.Traits","Label":"Traits","Category":"","Description":"","Attributes":5,"ValueType":"System.Collections.Generic.KeyValuePair`2[[System.String],[System.String]][]"},"Value":[]}]},"Attachments":[],"Outcome":1,"ErrorMessage":null,"ErrorStackTrace":null,"DisplayName":"TestDuplicatesSize","Messages":[],"ComputerName":null,"Duration":"00:00:00.0003303","StartTime":"2022-09-13T12:32:03.8155059-06:00","EndTime":"2022-09-13T12:32:03.8162276-06:00","Properties":[{"Key":{"Id":"ExecutionId","Label":"ExecutionId","Category":"","Description":"","Attributes":1,"ValueType":"System.Guid"},"Value":"00000000-0000-0000-0000-000000000000"},{"Key":{"Id":"ParentExecId","Label":"ParentExecId","Category":"","Description":"","Attributes":1,"ValueType":"System.Guid"},"Value":"00000000-0000-0000-0000-000000000000"},{"Key":{"Id":"InnerResultsCount","Label":"InnerResultsCount","Category":"","Description":"","Attributes":1,"ValueType":"System.Int32"},"Value":0}]},{"TestCase":{"Id":"3fc40276-de53-900a-1db3-de3eb00b3590","FullyQualifiedName":"PS2GradingTests.DependencyGraphTest.TestDuplicatesIndexer","DisplayName":"TestDuplicatesIndexer","ExecutorUri":"executor://MSTestAdapter/v2","Source":"C:\\Users\\u0995526\\Source\\Repos\\spreadsheet-ZacheyMIX\\Spreadsheet\\DependencyGraphTests\\bin\\Debug\\net6.0\\fine-code-coverage\\build-output\\DependencyGraphTests.dll","CodeFilePath":null,"LineNumber":-1,"Properties":[{"Key":{"Id":"TestCase.ManagedType","Label":"ManagedType","Category":"","Description":"","Attributes":1,"ValueType":"System.String"},"Value":"PS2GradingTests.DependencyGraphTest"},{"Key":{"Id":"TestCase.ManagedMethod","Label":"ManagedMethod","Category":"","Description":"","Attributes":1,"ValueType":"System.String"},"Value":"TestDuplicatesIndexer"},{"Key":{"Id":"MSTestDiscoverer.TestClassName","Label":"ClassName","Category":"","Description":"","Attributes":1,"ValueType":"System.String"},"Value":"PS2GradingTests.DependencyGraphTest"},{"Key":{"Id":"TestCase.Hierarchy","Label":"Hierarchy","Category":"","Description":"","Attributes":2,"ValueType":"System.String[]"},"Value":["PS2GradingTests","DependencyGraphTest"]},{"Key":{"Id":"MSTestDiscoverer.TestCategory","Label":"TestCategory","Category":"","Description":"","Attributes":5,"ValueType":"System.String[]"},"Value":["24"]},{"Key":{"Id":"TestObject.Traits","Label":"Traits","Category":"","Description":"","Attributes":5,"ValueType":"System.Collections.Generic.KeyValuePair`2[[System.String],[System.String]][]"},"Value":[]}]},"Attachments":[],"Outcome":2,"ErrorMessage":"Assert.AreEqual failed. Expected:<2>. Actual:<1>. ","ErrorStackTrace":"   at PS2GradingTests.DependencyGraphTest.TestDuplicatesIndexer() in C:\\Users\\u0995526\\Source\\Repos\\spreadsheet-ZacheyMIX\\Spreadsheet\\DependencyGraphTests\\DependencyGraphTests.cs:line 384\r\n","DisplayName":"TestDuplicatesIndexer","Messages":[],"ComputerName":null,"Duration":"00:00:00.0012622","StartTime":"2022-09-13T12:32:03.8193967-06:00","EndTime":"2022-09-13T12:32:03.8210625-06:00","Properties":[{"Key":{"Id":"ExecutionId","Label":"ExecutionId","Category":"","Description":"","Attributes":1,"ValueType":"System.Guid"},"Value":"00000000-0000-0000-0000-000000000000"},{"Key":{"Id":"ParentExecId","Label":"ParentExecId","Category":"","Description":"","Attributes":1,"ValueType":"System.Guid"},"Value":"00000000-0000-0000-0000-000000000000"},{"Key":{"Id":"InnerResultsCount","Label":"InnerResultsCount","Category":"","Description":"","Attributes":1,"ValueType":"System.Int32"},"Value":0}]},{"TestCase":{"Id":"b34da08d-17ab-5060-c9a0-04c70ba1a883","FullyQualifiedName":"PS2GradingTests.DependencyGraphTest.TestDuplicatesDeps","DisplayName":"TestDuplicatesDeps","ExecutorUri":"executor://MSTestAdapter/v2","Source":"C:\\Users\\u0995526\\Source\\Repos\\spreadsheet-ZacheyMIX\\Spreadsheet\\DependencyGraphTests\\bin\\Debug\\net6.0\\fine-code-coverage\\build-output\\DependencyGraphTests.dll","CodeFilePath":null,"LineNumber":-1,"Properties":[{"Key":{"Id":"TestCase.ManagedType","Label":"ManagedType","Category":"","Description":"","Attributes":1,"ValueType":"System.String"},"Value":"PS2GradingTests.DependencyGraphTest"},{"Key":{"Id":"TestCase.ManagedMethod","Label":"ManagedMethod","Category":"","Description":"","Attributes":1,"ValueType":"System.String"},"Value":"TestDuplicatesDeps"},{"Key":{"Id":"MSTestDiscoverer.TestClassName","Label":"ClassName","Category":"","Description":"","Attributes":1,"ValueType":"System.String"},"Value":"PS2GradingTests.DependencyGraphTest"},{"Key":{"Id":"TestCase.Hierarchy","Label":"Hierarchy","Category":"","Description":"","Attributes":2,"ValueType":"System.String[]"},"Value":["PS2GradingTests","DependencyGraphTest"]},{"Key":{"Id":"MSTestDiscoverer.TestCategory","Label":"TestCategory","Category":"","Description":"","Attributes":5,"ValueType":"System.String[]"},"Value":["25"]},{"Key":{"Id":"TestObject.Traits","Label":"Traits","Category":"","Description":"","Attributes":5,"ValueType":"System.Collections.Generic.KeyValuePair`2[[System.String],[System.String]][]"},"Value":[]}]},"Attachments":[],"Outcome":2,"ErrorMessage":"Test method PS2GradingTests.DependencyGraphTest.TestDuplicatesDeps threw exception: \r\nSystem.Collections.Generic.KeyNotFoundException: The given key 'a' was not present in the dictionary.","ErrorStackTrace":"    at System.Collections.Generic.Dictionary`2.get_Item(TKey key)\r\n   at SpreadsheetUtilities.DependencyGraph.HasDependents(String s) in C:\\Users\\u0995526\\Source\\Repos\\spreadsheet-ZacheyMIX\\Spreadsheet\\DependencyGraph\\DependencyGraph.cs:line 101\r\n   at PS2GradingTests.DependencyGraphTest.TestDuplicatesDeps() in C:\\Users\\u0995526\\Source\\Repos\\spreadsheet-ZacheyMIX\\Spreadsheet\\DependencyGraphTests\\DependencyGraphTests.cs:line 401\r\n","DisplayName":"TestDuplicatesDeps","Messages":[],"ComputerName":null,"Duration":"00:00:00.0013020","StartTime":"2022-09-13T12:32:03.8285926-06:00","EndTime":"2022-09-13T12:32:03.830414-06:00","Properties":[{"Key":{"Id":"ExecutionId","Label":"ExecutionId","Category":"","Description":"","Attributes":1,"ValueType":"System.Guid"},"Value":"00000000-0000-0000-0000-000000000000"},{"Key":{"Id":"ParentExecId","Label":"ParentExecId","Category":"","Description":"","Attributes":1,"ValueType":"System.Guid"},"Value":"00000000-0000-0000-0000-000000000000"},{"Key":{"Id":"InnerResultsCount","Label":"InnerResultsCount","Category":"","Description":"","Attributes":1,"ValueType":"System.Int32"},"Value":0}]},{"TestCase":{"Id":"f6c353c6-ed31-74f4-6b94-aed0fbdc476c","FullyQualifiedName":"PS2GradingTests.DependencyGraphTest.TestDuplicatesEnumerator","DisplayName":"TestDuplicatesEnumerator","ExecutorUri":"executor://MSTestAdapter/v2","Source":"C:\\Users\\u0995526\\Source\\Repos\\spreadsheet-ZacheyMIX\\Spreadsheet\\DependencyGraphTests\\bin\\Debug\\net6.0\\fine-code-coverage\\build-output\\DependencyGraphTests.dll","CodeFilePath":null,"LineNumber":-1,"Properties":[{"Key":{"Id":"TestCase.ManagedType","Label":"ManagedType","Category":"","Description":"","Attributes":1,"ValueType":"System.String"},"Value":"PS2GradingTests.DependencyGraphTest"},{"Key":{"Id":"TestCase.ManagedMethod","Label":"ManagedMethod","Category":"","Description":"","Attributes":1,"ValueType":"System.String"},"Value":"TestDuplicatesEnumerator"},{"Key":{"Id":"MSTestDiscoverer.TestClassName","Label":"ClassName","Category":"","Description":"","Attributes":1,"ValueType":"System.String"},"Value":"PS2GradingTests.DependencyGraphTest"},{"Key":{"Id":"TestCase.Hierarchy","Label":"Hierarchy","Category":"","Description":"","Attributes":2,"ValueType":"System.String[]"},"Value":["PS2GradingTests","DependencyGraphTest"]},{"Key":{"Id":"MSTestDiscoverer.TestCategory","Label":"TestCategory","Category":"","Description":"","Attributes":5,"ValueType":"System.String[]"},"Value":["26"]},{"Key":{"Id":"TestObject.Traits","Label":"Traits","Category":"","Description":"","Attributes":5,"ValueType":"System.Collections.Generic.KeyValuePair`2[[System.String],[System.String]][]"},"Value":[]}]},"Attachments":[],"Outcome":1,"ErrorMessage":null,"ErrorStackTrace":null,"DisplayName":"TestDuplicatesEnumerator","Messages":[],"ComputerName":null,"Duration":"00:00:00.0007626","StartTime":"2022-09-13T12:32:03.8343995-06:00","EndTime":"2022-09-13T12:32:03.8356667-06:00","Properties":[{"Key":{"Id":"ExecutionId","Label":"ExecutionId","Category":"","Description":"","Attributes":1,"ValueType":"System.Guid"},"Value":"00000000-0000-0000-0000-000000000000"},{"Key":{"Id":"ParentExecId","Label":"ParentExecId","Category":"","Description":"","Attributes":1,"ValueType":"System.Guid"},"Value":"00000000-0000-0000-0000-000000000000"},{"Key":{"Id":"InnerResultsCount","Label":"InnerResultsCount","Category":"","Description":"","Attributes":1,"ValueType":"System.Int32"},"Value":0}]},{"TestCase":{"Id":"b1446072-f762-1e5a-1931-9cd24679115d","FullyQualifiedName":"PS2GradingTests.DependencyGraphTest.TestDuplicatesEnumerator2","DisplayName":"TestDuplicatesEnumerator2","ExecutorUri":"executor://MSTestAdapter/v2","Source":"C:\\Users\\u0995526\\Source\\Repos\\spreadsheet-ZacheyMIX\\Spreadsheet\\DependencyGraphTests\\bin\\Debug\\net6.0\\fine-code-coverage\\build-output\\DependencyGraphTests.dll","CodeFilePath":null,"LineNumber":-1,"Properties":[{"Key":{"Id":"TestCase.ManagedType","Label":"ManagedType","Category":"","Description":"","Attributes":1,"ValueType":"System.String"},"Value":"PS2GradingTests.DependencyGraphTest"},{"Key":{"Id":"TestCase.ManagedMethod","Label":"ManagedMethod","Category":"","Description":"","Attributes":1,"ValueType":"System.String"},"Value":"TestDuplicatesEnumerator2"},{"Key":{"Id":"MSTestDiscoverer.TestClassName","Label":"ClassName","Category":"","Description":"","Attributes":1,"ValueType":"System.String"},"Value":"PS2GradingTests.DependencyGraphTest"},{"Key":{"Id":"TestCase.Hierarchy","Label":"Hierarchy","Category":"","Description":"","Attributes":2,"ValueType":"System.String[]"},"Value":["PS2GradingTests","DependencyGraphTest"]},{"Key":{"Id":"MSTestDiscoverer.TestCategory","Label":"TestCategory","Category":"","Description":"","Attributes":5,"ValueType":"System.String[]"},"Value":["27"]},{"Key":{"Id":"TestObject.Traits","Label":"Traits","Category":"","Description":"","Attributes":5,"ValueType":"System.Collections.Generic.KeyValuePair`2[[System.String],[System.String]][]"},"Value":[]}]},"Attachments":[],"Outcome":1,"ErrorMessage":null,"ErrorStackTrace":null,"DisplayName":"TestDuplicatesEnumerator2","Messages":[],"ComputerName":null,"Duration":"00:00:00.0007520","StartTime":"2022-09-13T12:32:03.8386347-06:00","EndTime":"2022-09-13T12:32:03.8397009-06:00","Properties":[{"Key":{"Id":"ExecutionId","Label":"ExecutionId","Category":"","Description":"","Attributes":1,"ValueType":"System.Guid"},"Value":"00000000-0000-0000-0000-000000000000"},{"Key":{"Id":"ParentExecId","Label":"ParentExecId","Category":"","Description":"","Attributes":1,"ValueType":"System.Guid"},"Value":"00000000-0000-0000-0000-000000000000"},{"Key":{"Id":"InnerResultsCount","Label":"InnerResultsCount","Category":"","Description":"","Attributes":1,"ValueType":"System.Int32"},"Value":0}]}],"TestRunStatistics":{"ExecutedTests":27,"Stats":{"Passed":18,"Failed":9}},"ActiveTests":[{"Id":"004246c7-9051-3578-79d9-68f972eec4f4","FullyQualifiedName":"PS2GradingTests.DependencyGraphTest.TestComplexAddRemove","DisplayName":"TestComplexAddRemove","ExecutorUri":"executor://MSTestAdapter/v2","Source":"C:\\Users\\u0995526\\Source\\Repos\\spreadsheet-ZacheyMIX\\Spreadsheet\\DependencyGraphTests\\bin\\Debug\\net6.0\\fine-code-coverage\\build-output\\DependencyGraphTests.dll","CodeFilePath":null,"LineNumber":-1,"Properties":[{"Key":{"Id":"TestCase.ManagedType","Label":"ManagedType","Category":"","Description":"","Attributes":1,"ValueType":"System.String"},"Value":"PS2GradingTests.DependencyGraphTest"},{"Key":{"Id":"TestCase.ManagedMethod","Label":"ManagedMethod","Category":"","Description":"","Attributes":1,"ValueType":"System.String"},"Value":"TestComplexAddRemove"},{"Key":{"Id":"MSTestDiscoverer.TestClassName","Label":"ClassName","Category":"","Description":"","Attributes":1,"ValueType":"System.String"},"Value":"PS2GradingTests.DependencyGraphTest"},{"Key":{"Id":"TestCase.Hierarchy","Label":"Hierarchy","Category":"","Description":"","Attributes":2,"ValueType":"System.String[]"},"Value":["PS2GradingTests","DependencyGraphTest"]},{"Key":{"Id":"MSTestDiscoverer.TestCategory","Label":"TestCategory","Category":"","Description":"","Attributes":5,"ValueType":"System.String[]"},"Value":["28"]},{"Key":{"Id":"TestObject.Traits","Label":"Traits","Category":"","Description":"","Attributes":5,"ValueType":"System.Collections.Generic.KeyValuePair`2[[System.String],[System.String]][]"},"Value":[]}]}]}}
TpTrace Verbose: 0 : 20520, 4, 2022/09/13, 12:32:03.843, 6122171733570, testhost.dll, TestRunCache: OnNewTestResult: Notified the onCacheHit callback.
TpTrace Information: 0 : 20520, 4, 2022/09/13, 12:32:03.844, 6122171746553, testhost.dll, MSTest - Executing test TestComplexAddRemove
TpTrace Information: 0 : 20520, 4, 2022/09/13, 12:32:03.845, 6122171754438, testhost.dll, MSTest - Executed test TestComplexAddRemove
TpTrace Verbose: 0 : 20520, 4, 2022/09/13, 12:32:03.845, 6122171755390, testhost.dll, TestExecutionRecorder.RecordEnd: test: PS2GradingTests.DependencyGraphTest.TestComplexAddRemove execution completed.
TpTrace Warning: 0 : 20520, 4, 2022/09/13, 12:32:03.845, 6122171755865, testhost.dll, TestRunCache: InProgressTests is null
TpTrace Verbose: 0 : 20520, 4, 2022/09/13, 12:32:03.846, 6122171768924, testhost.dll, TestExecutionRecorder.RecordResult: Received result for test: PS2GradingTests.DependencyGraphTest.TestComplexAddRemove.
TpTrace Warning: 0 : 20520, 4, 2022/09/13, 12:32:03.847, 6122171770000, testhost.dll, TestRunCache: InProgressTests is null
TpTrace Warning: 0 : 20520, 4, 2022/09/13, 12:32:03.847, 6122171770501, testhost.dll, TestRunCache: No test found corresponding to testResult 'TestComplexAddRemove' in inProgress list.
TpTrace Verbose: 0 : 20520, 4, 2022/09/13, 12:32:03.847, 6122171771263, testhost.dll, TestExecutionRecorder.RecordStart: Starting test: PS2GradingTests.DependencyGraphTest.TestAddRemoveIndexer.
TpTrace Information: 0 : 20520, 4, 2022/09/13, 12:32:03.848, 6122171785790, testhost.dll, MSTest - Executing test TestAddRemoveIndexer
TpTrace Information: 0 : 20520, 4, 2022/09/13, 12:32:03.850, 6122171801810, testhost.dll, MSTest - Executed test TestAddRemoveIndexer
TpTrace Verbose: 0 : 20520, 4, 2022/09/13, 12:32:03.850, 6122171802815, testhost.dll, TestExecutionRecorder.RecordEnd: test: PS2GradingTests.DependencyGraphTest.TestAddRemoveIndexer execution completed.
TpTrace Information: 0 : 20520, 4, 2022/09/13, 12:32:03.851, 6122171816097, testhost.dll, MSTest - MSTestExecutor:Test PS2GradingTests.DependencyGraphTest.TestAddRemoveIndexer failed. ErrorMessage:Assert.AreEqual failed. Expected:<2>. Actual:<1>. , ErrorStackTrace:   at PS2GradingTests.DependencyGraphTest.TestAddRemoveIndexer() in C:\Users\u0995526\Source\Repos\spreadsheet-ZacheyMIX\Spreadsheet\DependencyGraphTests\DependencyGraphTests.cs:line 521
.
TpTrace Verbose: 0 : 20520, 4, 2022/09/13, 12:32:03.851, 6122171816920, testhost.dll, TestExecutionRecorder.RecordResult: Received result for test: PS2GradingTests.DependencyGraphTest.TestAddRemoveIndexer.
TpTrace Warning: 0 : 20520, 4, 2022/09/13, 12:32:03.851, 6122171817575, testhost.dll, TestRunCache: InProgressTests is null
TpTrace Warning: 0 : 20520, 4, 2022/09/13, 12:32:03.851, 6122171818039, testhost.dll, TestRunCache: No test found corresponding to testResult 'TestAddRemoveIndexer' in inProgress list.
TpTrace Verbose: 0 : 20520, 4, 2022/09/13, 12:32:03.851, 6122171818742, testhost.dll, TestExecutionRecorder.RecordStart: Starting test: PS2GradingTests.DependencyGraphTest.TestAddRemoveDeps.
TpTrace Information: 0 : 20520, 4, 2022/09/13, 12:32:03.853, 6122171830281, testhost.dll, MSTest - Executing test TestAddRemoveDeps
TpTrace Information: 0 : 20520, 4, 2022/09/13, 12:32:03.854, 6122171845889, testhost.dll, MSTest - Executed test TestAddRemoveDeps
TpTrace Verbose: 0 : 20520, 4, 2022/09/13, 12:32:03.854, 6122171846895, testhost.dll, TestExecutionRecorder.RecordEnd: test: PS2GradingTests.DependencyGraphTest.TestAddRemoveDeps execution completed.
TpTrace Information: 0 : 20520, 4, 2022/09/13, 12:32:03.856, 6122171860011, testhost.dll, MSTest - MSTestExecutor:Test PS2GradingTests.DependencyGraphTest.TestAddRemoveDeps failed. ErrorMessage:Test method PS2GradingTests.DependencyGraphTest.TestAddRemoveDeps threw exception: 
System.Collections.Generic.KeyNotFoundException: The given key 'a' was not present in the dictionary., ErrorStackTrace:    at System.Collections.Generic.Dictionary`2.get_Item(TKey key)
   at SpreadsheetUtilities.DependencyGraph.HasDependents(String s) in C:\Users\u0995526\Source\Repos\spreadsheet-ZacheyMIX\Spreadsheet\DependencyGraph\DependencyGraph.cs:line 101
   at PS2GradingTests.DependencyGraphTest.TestAddRemoveDeps() in C:\Users\u0995526\Source\Repos\spreadsheet-ZacheyMIX\Spreadsheet\DependencyGraphTests\DependencyGraphTests.cs:line 542
.
TpTrace Verbose: 0 : 20520, 4, 2022/09/13, 12:32:03.856, 6122171860919, testhost.dll, TestExecutionRecorder.RecordResult: Received result for test: PS2GradingTests.DependencyGraphTest.TestAddRemoveDeps.
TpTrace Warning: 0 : 20520, 4, 2022/09/13, 12:32:03.856, 6122171861555, testhost.dll, TestRunCache: InProgressTests is null
TpTrace Warning: 0 : 20520, 4, 2022/09/13, 12:32:03.856, 6122171861986, testhost.dll, TestRunCache: No test found corresponding to testResult 'TestAddRemoveDeps' in inProgress list.
TpTrace Verbose: 0 : 20520, 4, 2022/09/13, 12:32:03.856, 6122171862678, testhost.dll, TestExecutionRecorder.RecordStart: Starting test: PS2GradingTests.DependencyGraphTest.TestComplexEnumerator.
TpTrace Information: 0 : 20520, 4, 2022/09/13, 12:32:03.857, 6122171874845, testhost.dll, MSTest - Executing test TestComplexEnumerator
TpTrace Information: 0 : 20520, 4, 2022/09/13, 12:32:03.858, 6122171887307, testhost.dll, MSTest - Executed test TestComplexEnumerator
TpTrace Verbose: 0 : 20520, 4, 2022/09/13, 12:32:03.858, 6122171888393, testhost.dll, TestExecutionRecorder.RecordEnd: test: PS2GradingTests.DependencyGraphTest.TestComplexEnumerator execution completed.
TpTrace Verbose: 0 : 20520, 4, 2022/09/13, 12:32:03.860, 6122171902547, testhost.dll, TestExecutionRecorder.RecordResult: Received result for test: PS2GradingTests.DependencyGraphTest.TestComplexEnumerator.
TpTrace Warning: 0 : 20520, 4, 2022/09/13, 12:32:03.860, 6122171903686, testhost.dll, TestRunCache: InProgressTests is null
TpTrace Warning: 0 : 20520, 4, 2022/09/13, 12:32:03.860, 6122171904178, testhost.dll, TestRunCache: No test found corresponding to testResult 'TestComplexEnumerator' in inProgress list.
TpTrace Verbose: 0 : 20520, 4, 2022/09/13, 12:32:03.860, 6122171904914, testhost.dll, TestExecutionRecorder.RecordStart: Starting test: PS2GradingTests.DependencyGraphTest.TestComplexEnumerator2.
TpTrace Information: 0 : 20520, 4, 2022/09/13, 12:32:03.861, 6122171917687, testhost.dll, MSTest - Executing test TestComplexEnumerator2
TpTrace Information: 0 : 20520, 4, 2022/09/13, 12:32:03.862, 6122171928361, testhost.dll, MSTest - Executed test TestComplexEnumerator2
TpTrace Verbose: 0 : 20520, 4, 2022/09/13, 12:32:03.862, 6122171929310, testhost.dll, TestExecutionRecorder.RecordEnd: test: PS2GradingTests.DependencyGraphTest.TestComplexEnumerator2 execution completed.
TpTrace Verbose: 0 : 20520, 4, 2022/09/13, 12:32:03.864, 6122171944921, testhost.dll, TestExecutionRecorder.RecordResult: Received result for test: PS2GradingTests.DependencyGraphTest.TestComplexEnumerator2.
TpTrace Warning: 0 : 20520, 4, 2022/09/13, 12:32:03.864, 6122171945987, testhost.dll, TestRunCache: InProgressTests is null
TpTrace Warning: 0 : 20520, 4, 2022/09/13, 12:32:03.864, 6122171946485, testhost.dll, TestRunCache: No test found corresponding to testResult 'TestComplexEnumerator2' in inProgress list.
TpTrace Verbose: 0 : 20520, 4, 2022/09/13, 12:32:03.864, 6122171947196, testhost.dll, TestExecutionRecorder.RecordStart: Starting test: PS2GradingTests.DependencyGraphTest.TestEmptyReplaceDependees.
TpTrace Information: 0 : 20520, 4, 2022/09/13, 12:32:03.865, 6122171958656, testhost.dll, MSTest - Executing test TestEmptyReplaceDependees
TpTrace Information: 0 : 20520, 4, 2022/09/13, 12:32:03.867, 6122171972424, testhost.dll, MSTest - Executed test TestEmptyReplaceDependees
TpTrace Verbose: 0 : 20520, 4, 2022/09/13, 12:32:03.867, 6122171973424, testhost.dll, TestExecutionRecorder.RecordEnd: test: PS2GradingTests.DependencyGraphTest.TestEmptyReplaceDependees execution completed.
TpTrace Information: 0 : 20520, 4, 2022/09/13, 12:32:03.868, 6122171988216, testhost.dll, MSTest - MSTestExecutor:Test PS2GradingTests.DependencyGraphTest.TestEmptyReplaceDependees failed. ErrorMessage:Assert.AreEqual failed. Expected:<1>. Actual:<0>. , ErrorStackTrace:   at PS2GradingTests.DependencyGraphTest.TestEmptyReplaceDependees() in C:\Users\u0995526\Source\Repos\spreadsheet-ZacheyMIX\Spreadsheet\DependencyGraphTests\DependencyGraphTests.cs:line 642
.
TpTrace Verbose: 0 : 20520, 4, 2022/09/13, 12:32:03.868, 6122171989083, testhost.dll, TestExecutionRecorder.RecordResult: Received result for test: PS2GradingTests.DependencyGraphTest.TestEmptyReplaceDependees.
TpTrace Warning: 0 : 20520, 4, 2022/09/13, 12:32:03.868, 6122171989731, testhost.dll, TestRunCache: InProgressTests is null
TpTrace Warning: 0 : 20520, 4, 2022/09/13, 12:32:03.869, 6122171990194, testhost.dll, TestRunCache: No test found corresponding to testResult 'TestEmptyReplaceDependees' in inProgress list.
TpTrace Verbose: 0 : 20520, 4, 2022/09/13, 12:32:03.869, 6122171990942, testhost.dll, TestExecutionRecorder.RecordStart: Starting test: PS2GradingTests.DependencyGraphTest.TestComplexReplace.
TpTrace Information: 0 : 20520, 4, 2022/09/13, 12:32:03.870, 6122172007704, testhost.dll, MSTest - Executing test TestComplexReplace
TpTrace Information: 0 : 20520, 4, 2022/09/13, 12:32:03.872, 6122172020146, testhost.dll, MSTest - Executed test TestComplexReplace
TpTrace Verbose: 0 : 20520, 4, 2022/09/13, 12:32:03.872, 6122172021549, testhost.dll, TestExecutionRecorder.RecordEnd: test: PS2GradingTests.DependencyGraphTest.TestComplexReplace execution completed.
TpTrace Verbose: 0 : 20520, 4, 2022/09/13, 12:32:03.874, 6122172042140, testhost.dll, TestExecutionRecorder.RecordResult: Received result for test: PS2GradingTests.DependencyGraphTest.TestComplexReplace.
TpTrace Warning: 0 : 20520, 4, 2022/09/13, 12:32:03.874, 6122172046371, testhost.dll, TestRunCache: InProgressTests is null
TpTrace Warning: 0 : 20520, 4, 2022/09/13, 12:32:03.874, 6122172047974, testhost.dll, TestRunCache: No test found corresponding to testResult 'TestComplexReplace' in inProgress list.
TpTrace Verbose: 0 : 20520, 4, 2022/09/13, 12:32:03.874, 6122172049707, testhost.dll, TestExecutionRecorder.RecordStart: Starting test: PS2GradingTests.DependencyGraphTest.TestComplexReplaceIndexer.
TpTrace Information: 0 : 20520, 4, 2022/09/13, 12:32:03.877, 6122172074773, testhost.dll, MSTest - Executing test TestComplexReplaceIndexer
TpTrace Information: 0 : 20520, 4, 2022/09/13, 12:32:03.879, 6122172098060, testhost.dll, MSTest - Executed test TestComplexReplaceIndexer
TpTrace Verbose: 0 : 20520, 4, 2022/09/13, 12:32:03.879, 6122172099532, testhost.dll, TestExecutionRecorder.RecordEnd: test: PS2GradingTests.DependencyGraphTest.TestComplexReplaceIndexer execution completed.
TpTrace Information: 0 : 20520, 4, 2022/09/13, 12:32:03.882, 6122172121698, testhost.dll, MSTest - MSTestExecutor:Test PS2GradingTests.DependencyGraphTest.TestComplexReplaceIndexer failed. ErrorMessage:Assert.AreEqual failed. Expected:<2>. Actual:<1>. , ErrorStackTrace:   at PS2GradingTests.DependencyGraphTest.TestComplexReplaceIndexer() in C:\Users\u0995526\Source\Repos\spreadsheet-ZacheyMIX\Spreadsheet\DependencyGraphTests\DependencyGraphTests.cs:line 681
.
TpTrace Verbose: 0 : 20520, 4, 2022/09/13, 12:32:03.882, 6122172123070, testhost.dll, TestExecutionRecorder.RecordResult: Received result for test: PS2GradingTests.DependencyGraphTest.TestComplexReplaceIndexer.
TpTrace Warning: 0 : 20520, 4, 2022/09/13, 12:32:03.882, 6122172124073, testhost.dll, TestRunCache: InProgressTests is null
TpTrace Warning: 0 : 20520, 4, 2022/09/13, 12:32:03.882, 6122172124754, testhost.dll, TestRunCache: No test found corresponding to testResult 'TestComplexReplaceIndexer' in inProgress list.
TpTrace Verbose: 0 : 20520, 4, 2022/09/13, 12:32:03.882, 6122172125826, testhost.dll, TestExecutionRecorder.RecordStart: Starting test: PS2GradingTests.DependencyGraphTest.TestComplexReplace2.
TpTrace Information: 0 : 20520, 4, 2022/09/13, 12:32:03.885, 6122172156009, testhost.dll, MSTest - Executing test TestComplexReplace2
TpTrace Information: 0 : 20520, 4, 2022/09/13, 12:32:03.888, 6122172181539, testhost.dll, MSTest - Executed test TestComplexReplace2
TpTrace Verbose: 0 : 20520, 4, 2022/09/13, 12:32:03.888, 6122172183071, testhost.dll, TestExecutionRecorder.RecordEnd: test: PS2GradingTests.DependencyGraphTest.TestComplexReplace2 execution completed.
TpTrace Information: 0 : 20520, 4, 2022/09/13, 12:32:03.890, 6122172205388, testhost.dll, MSTest - MSTestExecutor:Test PS2GradingTests.DependencyGraphTest.TestComplexReplace2 failed. ErrorMessage:Test method PS2GradingTests.DependencyGraphTest.TestComplexReplace2 threw exception: 
System.Collections.Generic.KeyNotFoundException: The given key 'a' was not present in the dictionary., ErrorStackTrace:    at System.Collections.Generic.Dictionary`2.get_Item(TKey key)
   at SpreadsheetUtilities.DependencyGraph.HasDependents(String s) in C:\Users\u0995526\Source\Repos\spreadsheet-ZacheyMIX\Spreadsheet\DependencyGraph\DependencyGraph.cs:line 101
   at PS2GradingTests.DependencyGraphTest.TestComplexReplace2() in C:\Users\u0995526\Source\Repos\spreadsheet-ZacheyMIX\Spreadsheet\DependencyGraphTests\DependencyGraphTests.cs:line 700
.
TpTrace Verbose: 0 : 20520, 4, 2022/09/13, 12:32:03.890, 6122172206871, testhost.dll, TestExecutionRecorder.RecordResult: Received result for test: PS2GradingTests.DependencyGraphTest.TestComplexReplace2.
TpTrace Warning: 0 : 20520, 4, 2022/09/13, 12:32:03.890, 6122172207932, testhost.dll, TestRunCache: InProgressTests is null
TpTrace Warning: 0 : 20520, 4, 2022/09/13, 12:32:03.890, 6122172208607, testhost.dll, TestRunCache: No test found corresponding to testResult 'TestComplexReplace2' in inProgress list.
TpTrace Verbose: 0 : 20520, 4, 2022/09/13, 12:32:03.890, 6122172209757, testhost.dll, TestExecutionRecorder.RecordStart: Starting test: PS2GradingTests.DependencyGraphTest.TestComplexReplaceEnumerator.
TpTrace Information: 0 : 20520, 4, 2022/09/13, 12:32:03.891, 6122172210538, testhost.dll, Sending test run statistics
TpTrace Verbose: 0 : 20520, 4, 2022/09/13, 12:32:03.893, 6122172238989, testhost.dll, TestRequestHandler.SendData:  sending data from testhost: {"Version":5,"MessageType":"TestExecution.StatsChange","Payload":{"NewTestResults":[{"TestCase":{"Id":"004246c7-9051-3578-79d9-68f972eec4f4","FullyQualifiedName":"PS2GradingTests.DependencyGraphTest.TestComplexAddRemove","DisplayName":"TestComplexAddRemove","ExecutorUri":"executor://MSTestAdapter/v2","Source":"C:\\Users\\u0995526\\Source\\Repos\\spreadsheet-ZacheyMIX\\Spreadsheet\\DependencyGraphTests\\bin\\Debug\\net6.0\\fine-code-coverage\\build-output\\DependencyGraphTests.dll","CodeFilePath":null,"LineNumber":-1,"Properties":[{"Key":{"Id":"TestCase.ManagedType","Label":"ManagedType","Category":"","Description":"","Attributes":1,"ValueType":"System.String"},"Value":"PS2GradingTests.DependencyGraphTest"},{"Key":{"Id":"TestCase.ManagedMethod","Label":"ManagedMethod","Category":"","Description":"","Attributes":1,"ValueType":"System.String"},"Value":"TestComplexAddRemove"},{"Key":{"Id":"MSTestDiscoverer.TestClassName","Label":"ClassName","Category":"","Description":"","Attributes":1,"ValueType":"System.String"},"Value":"PS2GradingTests.DependencyGraphTest"},{"Key":{"Id":"TestCase.Hierarchy","Label":"Hierarchy","Category":"","Description":"","Attributes":2,"ValueType":"System.String[]"},"Value":["PS2GradingTests","DependencyGraphTest"]},{"Key":{"Id":"MSTestDiscoverer.TestCategory","Label":"TestCategory","Category":"","Description":"","Attributes":5,"ValueType":"System.String[]"},"Value":["28"]},{"Key":{"Id":"TestObject.Traits","Label":"Traits","Category":"","Description":"","Attributes":5,"ValueType":"System.Collections.Generic.KeyValuePair`2[[System.String],[System.String]][]"},"Value":[]}]},"Attachments":[],"Outcome":1,"ErrorMessage":null,"ErrorStackTrace":null,"DisplayName":"TestComplexAddRemove","Messages":[],"ComputerName":null,"Duration":"00:00:00.0004357","StartTime":"2022-09-13T12:32:03.84465-06:00","EndTime":"2022-09-13T12:32:03.8455376-06:00","Properties":[{"Key":{"Id":"ExecutionId","Label":"ExecutionId","Category":"","Description":"","Attributes":1,"ValueType":"System.Guid"},"Value":"00000000-0000-0000-0000-000000000000"},{"Key":{"Id":"ParentExecId","Label":"ParentExecId","Category":"","Description":"","Attributes":1,"ValueType":"System.Guid"},"Value":"00000000-0000-0000-0000-000000000000"},{"Key":{"Id":"InnerResultsCount","Label":"InnerResultsCount","Category":"","Description":"","Attributes":1,"ValueType":"System.Int32"},"Value":0}]},{"TestCase":{"Id":"739fe6e8-685f-a768-9842-3c02c379b470","FullyQualifiedName":"PS2GradingTests.DependencyGraphTest.TestAddRemoveIndexer","DisplayName":"TestAddRemoveIndexer","ExecutorUri":"executor://MSTestAdapter/v2","Source":"C:\\Users\\u0995526\\Source\\Repos\\spreadsheet-ZacheyMIX\\Spreadsheet\\DependencyGraphTests\\bin\\Debug\\net6.0\\fine-code-coverage\\build-output\\DependencyGraphTests.dll","CodeFilePath":null,"LineNumber":-1,"Properties":[{"Key":{"Id":"TestCase.ManagedType","Label":"ManagedType","Category":"","Description":"","Attributes":1,"ValueType":"System.String"},"Value":"PS2GradingTests.DependencyGraphTest"},{"Key":{"Id":"TestCase.ManagedMethod","Label":"ManagedMethod","Category":"","Description":"","Attributes":1,"ValueType":"System.String"},"Value":"TestAddRemoveIndexer"},{"Key":{"Id":"MSTestDiscoverer.TestClassName","Label":"ClassName","Category":"","Description":"","Attributes":1,"ValueType":"System.String"},"Value":"PS2GradingTests.DependencyGraphTest"},{"Key":{"Id":"TestCase.Hierarchy","Label":"Hierarchy","Category":"","Description":"","Attributes":2,"ValueType":"System.String[]"},"Value":["PS2GradingTests","DependencyGraphTest"]},{"Key":{"Id":"MSTestDiscoverer.TestCategory","Label":"TestCategory","Category":"","Description":"","Attributes":5,"ValueType":"System.String[]"},"Value":["29"]},{"Key":{"Id":"TestObject.Traits","Label":"Traits","Category":"","Description":"","Attributes":5,"ValueType":"System.Collections.Generic.KeyValuePair`2[[System.String],[System.String]][]"},"Value":[]}]},"Attachments":[],"Outcome":2,"ErrorMessage":"Assert.AreEqual failed. Expected:<2>. Actual:<1>. ","ErrorStackTrace":"   at PS2GradingTests.DependencyGraphTest.TestAddRemoveIndexer() in C:\\Users\\u0995526\\Source\\Repos\\spreadsheet-ZacheyMIX\\Spreadsheet\\DependencyGraphTests\\DependencyGraphTests.cs:line 521\r\n","DisplayName":"TestAddRemoveIndexer","Messages":[],"ComputerName":null,"Duration":"00:00:00.0013185","StartTime":"2022-09-13T12:32:03.8485786-06:00","EndTime":"2022-09-13T12:32:03.8502789-06:00","Properties":[{"Key":{"Id":"ExecutionId","Label":"ExecutionId","Category":"","Description":"","Attributes":1,"ValueType":"System.Guid"},"Value":"00000000-0000-0000-0000-000000000000"},{"Key":{"Id":"ParentExecId","Label":"ParentExecId","Category":"","Description":"","Attributes":1,"ValueType":"System.Guid"},"Value":"00000000-0000-0000-0000-000000000000"},{"Key":{"Id":"InnerResultsCount","Label":"InnerResultsCount","Category":"","Description":"","Attributes":1,"ValueType":"System.Int32"},"Value":0}]},{"TestCase":{"Id":"7a46bdd1-3194-ae09-f479-222b71b44901","FullyQualifiedName":"PS2GradingTests.DependencyGraphTest.TestAddRemoveDeps","DisplayName":"TestAddRemoveDeps","ExecutorUri":"executor://MSTestAdapter/v2","Source":"C:\\Users\\u0995526\\Source\\Repos\\spreadsheet-ZacheyMIX\\Spreadsheet\\DependencyGraphTests\\bin\\Debug\\net6.0\\fine-code-coverage\\build-output\\DependencyGraphTests.dll","CodeFilePath":null,"LineNumber":-1,"Properties":[{"Key":{"Id":"TestCase.ManagedType","Label":"ManagedType","Category":"","Description":"","Attributes":1,"ValueType":"System.String"},"Value":"PS2GradingTests.DependencyGraphTest"},{"Key":{"Id":"TestCase.ManagedMethod","Label":"ManagedMethod","Category":"","Description":"","Attributes":1,"ValueType":"System.String"},"Value":"TestAddRemoveDeps"},{"Key":{"Id":"MSTestDiscoverer.TestClassName","Label":"ClassName","Category":"","Description":"","Attributes":1,"ValueType":"System.String"},"Value":"PS2GradingTests.DependencyGraphTest"},{"Key":{"Id":"TestCase.Hierarchy","Label":"Hierarchy","Category":"","Description":"","Attributes":2,"ValueType":"System.String[]"},"Value":["PS2GradingTests","DependencyGraphTest"]},{"Key":{"Id":"MSTestDiscoverer.TestCategory","Label":"TestCategory","Category":"","Description":"","Attributes":5,"ValueType":"System.String[]"},"Value":["30"]},{"Key":{"Id":"TestObject.Traits","Label":"Traits","Category":"","Description":"","Attributes":5,"ValueType":"System.Collections.Generic.KeyValuePair`2[[System.String],[System.String]][]"},"Value":[]}]},"Attachments":[],"Outcome":2,"ErrorMessage":"Test method PS2GradingTests.DependencyGraphTest.TestAddRemoveDeps threw exception: \r\nSystem.Collections.Generic.KeyNotFoundException: The given key 'a' was not present in the dictionary.","ErrorStackTrace":"    at System.Collections.Generic.Dictionary`2.get_Item(TKey key)\r\n   at SpreadsheetUtilities.DependencyGraph.HasDependents(String s) in C:\\Users\\u0995526\\Source\\Repos\\spreadsheet-ZacheyMIX\\Spreadsheet\\DependencyGraph\\DependencyGraph.cs:line 101\r\n   at PS2GradingTests.DependencyGraphTest.TestAddRemoveDeps() in C:\\Users\\u0995526\\Source\\Repos\\spreadsheet-ZacheyMIX\\Spreadsheet\\DependencyGraphTests\\DependencyGraphTests.cs:line 542\r\n","DisplayName":"TestAddRemoveDeps","Messages":[],"ComputerName":null,"Duration":"00:00:00.0013123","StartTime":"2022-09-13T12:32:03.8530334-06:00","EndTime":"2022-09-13T12:32:03.854688-06:00","Properties":[{"Key":{"Id":"ExecutionId","Label":"ExecutionId","Category":"","Description":"","Attributes":1,"ValueType":"System.Guid"},"Value":"00000000-0000-0000-0000-000000000000"},{"Key":{"Id":"ParentExecId","Label":"ParentExecId","Category":"","Description":"","Attributes":1,"ValueType":"System.Guid"},"Value":"00000000-0000-0000-0000-000000000000"},{"Key":{"Id":"InnerResultsCount","Label":"InnerResultsCount","Category":"","Description":"","Attributes":1,"ValueType":"System.Int32"},"Value":0}]},{"TestCase":{"Id":"f7863266-676e-a632-299a-d963e369791b","FullyQualifiedName":"PS2GradingTests.DependencyGraphTest.TestComplexEnumerator","DisplayName":"TestComplexEnumerator","ExecutorUri":"executor://MSTestAdapter/v2","Source":"C:\\Users\\u0995526\\Source\\Repos\\spreadsheet-ZacheyMIX\\Spreadsheet\\DependencyGraphTests\\bin\\Debug\\net6.0\\fine-code-coverage\\build-output\\DependencyGraphTests.dll","CodeFilePath":null,"LineNumber":-1,"Properties":[{"Key":{"Id":"TestCase.ManagedType","Label":"ManagedType","Category":"","Description":"","Attributes":1,"ValueType":"System.String"},"Value":"PS2GradingTests.DependencyGraphTest"},{"Key":{"Id":"TestCase.ManagedMethod","Label":"ManagedMethod","Category":"","Description":"","Attributes":1,"ValueType":"System.String"},"Value":"TestComplexEnumerator"},{"Key":{"Id":"MSTestDiscoverer.TestClassName","Label":"ClassName","Category":"","Description":"","Attributes":1,"ValueType":"System.String"},"Value":"PS2GradingTests.DependencyGraphTest"},{"Key":{"Id":"TestCase.Hierarchy","Label":"Hierarchy","Category":"","Description":"","Attributes":2,"ValueType":"System.String[]"},"Value":["PS2GradingTests","DependencyGraphTest"]},{"Key":{"Id":"MSTestDiscoverer.TestCategory","Label":"TestCategory","Category":"","Description":"","Attributes":5,"ValueType":"System.String[]"},"Value":["31"]},{"Key":{"Id":"TestObject.Traits","Label":"Traits","Category":"","Description":"","Attributes":5,"ValueType":"System.Collections.Generic.KeyValuePair`2[[System.String],[System.String]][]"},"Value":[]}]},"Attachments":[],"Outcome":1,"ErrorMessage":null,"ErrorStackTrace":null,"DisplayName":"TestComplexEnumerator","Messages":[],"ComputerName":null,"Duration":"00:00:00.0009890","StartTime":"2022-09-13T12:32:03.8574872-06:00","EndTime":"2022-09-13T12:32:03.858837-06:00","Properties":[{"Key":{"Id":"ExecutionId","Label":"ExecutionId","Category":"","Description":"","Attributes":1,"ValueType":"System.Guid"},"Value":"00000000-0000-0000-0000-000000000000"},{"Key":{"Id":"ParentExecId","Label":"ParentExecId","Category":"","Description":"","Attributes":1,"ValueType":"System.Guid"},"Value":"00000000-0000-0000-0000-000000000000"},{"Key":{"Id":"InnerResultsCount","Label":"InnerResultsCount","Category":"","Description":"","Attributes":1,"ValueType":"System.Int32"},"Value":0}]},{"TestCase":{"Id":"1b67995f-fa08-b111-eb63-4a66c286b0f4","FullyQualifiedName":"PS2GradingTests.DependencyGraphTest.TestComplexEnumerator2","DisplayName":"TestComplexEnumerator2","ExecutorUri":"executor://MSTestAdapter/v2","Source":"C:\\Users\\u0995526\\Source\\Repos\\spreadsheet-ZacheyMIX\\Spreadsheet\\DependencyGraphTests\\bin\\Debug\\net6.0\\fine-code-coverage\\build-output\\DependencyGraphTests.dll","CodeFilePath":null,"LineNumber":-1,"Properties":[{"Key":{"Id":"TestCase.ManagedType","Label":"ManagedType","Category":"","Description":"","Attributes":1,"ValueType":"System.String"},"Value":"PS2GradingTests.DependencyGraphTest"},{"Key":{"Id":"TestCase.ManagedMethod","Label":"ManagedMethod","Category":"","Description":"","Attributes":1,"ValueType":"System.String"},"Value":"TestComplexEnumerator2"},{"Key":{"Id":"MSTestDiscoverer.TestClassName","Label":"ClassName","Category":"","Description":"","Attributes":1,"ValueType":"System.String"},"Value":"PS2GradingTests.DependencyGraphTest"},{"Key":{"Id":"TestCase.Hierarchy","Label":"Hierarchy","Category":"","Description":"","Attributes":2,"ValueType":"System.String[]"},"Value":["PS2GradingTests","DependencyGraphTest"]},{"Key":{"Id":"MSTestDiscoverer.TestCategory","Label":"TestCategory","Category":"","Description":"","Attributes":5,"ValueType":"System.String[]"},"Value":["32"]},{"Key":{"Id":"TestObject.Traits","Label":"Traits","Category":"","Description":"","Attributes":5,"ValueType":"System.Collections.Generic.KeyValuePair`2[[System.String],[System.String]][]"},"Value":[]}]},"Attachments":[],"Outcome":1,"ErrorMessage":null,"ErrorStackTrace":null,"DisplayName":"TestComplexEnumerator2","Messages":[],"ComputerName":null,"Duration":"00:00:00.0007916","StartTime":"2022-09-13T12:32:03.861771-06:00","EndTime":"2022-09-13T12:32:03.8629306-06:00","Properties":[{"Key":{"Id":"ExecutionId","Label":"ExecutionId","Category":"","Description":"","Attributes":1,"ValueType":"System.Guid"},"Value":"00000000-0000-0000-0000-000000000000"},{"Key":{"Id":"ParentExecId","Label":"ParentExecId","Category":"","Description":"","Attributes":1,"ValueType":"System.Guid"},"Value":"00000000-0000-0000-0000-000000000000"},{"Key":{"Id":"InnerResultsCount","Label":"InnerResultsCount","Category":"","Description":"","Attributes":1,"ValueType":"System.Int32"},"Value":0}]},{"TestCase":{"Id":"b849676a-8306-8f93-8b8d-55e77d93406f","FullyQualifiedName":"PS2GradingTests.DependencyGraphTest.TestEmptyReplaceDependees","DisplayName":"TestEmptyReplaceDependees","ExecutorUri":"executor://MSTestAdapter/v2","Source":"C:\\Users\\u0995526\\Source\\Repos\\spreadsheet-ZacheyMIX\\Spreadsheet\\DependencyGraphTests\\bin\\Debug\\net6.0\\fine-code-coverage\\build-output\\DependencyGraphTests.dll","CodeFilePath":null,"LineNumber":-1,"Properties":[{"Key":{"Id":"TestCase.ManagedType","Label":"ManagedType","Category":"","Description":"","Attributes":1,"ValueType":"System.String"},"Value":"PS2GradingTests.DependencyGraphTest"},{"Key":{"Id":"TestCase.ManagedMethod","Label":"ManagedMethod","Category":"","Description":"","Attributes":1,"ValueType":"System.String"},"Value":"TestEmptyReplaceDependees"},{"Key":{"Id":"MSTestDiscoverer.TestClassName","Label":"ClassName","Category":"","Description":"","Attributes":1,"ValueType":"System.String"},"Value":"PS2GradingTests.DependencyGraphTest"},{"Key":{"Id":"TestCase.Hierarchy","Label":"Hierarchy","Category":"","Description":"","Attributes":2,"ValueType":"System.String[]"},"Value":["PS2GradingTests","DependencyGraphTest"]},{"Key":{"Id":"MSTestDiscoverer.TestCategory","Label":"TestCategory","Category":"","Description":"","Attributes":5,"ValueType":"System.String[]"},"Value":["33"]},{"Key":{"Id":"TestObject.Traits","Label":"Traits","Category":"","Description":"","Attributes":5,"ValueType":"System.Collections.Generic.KeyValuePair`2[[System.String],[System.String]][]"},"Value":[]}]},"Attachments":[],"Outcome":2,"ErrorMessage":"Assert.AreEqual failed. Expected:<1>. Actual:<0>. ","ErrorStackTrace":"   at PS2GradingTests.DependencyGraphTest.TestEmptyReplaceDependees() in C:\\Users\\u0995526\\Source\\Repos\\spreadsheet-ZacheyMIX\\Spreadsheet\\DependencyGraphTests\\DependencyGraphTests.cs:line 642\r\n","DisplayName":"TestEmptyReplaceDependees","Messages":[],"ComputerName":null,"Duration":"00:00:00.0011060","StartTime":"2022-09-13T12:32:03.8658678-06:00","EndTime":"2022-09-13T12:32:03.8673406-06:00","Properties":[{"Key":{"Id":"ExecutionId","Label":"ExecutionId","Category":"","Description":"","Attributes":1,"ValueType":"System.Guid"},"Value":"00000000-0000-0000-0000-000000000000"},{"Key":{"Id":"ParentExecId","Label":"ParentExecId","Category":"","Description":"","Attributes":1,"ValueType":"System.Guid"},"Value":"00000000-0000-0000-0000-000000000000"},{"Key":{"Id":"InnerResultsCount","Label":"InnerResultsCount","Category":"","Description":"","Attributes":1,"ValueType":"System.Int32"},"Value":0}]},{"TestCase":{"Id":"082622e2-4b7a-003f-f5bc-997407c8476d","FullyQualifiedName":"PS2GradingTests.DependencyGraphTest.TestComplexReplace","DisplayName":"TestComplexReplace","ExecutorUri":"executor://MSTestAdapter/v2","Source":"C:\\Users\\u0995526\\Source\\Repos\\spreadsheet-ZacheyMIX\\Spreadsheet\\DependencyGraphTests\\bin\\Debug\\net6.0\\fine-code-coverage\\build-output\\DependencyGraphTests.dll","CodeFilePath":null,"LineNumber":-1,"Properties":[{"Key":{"Id":"TestCase.ManagedType","Label":"ManagedType","Category":"","Description":"","Attributes":1,"ValueType":"System.String"},"Value":"PS2GradingTests.DependencyGraphTest"},{"Key":{"Id":"TestCase.ManagedMethod","Label":"ManagedMethod","Category":"","Description":"","Attributes":1,"ValueType":"System.String"},"Value":"TestComplexReplace"},{"Key":{"Id":"MSTestDiscoverer.TestClassName","Label":"ClassName","Category":"","Description":"","Attributes":1,"ValueType":"System.String"},"Value":"PS2GradingTests.DependencyGraphTest"},{"Key":{"Id":"TestCase.Hierarchy","Label":"Hierarchy","Category":"","Description":"","Attributes":2,"ValueType":"System.String[]"},"Value":["PS2GradingTests","DependencyGraphTest"]},{"Key":{"Id":"MSTestDiscoverer.TestCategory","Label":"TestCategory","Category":"","Description":"","Attributes":5,"ValueType":"System.String[]"},"Value":["34"]},{"Key":{"Id":"TestObject.Traits","Label":"Traits","Category":"","Description":"","Attributes":5,"ValueType":"System.Collections.Generic.KeyValuePair`2[[System.String],[System.String]][]"},"Value":[]}]},"Attachments":[],"Outcome":1,"ErrorMessage":null,"ErrorStackTrace":null,"DisplayName":"TestComplexReplace","Messages":[],"ComputerName":null,"Duration":"00:00:00.0008610","StartTime":"2022-09-13T12:32:03.8707677-06:00","EndTime":"2022-09-13T12:32:03.8721479-06:00","Properties":[{"Key":{"Id":"ExecutionId","Label":"ExecutionId","Category":"","Description":"","Attributes":1,"ValueType":"System.Guid"},"Value":"00000000-0000-0000-0000-000000000000"},{"Key":{"Id":"ParentExecId","Label":"ParentExecId","Category":"","Description":"","Attributes":1,"ValueType":"System.Guid"},"Value":"00000000-0000-0000-0000-000000000000"},{"Key":{"Id":"InnerResultsCount","Label":"InnerResultsCount","Category":"","Description":"","Attributes":1,"ValueType":"System.Int32"},"Value":0}]},{"TestCase":{"Id":"1436b52e-74ae-2b07-a64c-0e9d268517f0","FullyQualifiedName":"PS2GradingTests.DependencyGraphTest.TestComplexReplaceIndexer","DisplayName":"TestComplexReplaceIndexer","ExecutorUri":"executor://MSTestAdapter/v2","Source":"C:\\Users\\u0995526\\Source\\Repos\\spreadsheet-ZacheyMIX\\Spreadsheet\\DependencyGraphTests\\bin\\Debug\\net6.0\\fine-code-coverage\\build-output\\DependencyGraphTests.dll","CodeFilePath":null,"LineNumber":-1,"Properties":[{"Key":{"Id":"TestCase.ManagedType","Label":"ManagedType","Category":"","Description":"","Attributes":1,"ValueType":"System.String"},"Value":"PS2GradingTests.DependencyGraphTest"},{"Key":{"Id":"TestCase.ManagedMethod","Label":"ManagedMethod","Category":"","Description":"","Attributes":1,"ValueType":"System.String"},"Value":"TestComplexReplaceIndexer"},{"Key":{"Id":"MSTestDiscoverer.TestClassName","Label":"ClassName","Category":"","Description":"","Attributes":1,"ValueType":"System.String"},"Value":"PS2GradingTests.DependencyGraphTest"},{"Key":{"Id":"TestCase.Hierarchy","Label":"Hierarchy","Category":"","Description":"","Attributes":2,"ValueType":"System.String[]"},"Value":["PS2GradingTests","DependencyGraphTest"]},{"Key":{"Id":"MSTestDiscoverer.TestCategory","Label":"TestCategory","Category":"","Description":"","Attributes":5,"ValueType":"System.String[]"},"Value":["35"]},{"Key":{"Id":"TestObject.Traits","Label":"Traits","Category":"","Description":"","Attributes":5,"ValueType":"System.Collections.Generic.KeyValuePair`2[[System.String],[System.String]][]"},"Value":[]}]},"Attachments":[],"Outcome":2,"ErrorMessage":"Assert.AreEqual failed. Expected:<2>. Actual:<1>. ","ErrorStackTrace":"   at PS2GradingTests.DependencyGraphTest.TestComplexReplaceIndexer() in C:\\Users\\u0995526\\Source\\Repos\\spreadsheet-ZacheyMIX\\Spreadsheet\\DependencyGraphTests\\DependencyGraphTests.cs:line 681\r\n","DisplayName":"TestComplexReplaceIndexer","Messages":[],"ComputerName":null,"Duration":"00:00:00.0019387","StartTime":"2022-09-13T12:32:03.8774757-06:00","EndTime":"2022-09-13T12:32:03.8799443-06:00","Properties":[{"Key":{"Id":"ExecutionId","Label":"ExecutionId","Category":"","Description":"","Attributes":1,"ValueType":"System.Guid"},"Value":"00000000-0000-0000-0000-000000000000"},{"Key":{"Id":"ParentExecId","Label":"ParentExecId","Category":"","Description":"","Attributes":1,"ValueType":"System.Guid"},"Value":"00000000-0000-0000-0000-000000000000"},{"Key":{"Id":"InnerResultsCount","Label":"InnerResultsCount","Category":"","Description":"","Attributes":1,"ValueType":"System.Int32"},"Value":0}]},{"TestCase":{"Id":"cbc26bad-b8dd-4ee0-5e2b-0ee617f83eff","FullyQualifiedName":"PS2GradingTests.DependencyGraphTest.TestComplexReplace2","DisplayName":"TestComplexReplace2","ExecutorUri":"executor://MSTestAdapter/v2","Source":"C:\\Users\\u0995526\\Source\\Repos\\spreadsheet-ZacheyMIX\\Spreadsheet\\DependencyGraphTests\\bin\\Debug\\net6.0\\fine-code-coverage\\build-output\\DependencyGraphTests.dll","CodeFilePath":null,"LineNumber":-1,"Properties":[{"Key":{"Id":"TestCase.ManagedType","Label":"ManagedType","Category":"","Description":"","Attributes":1,"ValueType":"System.String"},"Value":"PS2GradingTests.DependencyGraphTest"},{"Key":{"Id":"TestCase.ManagedMethod","Label":"ManagedMethod","Category":"","Description":"","Attributes":1,"ValueType":"System.String"},"Value":"TestComplexReplace2"},{"Key":{"Id":"MSTestDiscoverer.TestClassName","Label":"ClassName","Category":"","Description":"","Attributes":1,"ValueType":"System.String"},"Value":"PS2GradingTests.DependencyGraphTest"},{"Key":{"Id":"TestCase.Hierarchy","Label":"Hierarchy","Category":"","Description":"","Attributes":2,"ValueType":"System.String[]"},"Value":["PS2GradingTests","DependencyGraphTest"]},{"Key":{"Id":"MSTestDiscoverer.TestCategory","Label":"TestCategory","Category":"","Description":"","Attributes":5,"ValueType":"System.String[]"},"Value":["36"]},{"Key":{"Id":"TestObject.Traits","Label":"Traits","Category":"","Description":"","Attributes":5,"ValueType":"System.Collections.Generic.KeyValuePair`2[[System.String],[System.String]][]"},"Value":[]}]},"Attachments":[],"Outcome":2,"ErrorMessage":"Test method PS2GradingTests.DependencyGraphTest.TestComplexReplace2 threw exception: \r\nSystem.Collections.Generic.KeyNotFoundException: The given key 'a' was not present in the dictionary.","ErrorStackTrace":"    at System.Collections.Generic.Dictionary`2.get_Item(TKey key)\r\n   at SpreadsheetUtilities.DependencyGraph.HasDependents(String s) in C:\\Users\\u0995526\\Source\\Repos\\spreadsheet-ZacheyMIX\\Spreadsheet\\DependencyGraph\\DependencyGraph.cs:line 101\r\n   at PS2GradingTests.DependencyGraphTest.TestComplexReplace2() in C:\\Users\\u0995526\\Source\\Repos\\spreadsheet-ZacheyMIX\\Spreadsheet\\DependencyGraphTests\\DependencyGraphTests.cs:line 700\r\n","DisplayName":"TestComplexReplace2","Messages":[],"ComputerName":null,"Duration":"00:00:00.0021353","StartTime":"2022-09-13T12:32:03.8855983-06:00","EndTime":"2022-09-13T12:32:03.8882971-06:00","Properties":[{"Key":{"Id":"ExecutionId","Label":"ExecutionId","Category":"","Description":"","Attributes":1,"ValueType":"System.Guid"},"Value":"00000000-0000-0000-0000-000000000000"},{"Key":{"Id":"ParentExecId","Label":"ParentExecId","Category":"","Description":"","Attributes":1,"ValueType":"System.Guid"},"Value":"00000000-0000-0000-0000-000000000000"},{"Key":{"Id":"InnerResultsCount","Label":"InnerResultsCount","Category":"","Description":"","Attributes":1,"ValueType":"System.Int32"},"Value":0}]}],"TestRunStatistics":{"ExecutedTests":36,"Stats":{"Passed":22,"Failed":14}},"ActiveTests":[{"Id":"d2dcf879-0d82-29d9-8589-559ddc849871","FullyQualifiedName":"PS2GradingTests.DependencyGraphTest.TestComplexReplaceEnumerator","DisplayName":"TestComplexReplaceEnumerator","ExecutorUri":"executor://MSTestAdapter/v2","Source":"C:\\Users\\u0995526\\Source\\Repos\\spreadsheet-ZacheyMIX\\Spreadsheet\\DependencyGraphTests\\bin\\Debug\\net6.0\\fine-code-coverage\\build-output\\DependencyGraphTests.dll","CodeFilePath":null,"LineNumber":-1,"Properties":[{"Key":{"Id":"TestCase.ManagedType","Label":"ManagedType","Category":"","Description":"","Attributes":1,"ValueType":"System.String"},"Value":"PS2GradingTests.DependencyGraphTest"},{"Key":{"Id":"TestCase.ManagedMethod","Label":"ManagedMethod","Category":"","Description":"","Attributes":1,"ValueType":"System.String"},"Value":"TestComplexReplaceEnumerator"},{"Key":{"Id":"MSTestDiscoverer.TestClassName","Label":"ClassName","Category":"","Description":"","Attributes":1,"ValueType":"System.String"},"Value":"PS2GradingTests.DependencyGraphTest"},{"Key":{"Id":"TestCase.Hierarchy","Label":"Hierarchy","Category":"","Description":"","Attributes":2,"ValueType":"System.String[]"},"Value":["PS2GradingTests","DependencyGraphTest"]},{"Key":{"Id":"MSTestDiscoverer.TestCategory","Label":"TestCategory","Category":"","Description":"","Attributes":5,"ValueType":"System.String[]"},"Value":["37"]},{"Key":{"Id":"TestObject.Traits","Label":"Traits","Category":"","Description":"","Attributes":5,"ValueType":"System.Collections.Generic.KeyValuePair`2[[System.String],[System.String]][]"},"Value":[]}]}]}}
TpTrace Verbose: 0 : 20520, 4, 2022/09/13, 12:32:03.894, 6122172246071, testhost.dll, TestRunCache: OnNewTestResult: Notified the onCacheHit callback.
TpTrace Information: 0 : 20520, 4, 2022/09/13, 12:32:03.896, 6122172268338, testhost.dll, MSTest - Executing test TestComplexReplaceEnumerator
TpTrace Information: 0 : 20520, 4, 2022/09/13, 12:32:03.898, 6122172287756, testhost.dll, MSTest - Executed test TestComplexReplaceEnumerator
TpTrace Verbose: 0 : 20520, 4, 2022/09/13, 12:32:03.898, 6122172289324, testhost.dll, TestExecutionRecorder.RecordEnd: test: PS2GradingTests.DependencyGraphTest.TestComplexReplaceEnumerator execution completed.
TpTrace Warning: 0 : 20520, 4, 2022/09/13, 12:32:03.899, 6122172290394, testhost.dll, TestRunCache: InProgressTests is null
TpTrace Verbose: 0 : 20520, 4, 2022/09/13, 12:32:03.901, 6122172312588, testhost.dll, TestExecutionRecorder.RecordResult: Received result for test: PS2GradingTests.DependencyGraphTest.TestComplexReplaceEnumerator.
TpTrace Warning: 0 : 20520, 4, 2022/09/13, 12:32:03.901, 6122172314287, testhost.dll, TestRunCache: InProgressTests is null
TpTrace Warning: 0 : 20520, 4, 2022/09/13, 12:32:03.901, 6122172315048, testhost.dll, TestRunCache: No test found corresponding to testResult 'TestComplexReplaceEnumerator' in inProgress list.
TpTrace Verbose: 0 : 20520, 4, 2022/09/13, 12:32:03.901, 6122172316184, testhost.dll, TestExecutionRecorder.RecordStart: Starting test: PS2GradingTests.DependencyGraphTest.TestComplexReplaceEnumerator2.
TpTrace Information: 0 : 20520, 4, 2022/09/13, 12:32:03.904, 6122172340712, testhost.dll, MSTest - Executing test TestComplexReplaceEnumerator2
TpTrace Information: 0 : 20520, 4, 2022/09/13, 12:32:03.908, 6122172383678, testhost.dll, MSTest - Executed test TestComplexReplaceEnumerator2
TpTrace Verbose: 0 : 20520, 4, 2022/09/13, 12:32:03.908, 6122172385389, testhost.dll, TestExecutionRecorder.RecordEnd: test: PS2GradingTests.DependencyGraphTest.TestComplexReplaceEnumerator2 execution completed.
TpTrace Information: 0 : 20520, 4, 2022/09/13, 12:32:03.910, 6122172409668, testhost.dll, MSTest - MSTestExecutor:Test PS2GradingTests.DependencyGraphTest.TestComplexReplaceEnumerator2 failed. ErrorMessage:Assert.IsFalse failed. , ErrorStackTrace:   at PS2GradingTests.DependencyGraphTest.TestComplexReplaceEnumerator2() in C:\Users\u0995526\Source\Repos\spreadsheet-ZacheyMIX\Spreadsheet\DependencyGraphTests\DependencyGraphTests.cs:line 767
.
TpTrace Verbose: 0 : 20520, 4, 2022/09/13, 12:32:03.911, 6122172411144, testhost.dll, TestExecutionRecorder.RecordResult: Received result for test: PS2GradingTests.DependencyGraphTest.TestComplexReplaceEnumerator2.
TpTrace Warning: 0 : 20520, 4, 2022/09/13, 12:32:03.911, 6122172412193, testhost.dll, TestRunCache: InProgressTests is null
TpTrace Warning: 0 : 20520, 4, 2022/09/13, 12:32:03.911, 6122172412890, testhost.dll, TestRunCache: No test found corresponding to testResult 'TestComplexReplaceEnumerator2' in inProgress list.
TpTrace Verbose: 0 : 20520, 4, 2022/09/13, 12:32:03.911, 6122172414106, testhost.dll, TestExecutionRecorder.RecordStart: Starting test: PS2GradingTests.DependencyGraphTest.StressTest1.
TpTrace Information: 0 : 20520, 4, 2022/09/13, 12:32:03.913, 6122172434124, testhost.dll, MSTest - Executing test StressTest1
TpTrace Verbose: 0 : 20520, 10, 2022/09/13, 12:32:04.095, 6122174250542, testhost.dll, TcpClientExtensions.MessageLoopAsync: Polling on remoteEndPoint: [::ffff:127.0.0.1]:52549 localEndPoint: [::ffff:127.0.0.1]:52550
TpTrace Information: 0 : 20520, 4, 2022/09/13, 12:32:04.128, 6122174589032, testhost.dll, MSTest - Executed test StressTest1
TpTrace Verbose: 0 : 20520, 4, 2022/09/13, 12:32:04.129, 6122174591519, testhost.dll, TestExecutionRecorder.RecordEnd: test: PS2GradingTests.DependencyGraphTest.StressTest1 execution completed.
TpTrace Verbose: 0 : 20520, 4, 2022/09/13, 12:32:04.132, 6122174620408, testhost.dll, TestExecutionRecorder.RecordResult: Received result for test: PS2GradingTests.DependencyGraphTest.StressTest1.
TpTrace Warning: 0 : 20520, 4, 2022/09/13, 12:32:04.132, 6122174622295, testhost.dll, TestRunCache: InProgressTests is null
TpTrace Warning: 0 : 20520, 4, 2022/09/13, 12:32:04.132, 6122174623368, testhost.dll, TestRunCache: No test found corresponding to testResult 'StressTest1' in inProgress list.
TpTrace Verbose: 0 : 20520, 4, 2022/09/13, 12:32:04.132, 6122174625064, testhost.dll, TestExecutionRecorder.RecordStart: Starting test: PS2GradingTests.DependencyGraphTest.StressTest2.
TpTrace Information: 0 : 20520, 4, 2022/09/13, 12:32:04.134, 6122174648414, testhost.dll, MSTest - Executing test StressTest2
TpTrace Information: 0 : 20520, 4, 2022/09/13, 12:32:04.208, 6122175381049, testhost.dll, MSTest - Executed test StressTest2
TpTrace Verbose: 0 : 20520, 4, 2022/09/13, 12:32:04.208, 6122175382904, testhost.dll, TestExecutionRecorder.RecordEnd: test: PS2GradingTests.DependencyGraphTest.StressTest2 execution completed.
TpTrace Verbose: 0 : 20520, 4, 2022/09/13, 12:32:04.210, 6122175401407, testhost.dll, TestExecutionRecorder.RecordResult: Received result for test: PS2GradingTests.DependencyGraphTest.StressTest2.
TpTrace Warning: 0 : 20520, 4, 2022/09/13, 12:32:04.210, 6122175402566, testhost.dll, TestRunCache: InProgressTests is null
TpTrace Warning: 0 : 20520, 4, 2022/09/13, 12:32:04.210, 6122175403067, testhost.dll, TestRunCache: No test found corresponding to testResult 'StressTest2' in inProgress list.
TpTrace Verbose: 0 : 20520, 4, 2022/09/13, 12:32:04.210, 6122175403968, testhost.dll, TestExecutionRecorder.RecordStart: Starting test: PS2GradingTests.DependencyGraphTest.StressTest3.
TpTrace Information: 0 : 20520, 4, 2022/09/13, 12:32:04.211, 6122175416308, testhost.dll, MSTest - Executing test StressTest3
TpTrace Information: 0 : 20520, 4, 2022/09/13, 12:32:04.273, 6122176031177, testhost.dll, MSTest - Executed test StressTest3
TpTrace Verbose: 0 : 20520, 4, 2022/09/13, 12:32:04.273, 6122176032651, testhost.dll, TestExecutionRecorder.RecordEnd: test: PS2GradingTests.DependencyGraphTest.StressTest3 execution completed.
TpTrace Verbose: 0 : 20520, 4, 2022/09/13, 12:32:04.274, 6122176046597, testhost.dll, TestExecutionRecorder.RecordResult: Received result for test: PS2GradingTests.DependencyGraphTest.StressTest3.
TpTrace Warning: 0 : 20520, 4, 2022/09/13, 12:32:04.274, 6122176047799, testhost.dll, TestRunCache: InProgressTests is null
TpTrace Warning: 0 : 20520, 4, 2022/09/13, 12:32:04.274, 6122176048330, testhost.dll, TestRunCache: No test found corresponding to testResult 'StressTest3' in inProgress list.
TpTrace Verbose: 0 : 20520, 4, 2022/09/13, 12:32:04.274, 6122176049259, testhost.dll, TestExecutionRecorder.RecordStart: Starting test: PS2GradingTests.DependencyGraphTest.StressTest8.
TpTrace Information: 0 : 20520, 4, 2022/09/13, 12:32:04.276, 6122176061146, testhost.dll, MSTest - Executing test StressTest8
TpTrace Information: 0 : 20520, 4, 2022/09/13, 12:32:04.690, 6122180206805, testhost.dll, MSTest - Executed test StressTest8
TpTrace Verbose: 0 : 20520, 4, 2022/09/13, 12:32:04.690, 6122180208233, testhost.dll, TestExecutionRecorder.RecordEnd: test: PS2GradingTests.DependencyGraphTest.StressTest8 execution completed.
TpTrace Information: 0 : 20520, 4, 2022/09/13, 12:32:04.692, 6122180221691, testhost.dll, MSTest - MSTestExecutor:Test PS2GradingTests.DependencyGraphTest.StressTest8 failed. ErrorMessage:Assert.IsTrue failed. , ErrorStackTrace:   at PS2GradingTests.DependencyGraphTest.StressTest8() in C:\Users\u0995526\Source\Repos\spreadsheet-ZacheyMIX\Spreadsheet\DependencyGraphTests\DependencyGraphTests.cs:line 958
.
TpTrace Verbose: 0 : 20520, 4, 2022/09/13, 12:32:04.692, 6122180222551, testhost.dll, TestExecutionRecorder.RecordResult: Received result for test: PS2GradingTests.DependencyGraphTest.StressTest8.
TpTrace Warning: 0 : 20520, 4, 2022/09/13, 12:32:04.692, 6122180223344, testhost.dll, TestRunCache: InProgressTests is null
TpTrace Warning: 0 : 20520, 4, 2022/09/13, 12:32:04.692, 6122180223780, testhost.dll, TestRunCache: No test found corresponding to testResult 'StressTest8' in inProgress list.
TpTrace Verbose: 0 : 20520, 4, 2022/09/13, 12:32:04.692, 6122180224706, testhost.dll, TestExecutionRecorder.RecordStart: Starting test: PS2GradingTests.DependencyGraphTest.StressTest9.
TpTrace Information: 0 : 20520, 4, 2022/09/13, 12:32:04.693, 6122180234794, testhost.dll, MSTest - Executing test StressTest9
TpTrace Information: 0 : 20520, 4, 2022/09/13, 12:32:05.054, 6122183840117, testhost.dll, MSTest - Executed test StressTest9
TpTrace Verbose: 0 : 20520, 4, 2022/09/13, 12:32:05.054, 6122183841664, testhost.dll, TestExecutionRecorder.RecordEnd: test: PS2GradingTests.DependencyGraphTest.StressTest9 execution completed.
TpTrace Information: 0 : 20520, 4, 2022/09/13, 12:32:05.055, 6122183859709, testhost.dll, MSTest - MSTestExecutor:Test PS2GradingTests.DependencyGraphTest.StressTest9 failed. ErrorMessage:Assert.IsTrue failed. , ErrorStackTrace:   at PS2GradingTests.DependencyGraphTest.StressTest8() in C:\Users\u0995526\Source\Repos\spreadsheet-ZacheyMIX\Spreadsheet\DependencyGraphTests\DependencyGraphTests.cs:line 958
   at PS2GradingTests.DependencyGraphTest.StressTest9() in C:\Users\u0995526\Source\Repos\spreadsheet-ZacheyMIX\Spreadsheet\DependencyGraphTests\DependencyGraphTests.cs:line 966
.
TpTrace Verbose: 0 : 20520, 4, 2022/09/13, 12:32:05.056, 6122183861009, testhost.dll, TestExecutionRecorder.RecordResult: Received result for test: PS2GradingTests.DependencyGraphTest.StressTest9.
TpTrace Warning: 0 : 20520, 4, 2022/09/13, 12:32:05.056, 6122183862026, testhost.dll, TestRunCache: InProgressTests is null
TpTrace Warning: 0 : 20520, 4, 2022/09/13, 12:32:05.056, 6122183862543, testhost.dll, TestRunCache: No test found corresponding to testResult 'StressTest9' in inProgress list.
TpTrace Verbose: 0 : 20520, 4, 2022/09/13, 12:32:05.056, 6122183863837, testhost.dll, TestExecutionRecorder.RecordStart: Starting test: PS2GradingTests.DependencyGraphTest.StressTest10.
TpTrace Information: 0 : 20520, 4, 2022/09/13, 12:32:05.057, 6122183879561, testhost.dll, MSTest - Executing test StressTest10
TpTrace Verbose: 0 : 20520, 10, 2022/09/13, 12:32:05.111, 6122184415644, testhost.dll, TcpClientExtensions.MessageLoopAsync: Polling on remoteEndPoint: [::ffff:127.0.0.1]:52549 localEndPoint: [::ffff:127.0.0.1]:52550
TpTrace Information: 0 : 20520, 4, 2022/09/13, 12:32:05.353, 6122186839285, testhost.dll, MSTest - Executed test StressTest10
TpTrace Verbose: 0 : 20520, 4, 2022/09/13, 12:32:05.354, 6122186840622, testhost.dll, TestExecutionRecorder.RecordEnd: test: PS2GradingTests.DependencyGraphTest.StressTest10 execution completed.
TpTrace Information: 0 : 20520, 4, 2022/09/13, 12:32:05.355, 6122186852321, testhost.dll, MSTest - MSTestExecutor:Test PS2GradingTests.DependencyGraphTest.StressTest10 failed. ErrorMessage:Assert.IsTrue failed. , ErrorStackTrace:   at PS2GradingTests.DependencyGraphTest.StressTest8() in C:\Users\u0995526\Source\Repos\spreadsheet-ZacheyMIX\Spreadsheet\DependencyGraphTests\DependencyGraphTests.cs:line 958
   at PS2GradingTests.DependencyGraphTest.StressTest10() in C:\Users\u0995526\Source\Repos\spreadsheet-ZacheyMIX\Spreadsheet\DependencyGraphTests\DependencyGraphTests.cs:line 972
.
TpTrace Verbose: 0 : 20520, 4, 2022/09/13, 12:32:05.355, 6122186853136, testhost.dll, TestExecutionRecorder.RecordResult: Received result for test: PS2GradingTests.DependencyGraphTest.StressTest10.
TpTrace Warning: 0 : 20520, 4, 2022/09/13, 12:32:05.355, 6122186853883, testhost.dll, TestRunCache: InProgressTests is null
TpTrace Warning: 0 : 20520, 4, 2022/09/13, 12:32:05.355, 6122186854301, testhost.dll, TestRunCache: No test found corresponding to testResult 'StressTest10' in inProgress list.
TpTrace Verbose: 0 : 20520, 4, 2022/09/13, 12:32:05.355, 6122186855086, testhost.dll, TestExecutionRecorder.RecordStart: Starting test: PS2GradingTests.DependencyGraphTest.StressTest15.
TpTrace Information: 0 : 20520, 4, 2022/09/13, 12:32:05.356, 6122186865273, testhost.dll, MSTest - Executing test StressTest15
TpTrace Information: 0 : 20520, 9, 2022/09/13, 12:32:05.408, 6122187386125, testhost.dll, Sending test run statistics
TpTrace Verbose: 0 : 20520, 9, 2022/09/13, 12:32:05.409, 6122187397934, testhost.dll, TestRequestHandler.SendData:  sending data from testhost: {"Version":5,"MessageType":"TestExecution.StatsChange","Payload":{"NewTestResults":[{"TestCase":{"Id":"d2dcf879-0d82-29d9-8589-559ddc849871","FullyQualifiedName":"PS2GradingTests.DependencyGraphTest.TestComplexReplaceEnumerator","DisplayName":"TestComplexReplaceEnumerator","ExecutorUri":"executor://MSTestAdapter/v2","Source":"C:\\Users\\u0995526\\Source\\Repos\\spreadsheet-ZacheyMIX\\Spreadsheet\\DependencyGraphTests\\bin\\Debug\\net6.0\\fine-code-coverage\\build-output\\DependencyGraphTests.dll","CodeFilePath":null,"LineNumber":-1,"Properties":[{"Key":{"Id":"TestCase.ManagedType","Label":"ManagedType","Category":"","Description":"","Attributes":1,"ValueType":"System.String"},"Value":"PS2GradingTests.DependencyGraphTest"},{"Key":{"Id":"TestCase.ManagedMethod","Label":"ManagedMethod","Category":"","Description":"","Attributes":1,"ValueType":"System.String"},"Value":"TestComplexReplaceEnumerator"},{"Key":{"Id":"MSTestDiscoverer.TestClassName","Label":"ClassName","Category":"","Description":"","Attributes":1,"ValueType":"System.String"},"Value":"PS2GradingTests.DependencyGraphTest"},{"Key":{"Id":"TestCase.Hierarchy","Label":"Hierarchy","Category":"","Description":"","Attributes":2,"ValueType":"System.String[]"},"Value":["PS2GradingTests","DependencyGraphTest"]},{"Key":{"Id":"MSTestDiscoverer.TestCategory","Label":"TestCategory","Category":"","Description":"","Attributes":5,"ValueType":"System.String[]"},"Value":["37"]},{"Key":{"Id":"TestObject.Traits","Label":"Traits","Category":"","Description":"","Attributes":5,"ValueType":"System.Collections.Generic.KeyValuePair`2[[System.String],[System.String]][]"},"Value":[]}]},"Attachments":[],"Outcome":1,"ErrorMessage":null,"ErrorStackTrace":null,"DisplayName":"TestComplexReplaceEnumerator","Messages":[],"ComputerName":null,"Duration":"00:00:00.0014687","StartTime":"2022-09-13T12:32:03.8968142-06:00","EndTime":"2022-09-13T12:32:03.8989234-06:00","Properties":[{"Key":{"Id":"ExecutionId","Label":"ExecutionId","Category":"","Description":"","Attributes":1,"ValueType":"System.Guid"},"Value":"00000000-0000-0000-0000-000000000000"},{"Key":{"Id":"ParentExecId","Label":"ParentExecId","Category":"","Description":"","Attributes":1,"ValueType":"System.Guid"},"Value":"00000000-0000-0000-0000-000000000000"},{"Key":{"Id":"InnerResultsCount","Label":"InnerResultsCount","Category":"","Description":"","Attributes":1,"ValueType":"System.Int32"},"Value":0}]},{"TestCase":{"Id":"7e8cde35-4162-a678-09d1-e87aa75e4873","FullyQualifiedName":"PS2GradingTests.DependencyGraphTest.TestComplexReplaceEnumerator2","DisplayName":"TestComplexReplaceEnumerator2","ExecutorUri":"executor://MSTestAdapter/v2","Source":"C:\\Users\\u0995526\\Source\\Repos\\spreadsheet-ZacheyMIX\\Spreadsheet\\DependencyGraphTests\\bin\\Debug\\net6.0\\fine-code-coverage\\build-output\\DependencyGraphTests.dll","CodeFilePath":null,"LineNumber":-1,"Properties":[{"Key":{"Id":"TestCase.ManagedType","Label":"ManagedType","Category":"","Description":"","Attributes":1,"ValueType":"System.String"},"Value":"PS2GradingTests.DependencyGraphTest"},{"Key":{"Id":"TestCase.ManagedMethod","Label":"ManagedMethod","Category":"","Description":"","Attributes":1,"ValueType":"System.String"},"Value":"TestComplexReplaceEnumerator2"},{"Key":{"Id":"MSTestDiscoverer.TestClassName","Label":"ClassName","Category":"","Description":"","Attributes":1,"ValueType":"System.String"},"Value":"PS2GradingTests.DependencyGraphTest"},{"Key":{"Id":"TestCase.Hierarchy","Label":"Hierarchy","Category":"","Description":"","Attributes":2,"ValueType":"System.String[]"},"Value":["PS2GradingTests","DependencyGraphTest"]},{"Key":{"Id":"MSTestDiscoverer.TestCategory","Label":"TestCategory","Category":"","Description":"","Attributes":5,"ValueType":"System.String[]"},"Value":["38"]},{"Key":{"Id":"TestObject.Traits","Label":"Traits","Category":"","Description":"","Attributes":5,"ValueType":"System.Collections.Generic.KeyValuePair`2[[System.String],[System.String]][]"},"Value":[]}]},"Attachments":[],"Outcome":2,"ErrorMessage":"Assert.IsFalse failed. ","ErrorStackTrace":"   at PS2GradingTests.DependencyGraphTest.TestComplexReplaceEnumerator2() in C:\\Users\\u0995526\\Source\\Repos\\spreadsheet-ZacheyMIX\\Spreadsheet\\DependencyGraphTests\\DependencyGraphTests.cs:line 767\r\n","DisplayName":"TestComplexReplaceEnumerator2","Messages":[],"ComputerName":null,"Duration":"00:00:00.0038071","StartTime":"2022-09-13T12:32:03.9040546-06:00","EndTime":"2022-09-13T12:32:03.9085173-06:00","Properties":[{"Key":{"Id":"ExecutionId","Label":"ExecutionId","Category":"","Description":"","Attributes":1,"ValueType":"System.Guid"},"Value":"00000000-0000-0000-0000-000000000000"},{"Key":{"Id":"ParentExecId","Label":"ParentExecId","Category":"","Description":"","Attributes":1,"ValueType":"System.Guid"},"Value":"00000000-0000-0000-0000-000000000000"},{"Key":{"Id":"InnerResultsCount","Label":"InnerResultsCount","Category":"","Description":"","Attributes":1,"ValueType":"System.Int32"},"Value":0}]},{"TestCase":{"Id":"c63baae6-1c3a-1cc3-c1ac-87955afd644f","FullyQualifiedName":"PS2GradingTests.DependencyGraphTest.StressTest1","DisplayName":"StressTest1","ExecutorUri":"executor://MSTestAdapter/v2","Source":"C:\\Users\\u0995526\\Source\\Repos\\spreadsheet-ZacheyMIX\\Spreadsheet\\DependencyGraphTests\\bin\\Debug\\net6.0\\fine-code-coverage\\build-output\\DependencyGraphTests.dll","CodeFilePath":null,"LineNumber":-1,"Properties":[{"Key":{"Id":"TestCase.ManagedType","Label":"ManagedType","Category":"","Description":"","Attributes":1,"ValueType":"System.String"},"Value":"PS2GradingTests.DependencyGraphTest"},{"Key":{"Id":"TestCase.ManagedMethod","Label":"ManagedMethod","Category":"","Description":"","Attributes":1,"ValueType":"System.String"},"Value":"StressTest1"},{"Key":{"Id":"MSTestDiscoverer.TestClassName","Label":"ClassName","Category":"","Description":"","Attributes":1,"ValueType":"System.String"},"Value":"PS2GradingTests.DependencyGraphTest"},{"Key":{"Id":"TestCase.Hierarchy","Label":"Hierarchy","Category":"","Description":"","Attributes":2,"ValueType":"System.String[]"},"Value":["PS2GradingTests","DependencyGraphTest"]},{"Key":{"Id":"MSTestDiscoverer.TestCategory","Label":"TestCategory","Category":"","Description":"","Attributes":5,"ValueType":"System.String[]"},"Value":["39"]},{"Key":{"Id":"TestObject.Traits","Label":"Traits","Category":"","Description":"","Attributes":5,"ValueType":"System.Collections.Generic.KeyValuePair`2[[System.String],[System.String]][]"},"Value":[]}]},"Attachments":[],"Outcome":1,"ErrorMessage":null,"ErrorStackTrace":null,"DisplayName":"StressTest1","Messages":[],"ComputerName":null,"Duration":"00:00:00.2150133","StartTime":"2022-09-13T12:32:03.9134105-06:00","EndTime":"2022-09-13T12:32:04.1291252-06:00","Properties":[{"Key":{"Id":"ExecutionId","Label":"ExecutionId","Category":"","Description":"","Attributes":1,"ValueType":"System.Guid"},"Value":"00000000-0000-0000-0000-000000000000"},{"Key":{"Id":"ParentExecId","Label":"ParentExecId","Category":"","Description":"","Attributes":1,"ValueType":"System.Guid"},"Value":"00000000-0000-0000-0000-000000000000"},{"Key":{"Id":"InnerResultsCount","Label":"InnerResultsCount","Category":"","Description":"","Attributes":1,"ValueType":"System.Int32"},"Value":0}]},{"TestCase":{"Id":"5409f40a-c2e9-eb0c-3439-ea3c17ee480d","FullyQualifiedName":"PS2GradingTests.DependencyGraphTest.StressTest2","DisplayName":"StressTest2","ExecutorUri":"executor://MSTestAdapter/v2","Source":"C:\\Users\\u0995526\\Source\\Repos\\spreadsheet-ZacheyMIX\\Spreadsheet\\DependencyGraphTests\\bin\\Debug\\net6.0\\fine-code-coverage\\build-output\\DependencyGraphTests.dll","CodeFilePath":null,"LineNumber":-1,"Properties":[{"Key":{"Id":"TestCase.ManagedType","Label":"ManagedType","Category":"","Description":"","Attributes":1,"ValueType":"System.String"},"Value":"PS2GradingTests.DependencyGraphTest"},{"Key":{"Id":"TestCase.ManagedMethod","Label":"ManagedMethod","Category":"","Description":"","Attributes":1,"ValueType":"System.String"},"Value":"StressTest2"},{"Key":{"Id":"MSTestDiscoverer.TestClassName","Label":"ClassName","Category":"","Description":"","Attributes":1,"ValueType":"System.String"},"Value":"PS2GradingTests.DependencyGraphTest"},{"Key":{"Id":"TestCase.Hierarchy","Label":"Hierarchy","Category":"","Description":"","Attributes":2,"ValueType":"System.String[]"},"Value":["PS2GradingTests","DependencyGraphTest"]},{"Key":{"Id":"MSTestDiscoverer.TestCategory","Label":"TestCategory","Category":"","Description":"","Attributes":5,"ValueType":"System.String[]"},"Value":["40"]},{"Key":{"Id":"TestObject.Traits","Label":"Traits","Category":"","Description":"","Attributes":5,"ValueType":"System.Collections.Generic.KeyValuePair`2[[System.String],[System.String]][]"},"Value":[]}]},"Attachments":[],"Outcome":1,"ErrorMessage":null,"ErrorStackTrace":null,"DisplayName":"StressTest2","Messages":[],"ComputerName":null,"Duration":"00:00:00.0727509","StartTime":"2022-09-13T12:32:04.1348302-06:00","EndTime":"2022-09-13T12:32:04.2082568-06:00","Properties":[{"Key":{"Id":"ExecutionId","Label":"ExecutionId","Category":"","Description":"","Attributes":1,"ValueType":"System.Guid"},"Value":"00000000-0000-0000-0000-000000000000"},{"Key":{"Id":"ParentExecId","Label":"ParentExecId","Category":"","Description":"","Attributes":1,"ValueType":"System.Guid"},"Value":"00000000-0000-0000-0000-000000000000"},{"Key":{"Id":"InnerResultsCount","Label":"InnerResultsCount","Category":"","Description":"","Attributes":1,"ValueType":"System.Int32"},"Value":0}]},{"TestCase":{"Id":"699fc8c9-ffe0-7721-8210-0e22a5bafd21","FullyQualifiedName":"PS2GradingTests.DependencyGraphTest.StressTest3","DisplayName":"StressTest3","ExecutorUri":"executor://MSTestAdapter/v2","Source":"C:\\Users\\u0995526\\Source\\Repos\\spreadsheet-ZacheyMIX\\Spreadsheet\\DependencyGraphTests\\bin\\Debug\\net6.0\\fine-code-coverage\\build-output\\DependencyGraphTests.dll","CodeFilePath":null,"LineNumber":-1,"Properties":[{"Key":{"Id":"TestCase.ManagedType","Label":"ManagedType","Category":"","Description":"","Attributes":1,"ValueType":"System.String"},"Value":"PS2GradingTests.DependencyGraphTest"},{"Key":{"Id":"TestCase.ManagedMethod","Label":"ManagedMethod","Category":"","Description":"","Attributes":1,"ValueType":"System.String"},"Value":"StressTest3"},{"Key":{"Id":"MSTestDiscoverer.TestClassName","Label":"ClassName","Category":"","Description":"","Attributes":1,"ValueType":"System.String"},"Value":"PS2GradingTests.DependencyGraphTest"},{"Key":{"Id":"TestCase.Hierarchy","Label":"Hierarchy","Category":"","Description":"","Attributes":2,"ValueType":"System.String[]"},"Value":["PS2GradingTests","DependencyGraphTest"]},{"Key":{"Id":"MSTestDiscoverer.TestCategory","Label":"TestCategory","Category":"","Description":"","Attributes":5,"ValueType":"System.String[]"},"Value":["41"]},{"Key":{"Id":"TestObject.Traits","Label":"Traits","Category":"","Description":"","Attributes":5,"ValueType":"System.Collections.Generic.KeyValuePair`2[[System.String],[System.String]][]"},"Value":[]}]},"Attachments":[],"Outcome":1,"ErrorMessage":null,"ErrorStackTrace":null,"DisplayName":"StressTest3","Messages":[],"ComputerName":null,"Duration":"00:00:00.0611648","StartTime":"2022-09-13T12:32:04.2116308-06:00","EndTime":"2022-09-13T12:32:04.273256-06:00","Properties":[{"Key":{"Id":"ExecutionId","Label":"ExecutionId","Category":"","Description":"","Attributes":1,"ValueType":"System.Guid"},"Value":"00000000-0000-0000-0000-000000000000"},{"Key":{"Id":"ParentExecId","Label":"ParentExecId","Category":"","Description":"","Attributes":1,"ValueType":"System.Guid"},"Value":"00000000-0000-0000-0000-000000000000"},{"Key":{"Id":"InnerResultsCount","Label":"InnerResultsCount","Category":"","Description":"","Attributes":1,"ValueType":"System.Int32"},"Value":0}]},{"TestCase":{"Id":"532541ea-141e-0cdf-7f2f-0539d08ef78c","FullyQualifiedName":"PS2GradingTests.DependencyGraphTest.StressTest8","DisplayName":"StressTest8","ExecutorUri":"executor://MSTestAdapter/v2","Source":"C:\\Users\\u0995526\\Source\\Repos\\spreadsheet-ZacheyMIX\\Spreadsheet\\DependencyGraphTests\\bin\\Debug\\net6.0\\fine-code-coverage\\build-output\\DependencyGraphTests.dll","CodeFilePath":null,"LineNumber":-1,"Properties":[{"Key":{"Id":"TestCase.ManagedType","Label":"ManagedType","Category":"","Description":"","Attributes":1,"ValueType":"System.String"},"Value":"PS2GradingTests.DependencyGraphTest"},{"Key":{"Id":"TestCase.ManagedMethod","Label":"ManagedMethod","Category":"","Description":"","Attributes":1,"ValueType":"System.String"},"Value":"StressTest8"},{"Key":{"Id":"MSTestDiscoverer.TestClassName","Label":"ClassName","Category":"","Description":"","Attributes":1,"ValueType":"System.String"},"Value":"PS2GradingTests.DependencyGraphTest"},{"Key":{"Id":"TestCase.Hierarchy","Label":"Hierarchy","Category":"","Description":"","Attributes":2,"ValueType":"System.String[]"},"Value":["PS2GradingTests","DependencyGraphTest"]},{"Key":{"Id":"MSTestDiscoverer.TestCategory","Label":"TestCategory","Category":"","Description":"","Attributes":5,"ValueType":"System.String[]"},"Value":["42"]},{"Key":{"Id":"TestObject.Traits","Label":"Traits","Category":"","Description":"","Attributes":5,"ValueType":"System.Collections.Generic.KeyValuePair`2[[System.String],[System.String]][]"},"Value":[]}]},"Attachments":[],"Outcome":2,"ErrorMessage":"Assert.IsTrue failed. ","ErrorStackTrace":"   at PS2GradingTests.DependencyGraphTest.StressTest8() in C:\\Users\\u0995526\\Source\\Repos\\spreadsheet-ZacheyMIX\\Spreadsheet\\DependencyGraphTests\\DependencyGraphTests.cs:line 958\r\n","DisplayName":"StressTest8","Messages":[],"ComputerName":null,"Duration":"00:00:00.4142359","StartTime":"2022-09-13T12:32:04.2761143-06:00","EndTime":"2022-09-13T12:32:04.6908116-06:00","Properties":[{"Key":{"Id":"ExecutionId","Label":"ExecutionId","Category":"","Description":"","Attributes":1,"ValueType":"System.Guid"},"Value":"00000000-0000-0000-0000-000000000000"},{"Key":{"Id":"ParentExecId","Label":"ParentExecId","Category":"","Description":"","Attributes":1,"ValueType":"System.Guid"},"Value":"00000000-0000-0000-0000-000000000000"},{"Key":{"Id":"InnerResultsCount","Label":"InnerResultsCount","Category":"","Description":"","Attributes":1,"ValueType":"System.Int32"},"Value":0}]},{"TestCase":{"Id":"4bcc1831-4ba6-b684-3e1e-415701a9ac8e","FullyQualifiedName":"PS2GradingTests.DependencyGraphTest.StressTest9","DisplayName":"StressTest9","ExecutorUri":"executor://MSTestAdapter/v2","Source":"C:\\Users\\u0995526\\Source\\Repos\\spreadsheet-ZacheyMIX\\Spreadsheet\\DependencyGraphTests\\bin\\Debug\\net6.0\\fine-code-coverage\\build-output\\DependencyGraphTests.dll","CodeFilePath":null,"LineNumber":-1,"Properties":[{"Key":{"Id":"TestCase.ManagedType","Label":"ManagedType","Category":"","Description":"","Attributes":1,"ValueType":"System.String"},"Value":"PS2GradingTests.DependencyGraphTest"},{"Key":{"Id":"TestCase.ManagedMethod","Label":"ManagedMethod","Category":"","Description":"","Attributes":1,"ValueType":"System.String"},"Value":"StressTest9"},{"Key":{"Id":"MSTestDiscoverer.TestClassName","Label":"ClassName","Category":"","Description":"","Attributes":1,"ValueType":"System.String"},"Value":"PS2GradingTests.DependencyGraphTest"},{"Key":{"Id":"TestCase.Hierarchy","Label":"Hierarchy","Category":"","Description":"","Attributes":2,"ValueType":"System.String[]"},"Value":["PS2GradingTests","DependencyGraphTest"]},{"Key":{"Id":"MSTestDiscoverer.TestCategory","Label":"TestCategory","Category":"","Description":"","Attributes":5,"ValueType":"System.String[]"},"Value":["43"]},{"Key":{"Id":"TestObject.Traits","Label":"Traits","Category":"","Description":"","Attributes":5,"ValueType":"System.Collections.Generic.KeyValuePair`2[[System.String],[System.String]][]"},"Value":[]}]},"Attachments":[],"Outcome":2,"ErrorMessage":"Assert.IsTrue failed. ","ErrorStackTrace":"   at PS2GradingTests.DependencyGraphTest.StressTest8() in C:\\Users\\u0995526\\Source\\Repos\\spreadsheet-ZacheyMIX\\Spreadsheet\\DependencyGraphTests\\DependencyGraphTests.cs:line 958\r\n   at PS2GradingTests.DependencyGraphTest.StressTest9() in C:\\Users\\u0995526\\Source\\Repos\\spreadsheet-ZacheyMIX\\Spreadsheet\\DependencyGraphTests\\DependencyGraphTests.cs:line 966\r\n","DisplayName":"StressTest9","Messages":[],"ComputerName":null,"Duration":"00:00:00.3601561","StartTime":"2022-09-13T12:32:04.6934817-06:00","EndTime":"2022-09-13T12:32:05.054159-06:00","Properties":[{"Key":{"Id":"ExecutionId","Label":"ExecutionId","Category":"","Description":"","Attributes":1,"ValueType":"System.Guid"},"Value":"00000000-0000-0000-0000-000000000000"},{"Key":{"Id":"ParentExecId","Label":"ParentExecId","Category":"","Description":"","Attributes":1,"ValueType":"System.Guid"},"Value":"00000000-0000-0000-0000-000000000000"},{"Key":{"Id":"InnerResultsCount","Label":"InnerResultsCount","Category":"","Description":"","Attributes":1,"ValueType":"System.Int32"},"Value":0}]},{"TestCase":{"Id":"c7b196a2-2dce-ad46-8046-de7afc021829","FullyQualifiedName":"PS2GradingTests.DependencyGraphTest.StressTest10","DisplayName":"StressTest10","ExecutorUri":"executor://MSTestAdapter/v2","Source":"C:\\Users\\u0995526\\Source\\Repos\\spreadsheet-ZacheyMIX\\Spreadsheet\\DependencyGraphTests\\bin\\Debug\\net6.0\\fine-code-coverage\\build-output\\DependencyGraphTests.dll","CodeFilePath":null,"LineNumber":-1,"Properties":[{"Key":{"Id":"TestCase.ManagedType","Label":"ManagedType","Category":"","Description":"","Attributes":1,"ValueType":"System.String"},"Value":"PS2GradingTests.DependencyGraphTest"},{"Key":{"Id":"TestCase.ManagedMethod","Label":"ManagedMethod","Category":"","Description":"","Attributes":1,"ValueType":"System.String"},"Value":"StressTest10"},{"Key":{"Id":"MSTestDiscoverer.TestClassName","Label":"ClassName","Category":"","Description":"","Attributes":1,"ValueType":"System.String"},"Value":"PS2GradingTests.DependencyGraphTest"},{"Key":{"Id":"TestCase.Hierarchy","Label":"Hierarchy","Category":"","Description":"","Attributes":2,"ValueType":"System.String[]"},"Value":["PS2GradingTests","DependencyGraphTest"]},{"Key":{"Id":"MSTestDiscoverer.TestCategory","Label":"TestCategory","Category":"","Description":"","Attributes":5,"ValueType":"System.String[]"},"Value":["44"]},{"Key":{"Id":"TestObject.Traits","Label":"Traits","Category":"","Description":"","Attributes":5,"ValueType":"System.Collections.Generic.KeyValuePair`2[[System.String],[System.String]][]"},"Value":[]}]},"Attachments":[],"Outcome":2,"ErrorMessage":"Assert.IsTrue failed. ","ErrorStackTrace":"   at PS2GradingTests.DependencyGraphTest.StressTest8() in C:\\Users\\u0995526\\Source\\Repos\\spreadsheet-ZacheyMIX\\Spreadsheet\\DependencyGraphTests\\DependencyGraphTests.cs:line 958\r\n   at PS2GradingTests.DependencyGraphTest.StressTest10() in C:\\Users\\u0995526\\Source\\Repos\\spreadsheet-ZacheyMIX\\Spreadsheet\\DependencyGraphTests\\DependencyGraphTests.cs:line 972\r\n","DisplayName":"StressTest10","Messages":[],"ComputerName":null,"Duration":"00:00:00.2953534","StartTime":"2022-09-13T12:32:05.0579571-06:00","EndTime":"2022-09-13T12:32:05.3540579-06:00","Properties":[{"Key":{"Id":"ExecutionId","Label":"ExecutionId","Category":"","Description":"","Attributes":1,"ValueType":"System.Guid"},"Value":"00000000-0000-0000-0000-000000000000"},{"Key":{"Id":"ParentExecId","Label":"ParentExecId","Category":"","Description":"","Attributes":1,"ValueType":"System.Guid"},"Value":"00000000-0000-0000-0000-000000000000"},{"Key":{"Id":"InnerResultsCount","Label":"InnerResultsCount","Category":"","Description":"","Attributes":1,"ValueType":"System.Int32"},"Value":0}]}],"TestRunStatistics":{"ExecutedTests":44,"Stats":{"Passed":26,"Failed":18}},"ActiveTests":[{"Id":"a04fca5c-a12c-38e1-8494-24d446b1eecd","FullyQualifiedName":"PS2GradingTests.DependencyGraphTest.StressTest15","DisplayName":"StressTest15","ExecutorUri":"executor://MSTestAdapter/v2","Source":"C:\\Users\\u0995526\\Source\\Repos\\spreadsheet-ZacheyMIX\\Spreadsheet\\DependencyGraphTests\\bin\\Debug\\net6.0\\fine-code-coverage\\build-output\\DependencyGraphTests.dll","CodeFilePath":null,"LineNumber":-1,"Properties":[{"Key":{"Id":"TestCase.ManagedType","Label":"ManagedType","Category":"","Description":"","Attributes":1,"ValueType":"System.String"},"Value":"PS2GradingTests.DependencyGraphTest"},{"Key":{"Id":"TestCase.ManagedMethod","Label":"ManagedMethod","Category":"","Description":"","Attributes":1,"ValueType":"System.String"},"Value":"StressTest15"},{"Key":{"Id":"MSTestDiscoverer.TestClassName","Label":"ClassName","Category":"","Description":"","Attributes":1,"ValueType":"System.String"},"Value":"PS2GradingTests.DependencyGraphTest"},{"Key":{"Id":"TestCase.Hierarchy","Label":"Hierarchy","Category":"","Description":"","Attributes":2,"ValueType":"System.String[]"},"Value":["PS2GradingTests","DependencyGraphTest"]},{"Key":{"Id":"MSTestDiscoverer.TestCategory","Label":"TestCategory","Category":"","Description":"","Attributes":5,"ValueType":"System.String[]"},"Value":["45"]},{"Key":{"Id":"TestObject.Traits","Label":"Traits","Category":"","Description":"","Attributes":5,"ValueType":"System.Collections.Generic.KeyValuePair`2[[System.String],[System.String]][]"},"Value":[]}]}]}}
TpTrace Verbose: 0 : 20520, 9, 2022/09/13, 12:32:05.410, 6122187401547, testhost.dll, TestRunCache: OnNewTestResult: Notified the onCacheHit callback.
TpTrace Verbose: 0 : 20520, 10, 2022/09/13, 12:32:06.119, 6122194493063, testhost.dll, TcpClientExtensions.MessageLoopAsync: Polling on remoteEndPoint: [::ffff:127.0.0.1]:52549 localEndPoint: [::ffff:127.0.0.1]:52550
TpTrace Verbose: 0 : 20520, 10, 2022/09/13, 12:32:07.125, 6122204550590, testhost.dll, TcpClientExtensions.MessageLoopAsync: Polling on remoteEndPoint: [::ffff:127.0.0.1]:52549 localEndPoint: [::ffff:127.0.0.1]:52550
TpTrace Information: 0 : 20520, 4, 2022/09/13, 12:32:07.362, 6122206921830, testhost.dll, MSTest - Executed test StressTest15
TpTrace Verbose: 0 : 20520, 4, 2022/09/13, 12:32:07.362, 6122206923314, testhost.dll, TestExecutionRecorder.RecordEnd: test: PS2GradingTests.DependencyGraphTest.StressTest15 execution completed.
TpTrace Warning: 0 : 20520, 4, 2022/09/13, 12:32:07.362, 6122206923821, testhost.dll, TestRunCache: InProgressTests is null
TpTrace Information: 0 : 20520, 4, 2022/09/13, 12:32:07.366, 6122206965221, testhost.dll, MSTest - MSTestExecutor:Test PS2GradingTests.DependencyGraphTest.StressTest15 failed. ErrorMessage:Test 'StressTest15' exceeded execution timeout period., ErrorStackTrace:.
TpTrace Verbose: 0 : 20520, 4, 2022/09/13, 12:32:07.366, 6122206966359, testhost.dll, TestExecutionRecorder.RecordResult: Received result for test: PS2GradingTests.DependencyGraphTest.StressTest15.
TpTrace Warning: 0 : 20520, 4, 2022/09/13, 12:32:07.366, 6122206967300, testhost.dll, TestRunCache: InProgressTests is null
TpTrace Warning: 0 : 20520, 4, 2022/09/13, 12:32:07.366, 6122206967795, testhost.dll, TestRunCache: No test found corresponding to testResult 'StressTest15' in inProgress list.
TpTrace Verbose: 0 : 20520, 4, 2022/09/13, 12:32:07.366, 6122206968688, testhost.dll, TestExecutionRecorder.RecordStart: Starting test: PS2GradingTests.DependencyGraphTest.StressTest16.
TpTrace Information: 0 : 20520, 4, 2022/09/13, 12:32:07.366, 6122206969215, testhost.dll, Sending test run statistics
TpTrace Verbose: 0 : 20520, 4, 2022/09/13, 12:32:07.367, 6122206973700, testhost.dll, TestRequestHandler.SendData:  sending data from testhost: {"Version":5,"MessageType":"TestExecution.StatsChange","Payload":{"NewTestResults":[{"TestCase":{"Id":"a04fca5c-a12c-38e1-8494-24d446b1eecd","FullyQualifiedName":"PS2GradingTests.DependencyGraphTest.StressTest15","DisplayName":"StressTest15","ExecutorUri":"executor://MSTestAdapter/v2","Source":"C:\\Users\\u0995526\\Source\\Repos\\spreadsheet-ZacheyMIX\\Spreadsheet\\DependencyGraphTests\\bin\\Debug\\net6.0\\fine-code-coverage\\build-output\\DependencyGraphTests.dll","CodeFilePath":null,"LineNumber":-1,"Properties":[{"Key":{"Id":"TestCase.ManagedType","Label":"ManagedType","Category":"","Description":"","Attributes":1,"ValueType":"System.String"},"Value":"PS2GradingTests.DependencyGraphTest"},{"Key":{"Id":"TestCase.ManagedMethod","Label":"ManagedMethod","Category":"","Description":"","Attributes":1,"ValueType":"System.String"},"Value":"StressTest15"},{"Key":{"Id":"MSTestDiscoverer.TestClassName","Label":"ClassName","Category":"","Description":"","Attributes":1,"ValueType":"System.String"},"Value":"PS2GradingTests.DependencyGraphTest"},{"Key":{"Id":"TestCase.Hierarchy","Label":"Hierarchy","Category":"","Description":"","Attributes":2,"ValueType":"System.String[]"},"Value":["PS2GradingTests","DependencyGraphTest"]},{"Key":{"Id":"MSTestDiscoverer.TestCategory","Label":"TestCategory","Category":"","Description":"","Attributes":5,"ValueType":"System.String[]"},"Value":["45"]},{"Key":{"Id":"TestObject.Traits","Label":"Traits","Category":"","Description":"","Attributes":5,"ValueType":"System.Collections.Generic.KeyValuePair`2[[System.String],[System.String]][]"},"Value":[]}]},"Attachments":[],"Outcome":2,"ErrorMessage":"Test 'StressTest15' exceeded execution timeout period.","ErrorStackTrace":null,"DisplayName":"StressTest15","Messages":[],"ComputerName":null,"Duration":"00:00:02.0053452","StartTime":"2022-09-13T12:32:05.3565332-06:00","EndTime":"2022-09-13T12:32:07.3623226-06:00","Properties":[{"Key":{"Id":"ExecutionId","Label":"ExecutionId","Category":"","Description":"","Attributes":1,"ValueType":"System.Guid"},"Value":"00000000-0000-0000-0000-000000000000"},{"Key":{"Id":"ParentExecId","Label":"ParentExecId","Category":"","Description":"","Attributes":1,"ValueType":"System.Guid"},"Value":"00000000-0000-0000-0000-000000000000"},{"Key":{"Id":"InnerResultsCount","Label":"InnerResultsCount","Category":"","Description":"","Attributes":1,"ValueType":"System.Int32"},"Value":0}]}],"TestRunStatistics":{"ExecutedTests":45,"Stats":{"Passed":26,"Failed":19}},"ActiveTests":[{"Id":"3d3e8422-4595-5126-a831-c39f285e1765","FullyQualifiedName":"PS2GradingTests.DependencyGraphTest.StressTest16","DisplayName":"StressTest16","ExecutorUri":"executor://MSTestAdapter/v2","Source":"C:\\Users\\u0995526\\Source\\Repos\\spreadsheet-ZacheyMIX\\Spreadsheet\\DependencyGraphTests\\bin\\Debug\\net6.0\\fine-code-coverage\\build-output\\DependencyGraphTests.dll","CodeFilePath":null,"LineNumber":-1,"Properties":[{"Key":{"Id":"TestCase.ManagedType","Label":"ManagedType","Category":"","Description":"","Attributes":1,"ValueType":"System.String"},"Value":"PS2GradingTests.DependencyGraphTest"},{"Key":{"Id":"TestCase.ManagedMethod","Label":"ManagedMethod","Category":"","Description":"","Attributes":1,"ValueType":"System.String"},"Value":"StressTest16"},{"Key":{"Id":"MSTestDiscoverer.TestClassName","Label":"ClassName","Category":"","Description":"","Attributes":1,"ValueType":"System.String"},"Value":"PS2GradingTests.DependencyGraphTest"},{"Key":{"Id":"TestCase.Hierarchy","Label":"Hierarchy","Category":"","Description":"","Attributes":2,"ValueType":"System.String[]"},"Value":["PS2GradingTests","DependencyGraphTest"]},{"Key":{"Id":"MSTestDiscoverer.TestCategory","Label":"TestCategory","Category":"","Description":"","Attributes":5,"ValueType":"System.String[]"},"Value":["46"]},{"Key":{"Id":"TestObject.Traits","Label":"Traits","Category":"","Description":"","Attributes":5,"ValueType":"System.Collections.Generic.KeyValuePair`2[[System.String],[System.String]][]"},"Value":[]}]}]}}
TpTrace Verbose: 0 : 20520, 4, 2022/09/13, 12:32:07.367, 6122206975716, testhost.dll, TestRunCache: OnNewTestResult: Notified the onCacheHit callback.
TpTrace Information: 0 : 20520, 4, 2022/09/13, 12:32:07.370, 6122207008002, testhost.dll, MSTest - Executing test StressTest16
TpTrace Verbose: 0 : 20520, 10, 2022/09/13, 12:32:08.133, 6122214639651, testhost.dll, TcpClientExtensions.MessageLoopAsync: Polling on remoteEndPoint: [::ffff:127.0.0.1]:52549 localEndPoint: [::ffff:127.0.0.1]:52550
TpTrace Verbose: 0 : 20520, 10, 2022/09/13, 12:32:09.141, 6122224716948, testhost.dll, TcpClientExtensions.MessageLoopAsync: Polling on remoteEndPoint: [::ffff:127.0.0.1]:52549 localEndPoint: [::ffff:127.0.0.1]:52550
TpTrace Information: 0 : 20520, 4, 2022/09/13, 12:32:09.378, 6122227086993, testhost.dll, MSTest - Executed test StressTest16
TpTrace Verbose: 0 : 20520, 4, 2022/09/13, 12:32:09.378, 6122227089092, testhost.dll, TestExecutionRecorder.RecordEnd: test: PS2GradingTests.DependencyGraphTest.StressTest16 execution completed.
TpTrace Warning: 0 : 20520, 4, 2022/09/13, 12:32:09.379, 6122227090015, testhost.dll, TestRunCache: InProgressTests is null
TpTrace Information: 0 : 20520, 4, 2022/09/13, 12:32:09.381, 6122227115607, testhost.dll, MSTest - MSTestExecutor:Test PS2GradingTests.DependencyGraphTest.StressTest16 failed. ErrorMessage:Test 'StressTest16' exceeded execution timeout period., ErrorStackTrace:.
TpTrace Verbose: 0 : 20520, 4, 2022/09/13, 12:32:09.381, 6122227116926, testhost.dll, TestExecutionRecorder.RecordResult: Received result for test: PS2GradingTests.DependencyGraphTest.StressTest16.
TpTrace Warning: 0 : 20520, 4, 2022/09/13, 12:32:09.381, 6122227118565, testhost.dll, TestRunCache: InProgressTests is null
TpTrace Warning: 0 : 20520, 4, 2022/09/13, 12:32:09.381, 6122227119380, testhost.dll, TestRunCache: No test found corresponding to testResult 'StressTest16' in inProgress list.
TpTrace Verbose: 0 : 20520, 4, 2022/09/13, 12:32:09.382, 6122227120653, testhost.dll, TestExecutionRecorder.RecordStart: Starting test: PS2GradingTests.DependencyGraphTest.StressTest17.
TpTrace Information: 0 : 20520, 4, 2022/09/13, 12:32:09.382, 6122227121374, testhost.dll, Sending test run statistics
TpTrace Verbose: 0 : 20520, 4, 2022/09/13, 12:32:09.382, 6122227127581, testhost.dll, TestRequestHandler.SendData:  sending data from testhost: {"Version":5,"MessageType":"TestExecution.StatsChange","Payload":{"NewTestResults":[{"TestCase":{"Id":"3d3e8422-4595-5126-a831-c39f285e1765","FullyQualifiedName":"PS2GradingTests.DependencyGraphTest.StressTest16","DisplayName":"StressTest16","ExecutorUri":"executor://MSTestAdapter/v2","Source":"C:\\Users\\u0995526\\Source\\Repos\\spreadsheet-ZacheyMIX\\Spreadsheet\\DependencyGraphTests\\bin\\Debug\\net6.0\\fine-code-coverage\\build-output\\DependencyGraphTests.dll","CodeFilePath":null,"LineNumber":-1,"Properties":[{"Key":{"Id":"TestCase.ManagedType","Label":"ManagedType","Category":"","Description":"","Attributes":1,"ValueType":"System.String"},"Value":"PS2GradingTests.DependencyGraphTest"},{"Key":{"Id":"TestCase.ManagedMethod","Label":"ManagedMethod","Category":"","Description":"","Attributes":1,"ValueType":"System.String"},"Value":"StressTest16"},{"Key":{"Id":"MSTestDiscoverer.TestClassName","Label":"ClassName","Category":"","Description":"","Attributes":1,"ValueType":"System.String"},"Value":"PS2GradingTests.DependencyGraphTest"},{"Key":{"Id":"TestCase.Hierarchy","Label":"Hierarchy","Category":"","Description":"","Attributes":2,"ValueType":"System.String[]"},"Value":["PS2GradingTests","DependencyGraphTest"]},{"Key":{"Id":"MSTestDiscoverer.TestCategory","Label":"TestCategory","Category":"","Description":"","Attributes":5,"ValueType":"System.String[]"},"Value":["46"]},{"Key":{"Id":"TestObject.Traits","Label":"Traits","Category":"","Description":"","Attributes":5,"ValueType":"System.Collections.Generic.KeyValuePair`2[[System.String],[System.String]][]"},"Value":[]}]},"Attachments":[],"Outcome":2,"ErrorMessage":"Test 'StressTest16' exceeded execution timeout period.","ErrorStackTrace":null,"DisplayName":"StressTest16","Messages":[],"ComputerName":null,"Duration":"00:00:02.0074332","StartTime":"2022-09-13T12:32:07.3707996-06:00","EndTime":"2022-09-13T12:32:09.3788876-06:00","Properties":[{"Key":{"Id":"ExecutionId","Label":"ExecutionId","Category":"","Description":"","Attributes":1,"ValueType":"System.Guid"},"Value":"00000000-0000-0000-0000-000000000000"},{"Key":{"Id":"ParentExecId","Label":"ParentExecId","Category":"","Description":"","Attributes":1,"ValueType":"System.Guid"},"Value":"00000000-0000-0000-0000-000000000000"},{"Key":{"Id":"InnerResultsCount","Label":"InnerResultsCount","Category":"","Description":"","Attributes":1,"ValueType":"System.Int32"},"Value":0}]}],"TestRunStatistics":{"ExecutedTests":46,"Stats":{"Passed":26,"Failed":20}},"ActiveTests":[{"Id":"8eb86a4e-0a5e-af56-33b0-f2211e50ddd3","FullyQualifiedName":"PS2GradingTests.DependencyGraphTest.StressTest17","DisplayName":"StressTest17","ExecutorUri":"executor://MSTestAdapter/v2","Source":"C:\\Users\\u0995526\\Source\\Repos\\spreadsheet-ZacheyMIX\\Spreadsheet\\DependencyGraphTests\\bin\\Debug\\net6.0\\fine-code-coverage\\build-output\\DependencyGraphTests.dll","CodeFilePath":null,"LineNumber":-1,"Properties":[{"Key":{"Id":"TestCase.ManagedType","Label":"ManagedType","Category":"","Description":"","Attributes":1,"ValueType":"System.String"},"Value":"PS2GradingTests.DependencyGraphTest"},{"Key":{"Id":"TestCase.ManagedMethod","Label":"ManagedMethod","Category":"","Description":"","Attributes":1,"ValueType":"System.String"},"Value":"StressTest17"},{"Key":{"Id":"MSTestDiscoverer.TestClassName","Label":"ClassName","Category":"","Description":"","Attributes":1,"ValueType":"System.String"},"Value":"PS2GradingTests.DependencyGraphTest"},{"Key":{"Id":"TestCase.Hierarchy","Label":"Hierarchy","Category":"","Description":"","Attributes":2,"ValueType":"System.String[]"},"Value":["PS2GradingTests","DependencyGraphTest"]},{"Key":{"Id":"MSTestDiscoverer.TestCategory","Label":"TestCategory","Category":"","Description":"","Attributes":5,"ValueType":"System.String[]"},"Value":["47"]},{"Key":{"Id":"TestObject.Traits","Label":"Traits","Category":"","Description":"","Attributes":5,"ValueType":"System.Collections.Generic.KeyValuePair`2[[System.String],[System.String]][]"},"Value":[]}]}]}}
TpTrace Verbose: 0 : 20520, 4, 2022/09/13, 12:32:09.383, 6122227130212, testhost.dll, TestRunCache: OnNewTestResult: Notified the onCacheHit callback.
TpTrace Information: 0 : 20520, 4, 2022/09/13, 12:32:09.384, 6122227147166, testhost.dll, MSTest - Executing test StressTest17
TpTrace Verbose: 0 : 20520, 10, 2022/09/13, 12:32:10.150, 6122234800052, testhost.dll, TcpClientExtensions.MessageLoopAsync: Polling on remoteEndPoint: [::ffff:127.0.0.1]:52549 localEndPoint: [::ffff:127.0.0.1]:52550
TpTrace Verbose: 0 : 20520, 10, 2022/09/13, 12:32:11.163, 6122244934306, testhost.dll, TcpClientExtensions.MessageLoopAsync: Polling on remoteEndPoint: [::ffff:127.0.0.1]:52549 localEndPoint: [::ffff:127.0.0.1]:52550
TpTrace Information: 0 : 20520, 4, 2022/09/13, 12:32:11.398, 6122247282436, testhost.dll, MSTest - Executed test StressTest17
TpTrace Verbose: 0 : 20520, 4, 2022/09/13, 12:32:11.398, 6122247284809, testhost.dll, TestExecutionRecorder.RecordEnd: test: PS2GradingTests.DependencyGraphTest.StressTest17 execution completed.
TpTrace Warning: 0 : 20520, 4, 2022/09/13, 12:32:11.398, 6122247285694, testhost.dll, TestRunCache: InProgressTests is null
TpTrace Information: 0 : 20520, 4, 2022/09/13, 12:32:11.400, 6122247307490, testhost.dll, MSTest - MSTestExecutor:Test PS2GradingTests.DependencyGraphTest.StressTest17 failed. ErrorMessage:Test 'StressTest17' exceeded execution timeout period., ErrorStackTrace:.
TpTrace Verbose: 0 : 20520, 4, 2022/09/13, 12:32:11.400, 6122247308558, testhost.dll, TestExecutionRecorder.RecordResult: Received result for test: PS2GradingTests.DependencyGraphTest.StressTest17.
TpTrace Warning: 0 : 20520, 4, 2022/09/13, 12:32:11.400, 6122247309570, testhost.dll, TestRunCache: InProgressTests is null
TpTrace Warning: 0 : 20520, 4, 2022/09/13, 12:32:11.401, 6122247310148, testhost.dll, TestRunCache: No test found corresponding to testResult 'StressTest17' in inProgress list.
TpTrace Information: 0 : 20520, 4, 2022/09/13, 12:32:11.401, 6122247313113, testhost.dll, MSTest - Executing cleanup methods.
TpTrace Information: 0 : 20520, 4, 2022/09/13, 12:32:11.404, 6122247341063, testhost.dll, MSTest - Executed cleanup methods.
TpTrace Information: 0 : 20520, 4, 2022/09/13, 12:32:11.404, 6122247342142, testhost.dll, MSTest - Executed tests belonging to source C:\Users\u0995526\Source\Repos\spreadsheet-ZacheyMIX\Spreadsheet\DependencyGraphTests\bin\Debug\net6.0\fine-code-coverage\build-output\DependencyGraphTests.dll
TpTrace Verbose: 0 : 20520, 4, 2022/09/13, 12:32:11.404, 6122247348950, testhost.dll, BaseRunTests.RunTestInternalWithExecutors: Completed running tests for executor://MSTestAdapter/v2
TpTrace Information: 0 : 20520, 4, 2022/09/13, 12:32:11.409, 6122247395346, testhost.dll, Sending test run complete
TpTrace Verbose: 0 : 20520, 4, 2022/09/13, 12:32:11.426, 6122247568260, testhost.dll, TestRequestHandler.SendData:  sending data from testhost: {"Version":5,"MessageType":"TestExecution.Completed","Payload":{"TestRunCompleteArgs":{"TestRunStatistics":{"ExecutedTests":47,"Stats":{"Passed":26,"Failed":21}},"IsCanceled":false,"IsAborted":false,"Error":null,"AttachmentSets":[],"ElapsedTimeInRunningTests":"00:00:08.1542021","Metrics":{}},"LastRunTests":{"NewTestResults":[{"TestCase":{"Id":"8eb86a4e-0a5e-af56-33b0-f2211e50ddd3","FullyQualifiedName":"PS2GradingTests.DependencyGraphTest.StressTest17","DisplayName":"StressTest17","ExecutorUri":"executor://MSTestAdapter/v2","Source":"C:\\Users\\u0995526\\Source\\Repos\\spreadsheet-ZacheyMIX\\Spreadsheet\\DependencyGraphTests\\bin\\Debug\\net6.0\\fine-code-coverage\\build-output\\DependencyGraphTests.dll","CodeFilePath":null,"LineNumber":-1,"Properties":[{"Key":{"Id":"TestCase.ManagedType","Label":"ManagedType","Category":"","Description":"","Attributes":1,"ValueType":"System.String"},"Value":"PS2GradingTests.DependencyGraphTest"},{"Key":{"Id":"TestCase.ManagedMethod","Label":"ManagedMethod","Category":"","Description":"","Attributes":1,"ValueType":"System.String"},"Value":"StressTest17"},{"Key":{"Id":"MSTestDiscoverer.TestClassName","Label":"ClassName","Category":"","Description":"","Attributes":1,"ValueType":"System.String"},"Value":"PS2GradingTests.DependencyGraphTest"},{"Key":{"Id":"TestCase.Hierarchy","Label":"Hierarchy","Category":"","Description":"","Attributes":2,"ValueType":"System.String[]"},"Value":["PS2GradingTests","DependencyGraphTest"]},{"Key":{"Id":"MSTestDiscoverer.TestCategory","Label":"TestCategory","Category":"","Description":"","Attributes":5,"ValueType":"System.String[]"},"Value":["47"]},{"Key":{"Id":"TestObject.Traits","Label":"Traits","Category":"","Description":"","Attributes":5,"ValueType":"System.Collections.Generic.KeyValuePair`2[[System.String],[System.String]][]"},"Value":[]}]},"Attachments":[],"Outcome":2,"ErrorMessage":"Test 'StressTest17' exceeded execution timeout period.","ErrorStackTrace":null,"DisplayName":"StressTest17","Messages":[],"ComputerName":null,"Duration":"00:00:02.0124952","StartTime":"2022-09-13T12:32:09.384713-06:00","EndTime":"2022-09-13T12:32:11.3984578-06:00","Properties":[{"Key":{"Id":"ExecutionId","Label":"ExecutionId","Category":"","Description":"","Attributes":1,"ValueType":"System.Guid"},"Value":"00000000-0000-0000-0000-000000000000"},{"Key":{"Id":"ParentExecId","Label":"ParentExecId","Category":"","Description":"","Attributes":1,"ValueType":"System.Guid"},"Value":"00000000-0000-0000-0000-000000000000"},{"Key":{"Id":"InnerResultsCount","Label":"InnerResultsCount","Category":"","Description":"","Attributes":1,"ValueType":"System.Int32"},"Value":0}]}],"TestRunStatistics":{"ExecutedTests":47,"Stats":{"Passed":26,"Failed":21}},"ActiveTests":[]},"RunAttachments":[],"ExecutorUris":["executor://mstestadapter/v2"]}}
TpTrace Verbose: 0 : 20520, 4, 2022/09/13, 12:32:11.427, 6122247573814, testhost.dll, BaseRunTests.RunTests: Run is complete.
TpTrace Verbose: 0 : 20520, 10, 2022/09/13, 12:32:11.427, 6122247579141, testhost.dll, TcpClientExtensions.MessageLoopAsync: NotifyDataAvailable remoteEndPoint: [::ffff:127.0.0.1]:52549 localEndPoint: [::ffff:127.0.0.1]:52550
TpTrace Information: 0 : 20520, 10, 2022/09/13, 12:32:11.428, 6122247580917, testhost.dll, TestRequestHandler.OnMessageReceived: received message: (TestSession.Terminate) -> null
TpTrace Information: 0 : 20520, 10, 2022/09/13, 12:32:11.428, 6122247581583, testhost.dll, Session End message received from server. Closing the connection.
TpTrace Information: 0 : 20520, 10, 2022/09/13, 12:32:11.428, 6122247587468, testhost.dll, SocketClient.Stop: Stop communication from server endpoint: 127.0.0.1:052549
TpTrace Information: 0 : 20520, 10, 2022/09/13, 12:32:11.428, 6122247588350, testhost.dll, SocketClient: Stop: Cancellation requested. Stopping message loop.
TpTrace Verbose: 0 : 20520, 10, 2022/09/13, 12:32:11.429, 6122247590400, testhost.dll, LengthPrefixCommunicationChannel.Dispose: Dispose reader and writer.
TpTrace Information: 0 : 20520, 10, 2022/09/13, 12:32:11.429, 6122247591271, testhost.dll, Closing the connection !
TpTrace Information: 0 : 20520, 10, 2022/09/13, 12:32:11.429, 6122247595788, testhost.dll, SocketClient.PrivateStop: Stop communication from server endpoint: 127.0.0.1:052549, error:
TpTrace Information: 0 : 20520, 1, 2022/09/13, 12:32:11.430, 6122247602135, testhost.dll, Closing the connection !
TpTrace Verbose: 0 : 20520, 10, 2022/09/13, 12:32:11.430, 6122247602239, testhost.dll, LengthPrefixCommunicationChannel.Dispose: Dispose reader and writer.
TpTrace Information: 0 : 20520, 1, 2022/09/13, 12:32:11.430, 6122247603712, testhost.dll, SocketClient.Stop: Stop communication from server endpoint: 127.0.0.1:052549
TpTrace Verbose: 0 : 20520, 10, 2022/09/13, 12:32:11.430, 6122247604750, testhost.dll, TcpClientExtensions.MessageLoopAsync: exiting MessageLoopAsync remoteEndPoint: [::ffff:127.0.0.1]:52549 localEndPoint: [::ffff:127.0.0.1]:52550
TpTrace Verbose: 0 : 20520, 1, 2022/09/13, 12:32:11.430, 6122247605701, testhost.dll, LengthPrefixCommunicationChannel.Dispose: Dispose reader and writer.
TpTrace Information: 0 : 20520, 1, 2022/09/13, 12:32:11.430, 6122247608705, testhost.dll, Testhost process exiting.
