<?xml version="1.0" encoding="utf-8"?>
<!DOCTYPE coverage SYSTEM "http://cobertura.sourceforge.net/xml/coverage-04.dtd">
<coverage line-rate="0.9160671462829736" branch-rate="0.9274193548387096" lines-covered="382" lines-valid="417" branches-covered="115" branches-valid="124" complexity="172" version="0" timestamp="1663363565">
  <sources>
    <source>C:\Users\u0995526\</source>
  </sources>
  <packages>
    <package name="Formula" line-rate="0.9152542372881356" branch-rate="0.9262295081967213" complexity="128">
      <classes>
        <class name="SpreadsheetUtilities.Formula" filename="C:\Users\u0995526\Source\Repos\spreadsheet-ZacheyMIX\Spreadsheet\Formula\Formula.cs" line-rate="0.9253731343283582" branch-rate="0.9215686274509803" complexity="105">
          <methods>
            <method name="SyntaxCheck" signature="(...)" line-rate="0.9855072463768116" branch-rate="0.9722222222222222" complexity="36">
              <lines>
                <line number="106" hits="47" branch="false" />
                <line number="108" hits="47" branch="false" />
                <line number="110" hits="47" branch="false" />
                <line number="112" hits="47" branch="false" />
                <line number="114" hits="47" branch="false" />
                <line number="115" hits="360" branch="true" condition-coverage="100% (2/2)" />
                <line number="116" hits="313" branch="false" />
                <line number="117" hits="313" branch="false" />
                <line number="118" hits="313" branch="false" />
                <line number="120" hits="47" branch="true" condition-coverage="100% (2/2)" />
                <line number="121" hits="1" branch="false" />
                <line number="122" hits="1" branch="false" />
                <line number="125" hits="46" branch="true" condition-coverage="100% (2/2)" />
                <line number="126" hits="2" branch="false" />
                <line number="128" hits="723" branch="true" condition-coverage="100% (2/2)" />
                <line number="129" hits="298" branch="false" />
                <line number="130" hits="298" branch="true" condition-coverage="100% (2/2)" />
                <line number="131" hits="1" branch="false" />
                <line number="132" hits="1" branch="false" />
                <line number="136" hits="297" branch="true" condition-coverage="100% (2/2)" />
                <line number="137" hits="126" branch="false" />
                <line number="138" hits="126" branch="true" condition-coverage="100% (2/2)" />
                <line number="139" hits="1" branch="false" />
                <line number="140" hits="125" branch="false" />
                <line number="141" hits="125" branch="false" />
                <line number="144" hits="171" branch="true" condition-coverage="100% (2/2)" />
                <line number="145" hits="127" branch="false" />
                <line number="146" hits="127" branch="true" condition-coverage="100% (2/2)" />
                <line number="147" hits="1" branch="false" />
                <line number="148" hits="126" branch="false" />
                <line number="149" hits="126" branch="false" />
                <line number="151" hits="295" branch="true" condition-coverage="100% (2/2)" />
                <line number="152" hits="28" branch="false" />
                <line number="153" hits="28" branch="false" />
                <line number="154" hits="28" branch="false" />
                <line number="155" hits="28" branch="false" />
                <line number="156" hits="28" branch="false" />
                <line number="158" hits="267" branch="true" condition-coverage="100% (2/2)" />
                <line number="159" hits="25" branch="false" />
                <line number="160" hits="25" branch="false" />
                <line number="161" hits="25" branch="false" />
                <line number="162" hits="25" branch="false" />
                <line number="163" hits="25" branch="true" condition-coverage="100% (2/2)" />
                <line number="164" hits="2" branch="false" />
                <line number="165" hits="2" branch="false" />
                <line number="167" hits="23" branch="false" />
                <line number="169" hits="242" branch="true" condition-coverage="100% (2/2)" />
                <line number="170" hits="101" branch="false" />
                <line number="171" hits="101" branch="false" />
                <line number="172" hits="101" branch="false" />
                <line number="173" hits="101" branch="false" />
                <line number="175" hits="141" branch="true" condition-coverage="100% (2/2)" />
                <line number="176" hits="48" branch="false" />
                <line number="177" hits="48" branch="true" condition-coverage="50% (1/2)" />
                <line number="178" hits="0" branch="false" />
                <line number="179" hits="48" branch="false" />
                <line number="180" hits="48" branch="false" />
                <line number="181" hits="48" branch="false" />
                <line number="183" hits="93" branch="true" condition-coverage="100% (2/2)" />
                <line number="184" hits="93" branch="false" />
                <line number="185" hits="93" branch="false" />
                <line number="186" hits="93" branch="false" />
                <line number="187" hits="93" branch="false" />
                <line number="189" hits="293" branch="false" />
                <line number="191" hits="39" branch="true" condition-coverage="100% (2/2)" />
                <line number="192" hits="2" branch="false" />
                <line number="194" hits="37" branch="true" condition-coverage="100% (2/2)" />
                <line number="195" hits="2" branch="false" />
                <line number="196" hits="35" branch="false" />
              </lines>
            </method>
            <method name="Evaluate" signature="(...)" line-rate="1" branch-rate="1" complexity="38">
              <lines>
                <line number="220" hits="22" branch="false" />
                <line number="224" hits="22" branch="false" />
                <line number="226" hits="22" branch="false" />
                <line number="228" hits="392" branch="true" condition-coverage="100% (2/2)" />
                <line number="229" hits="164" branch="false" />
                <line number="233" hits="164" branch="false" />
                <line number="234" hits="164" branch="true" condition-coverage="100% (2/2)" />
                <line number="235" hits="56" branch="false" />
                <line number="237" hits="56" branch="false" />
                <line number="242" hits="56" branch="true" condition-coverage="100% (4/4)" />
                <line number="243" hits="16" branch="false" />
                <line number="245" hits="16" branch="false" />
                <line number="246" hits="15" branch="false" />
                <line number="248" hits="40" branch="false" />
                <line number="249" hits="55" branch="false" />
                <line number="251" hits="108" branch="true" condition-coverage="100% (4/4)" />
                <line number="252" hits="33" branch="false" />
                <line number="255" hits="33" branch="true" condition-coverage="100% (4/4)" />
                <line number="256" hits="3" branch="false" />
                <line number="258" hits="3" branch="false" />
                <line number="260" hits="3" branch="false" />
                <line number="261" hits="3" branch="false" />
                <line number="263" hits="30" branch="false" />
                <line number="264" hits="33" branch="false" />
                <line number="266" hits="75" branch="true" condition-coverage="100% (6/6)" />
                <line number="267" hits="38" branch="false" />
                <line number="268" hits="38" branch="false" />
                <line number="269" hits="38" branch="false" />
                <line number="271" hits="37" branch="true" condition-coverage="100% (2/2)" />
                <line number="272" hits="16" branch="false" />
                <line number="274" hits="16" branch="true" condition-coverage="100% (2/2)" />
                <line number="275" hits="15" branch="false" />
                <line number="276" hits="15" branch="false" />
                <line number="278" hits="15" branch="false" />
                <line number="280" hits="15" branch="true" condition-coverage="100% (6/6)" />
                <line number="281" hits="3" branch="false" />
                <line number="282" hits="3" branch="false" />
                <line number="283" hits="3" branch="false" />
                <line number="284" hits="15" branch="false" />
                <line number="287" hits="1" branch="false" />
                <line number="289" hits="16" branch="false" />
                <line number="292" hits="21" branch="false" />
                <line number="294" hits="21" branch="false" />
                <line number="297" hits="20" branch="true" condition-coverage="100% (4/4)" />
                <line number="298" hits="3" branch="false" />
                <line number="300" hits="3" branch="false" />
                <line number="301" hits="3" branch="false" />
                <line number="304" hits="17" branch="false" />
                <line number="305" hits="20" branch="false" />
                <line number="306" hits="162" branch="false" />
                <line number="308" hits="20" branch="true" condition-coverage="100% (2/2)" />
                <line number="309" hits="14" branch="false" />
                <line number="311" hits="14" branch="false" />
                <line number="312" hits="14" branch="false" />
                <line number="314" hits="20" branch="false" />
                <line number="315" hits="20" branch="false" />
              </lines>
            </method>
            <method name="ToString" signature="()" line-rate="1" branch-rate="1" complexity="2">
              <lines>
                <line number="349" hits="1" branch="false" />
                <line number="350" hits="1" branch="false" />
                <line number="351" hits="37" branch="true" condition-coverage="100% (2/2)" />
                <line number="352" hits="17" branch="false" />
                <line number="353" hits="17" branch="false" />
                <line number="354" hits="17" branch="false" />
                <line number="355" hits="1" branch="false" />
                <line number="356" hits="1" branch="false" />
              </lines>
            </method>
            <method name="Equals" signature="(...)" line-rate="0.8235294117647058" branch-rate="0.7857142857142857" complexity="14">
              <lines>
                <line number="379" hits="18" branch="false" />
                <line number="380" hits="18" branch="true" condition-coverage="50% (2/4)" />
                <line number="381" hits="0" branch="false" />
                <line number="382" hits="18" branch="false" />
                <line number="383" hits="156" branch="true" condition-coverage="100% (2/2)" />
                <line number="384" hits="66" branch="false" />
                <line number="385" hits="66" branch="true" condition-coverage="100% (4/4)" />
                <line number="386" hits="18" branch="false" />
                <line number="387" hits="18" branch="true" condition-coverage="100% (2/2)" />
                <line number="388" hits="6" branch="false" />
                <line number="389" hits="12" branch="false" />
                <line number="390" hits="48" branch="true" condition-coverage="50% (1/2)" />
                <line number="391" hits="0" branch="false" />
                <line number="392" hits="0" branch="false" />
                <line number="394" hits="60" branch="false" />
                <line number="395" hits="12" branch="false" />
                <line number="397" hits="18" branch="false" />
              </lines>
            </method>
            <method name="op_Equality" signature="(...)" line-rate="1" branch-rate="1" complexity="2">
              <lines>
                <line number="404" hits="6" branch="false" />
                <line number="405" hits="6" branch="true" condition-coverage="100% (2/2)" />
                <line number="406" hits="4" branch="false" />
                <line number="407" hits="2" branch="false" />
                <line number="408" hits="6" branch="false" />
              </lines>
            </method>
            <method name="op_Inequality" signature="(...)" line-rate="1" branch-rate="1" complexity="2">
              <lines>
                <line number="415" hits="6" branch="false" />
                <line number="416" hits="6" branch="true" condition-coverage="100% (2/2)" />
                <line number="417" hits="4" branch="false" />
                <line number="418" hits="2" branch="false" />
                <line number="419" hits="6" branch="false" />
              </lines>
            </method>
            <method name="GetHashCode" signature="()" line-rate="1" branch-rate="1" complexity="1">
              <lines>
                <line number="427" hits="16" branch="false" />
                <line number="428" hits="16" branch="false" />
                <line number="429" hits="16" branch="false" />
              </lines>
            </method>
            <method name=".ctor" signature="(...)" line-rate="0" branch-rate="1" complexity="1">
              <lines>
                <line number="61" hits="0" branch="false" />
                <line number="62" hits="0" branch="false" />
                <line number="63" hits="0" branch="false" />
              </lines>
            </method>
            <method name=".ctor" signature="(...)" line-rate="1" branch-rate="1" complexity="1">
              <lines>
                <line number="88" hits="47" branch="false" />
                <line number="89" hits="47" branch="false" />
                <line number="90" hits="47" branch="false" />
                <line number="91" hits="47" branch="false" />
                <line number="92" hits="47" branch="false" />
                <line number="93" hits="47" branch="false" />
                <line number="94" hits="47" branch="false" />
                <line number="95" hits="47" branch="false" />
                <line number="96" hits="47" branch="false" />
                <line number="97" hits="35" branch="false" />
              </lines>
            </method>
            <method name="GetTokens" signature="()" line-rate="1" branch-rate="1" complexity="4">
              <lines>
                <line number="438" hits="47" branch="false" />
                <line number="440" hits="47" branch="false" />
                <line number="441" hits="47" branch="false" />
                <line number="442" hits="47" branch="false" />
                <line number="443" hits="47" branch="false" />
                <line number="444" hits="47" branch="false" />
                <line number="445" hits="47" branch="false" />
                <line number="448" hits="47" branch="false" />
                <line number="449" hits="47" branch="false" />
                <line number="452" hits="1779" branch="true" condition-coverage="100% (2/2)" />
                <line number="453" hits="819" branch="false" />
                <line number="454" hits="819" branch="true" condition-coverage="100% (2/2)" />
                <line number="455" hits="313" branch="false" />
                <line number="456" hits="313" branch="false" />
                <line number="457" hits="313" branch="false" />
                <line number="458" hits="819" branch="false" />
                <line number="460" hits="47" branch="false" />
              </lines>
            </method>
            <method name="GetVariables" signature="()" line-rate="0" branch-rate="0" complexity="4">
              <lines>
                <line number="329" hits="0" branch="false" />
                <line number="330" hits="0" branch="false" />
                <line number="331" hits="0" branch="true" condition-coverage="0% (0/2)" />
                <line number="332" hits="0" branch="false" />
                <line number="333" hits="0" branch="true" condition-coverage="0% (0/2)" />
                <line number="334" hits="0" branch="false" />
                <line number="335" hits="0" branch="false" />
                <line number="336" hits="0" branch="false" />
              </lines>
            </method>
          </methods>
          <lines>
            <line number="61" hits="0" branch="false" />
            <line number="62" hits="0" branch="false" />
            <line number="63" hits="0" branch="false" />
            <line number="88" hits="47" branch="false" />
            <line number="89" hits="47" branch="false" />
            <line number="90" hits="47" branch="false" />
            <line number="91" hits="47" branch="false" />
            <line number="92" hits="47" branch="false" />
            <line number="93" hits="47" branch="false" />
            <line number="94" hits="47" branch="false" />
            <line number="95" hits="47" branch="false" />
            <line number="96" hits="47" branch="false" />
            <line number="97" hits="35" branch="false" />
            <line number="106" hits="47" branch="false" />
            <line number="108" hits="47" branch="false" />
            <line number="110" hits="47" branch="false" />
            <line number="112" hits="47" branch="false" />
            <line number="114" hits="47" branch="false" />
            <line number="115" hits="360" branch="true" condition-coverage="100% (2/2)" />
            <line number="116" hits="313" branch="false" />
            <line number="117" hits="313" branch="false" />
            <line number="118" hits="313" branch="false" />
            <line number="120" hits="47" branch="true" condition-coverage="100% (2/2)" />
            <line number="121" hits="1" branch="false" />
            <line number="122" hits="1" branch="false" />
            <line number="125" hits="46" branch="true" condition-coverage="100% (2/2)" />
            <line number="126" hits="2" branch="false" />
            <line number="128" hits="723" branch="true" condition-coverage="100% (2/2)" />
            <line number="129" hits="298" branch="false" />
            <line number="130" hits="298" branch="true" condition-coverage="100% (2/2)" />
            <line number="131" hits="1" branch="false" />
            <line number="132" hits="1" branch="false" />
            <line number="136" hits="297" branch="true" condition-coverage="100% (2/2)" />
            <line number="137" hits="126" branch="false" />
            <line number="138" hits="126" branch="true" condition-coverage="100% (2/2)" />
            <line number="139" hits="1" branch="false" />
            <line number="140" hits="125" branch="false" />
            <line number="141" hits="125" branch="false" />
            <line number="144" hits="171" branch="true" condition-coverage="100% (2/2)" />
            <line number="145" hits="127" branch="false" />
            <line number="146" hits="127" branch="true" condition-coverage="100% (2/2)" />
            <line number="147" hits="1" branch="false" />
            <line number="148" hits="126" branch="false" />
            <line number="149" hits="126" branch="false" />
            <line number="151" hits="295" branch="true" condition-coverage="100% (2/2)" />
            <line number="152" hits="28" branch="false" />
            <line number="153" hits="28" branch="false" />
            <line number="154" hits="28" branch="false" />
            <line number="155" hits="28" branch="false" />
            <line number="156" hits="28" branch="false" />
            <line number="158" hits="267" branch="true" condition-coverage="100% (2/2)" />
            <line number="159" hits="25" branch="false" />
            <line number="160" hits="25" branch="false" />
            <line number="161" hits="25" branch="false" />
            <line number="162" hits="25" branch="false" />
            <line number="163" hits="25" branch="true" condition-coverage="100% (2/2)" />
            <line number="164" hits="2" branch="false" />
            <line number="165" hits="2" branch="false" />
            <line number="167" hits="23" branch="false" />
            <line number="169" hits="242" branch="true" condition-coverage="100% (2/2)" />
            <line number="170" hits="101" branch="false" />
            <line number="171" hits="101" branch="false" />
            <line number="172" hits="101" branch="false" />
            <line number="173" hits="101" branch="false" />
            <line number="175" hits="141" branch="true" condition-coverage="100% (2/2)" />
            <line number="176" hits="48" branch="false" />
            <line number="177" hits="48" branch="true" condition-coverage="50% (1/2)" />
            <line number="178" hits="0" branch="false" />
            <line number="179" hits="48" branch="false" />
            <line number="180" hits="48" branch="false" />
            <line number="181" hits="48" branch="false" />
            <line number="183" hits="93" branch="true" condition-coverage="100% (2/2)" />
            <line number="184" hits="93" branch="false" />
            <line number="185" hits="93" branch="false" />
            <line number="186" hits="93" branch="false" />
            <line number="187" hits="93" branch="false" />
            <line number="189" hits="293" branch="false" />
            <line number="191" hits="39" branch="true" condition-coverage="100% (2/2)" />
            <line number="192" hits="2" branch="false" />
            <line number="194" hits="37" branch="true" condition-coverage="100% (2/2)" />
            <line number="195" hits="2" branch="false" />
            <line number="196" hits="35" branch="false" />
            <line number="220" hits="22" branch="false" />
            <line number="224" hits="22" branch="false" />
            <line number="226" hits="22" branch="false" />
            <line number="228" hits="392" branch="true" condition-coverage="100% (2/2)" />
            <line number="229" hits="164" branch="false" />
            <line number="233" hits="164" branch="false" />
            <line number="234" hits="164" branch="true" condition-coverage="100% (2/2)" />
            <line number="235" hits="56" branch="false" />
            <line number="237" hits="56" branch="false" />
            <line number="242" hits="56" branch="true" condition-coverage="100% (4/4)" />
            <line number="243" hits="16" branch="false" />
            <line number="245" hits="16" branch="false" />
            <line number="246" hits="15" branch="false" />
            <line number="248" hits="40" branch="false" />
            <line number="249" hits="55" branch="false" />
            <line number="251" hits="108" branch="true" condition-coverage="100% (4/4)" />
            <line number="252" hits="33" branch="false" />
            <line number="255" hits="33" branch="true" condition-coverage="100% (4/4)" />
            <line number="256" hits="3" branch="false" />
            <line number="258" hits="3" branch="false" />
            <line number="260" hits="3" branch="false" />
            <line number="261" hits="3" branch="false" />
            <line number="263" hits="30" branch="false" />
            <line number="264" hits="33" branch="false" />
            <line number="266" hits="75" branch="true" condition-coverage="100% (6/6)" />
            <line number="267" hits="38" branch="false" />
            <line number="268" hits="38" branch="false" />
            <line number="269" hits="38" branch="false" />
            <line number="271" hits="37" branch="true" condition-coverage="100% (2/2)" />
            <line number="272" hits="16" branch="false" />
            <line number="274" hits="16" branch="true" condition-coverage="100% (2/2)" />
            <line number="275" hits="15" branch="false" />
            <line number="276" hits="15" branch="false" />
            <line number="278" hits="15" branch="false" />
            <line number="280" hits="15" branch="true" condition-coverage="100% (6/6)" />
            <line number="281" hits="3" branch="false" />
            <line number="282" hits="3" branch="false" />
            <line number="283" hits="3" branch="false" />
            <line number="284" hits="15" branch="false" />
            <line number="287" hits="1" branch="false" />
            <line number="289" hits="16" branch="false" />
            <line number="292" hits="21" branch="false" />
            <line number="294" hits="21" branch="false" />
            <line number="297" hits="20" branch="true" condition-coverage="100% (4/4)" />
            <line number="298" hits="3" branch="false" />
            <line number="300" hits="3" branch="false" />
            <line number="301" hits="3" branch="false" />
            <line number="304" hits="17" branch="false" />
            <line number="305" hits="20" branch="false" />
            <line number="306" hits="162" branch="false" />
            <line number="308" hits="20" branch="true" condition-coverage="100% (2/2)" />
            <line number="309" hits="14" branch="false" />
            <line number="311" hits="14" branch="false" />
            <line number="312" hits="14" branch="false" />
            <line number="314" hits="20" branch="false" />
            <line number="315" hits="20" branch="false" />
            <line number="329" hits="0" branch="false" />
            <line number="330" hits="0" branch="false" />
            <line number="331" hits="0" branch="true" condition-coverage="0% (0/2)" />
            <line number="332" hits="0" branch="false" />
            <line number="333" hits="0" branch="true" condition-coverage="0% (0/2)" />
            <line number="334" hits="0" branch="false" />
            <line number="335" hits="0" branch="false" />
            <line number="336" hits="0" branch="false" />
            <line number="349" hits="1" branch="false" />
            <line number="350" hits="1" branch="false" />
            <line number="351" hits="37" branch="true" condition-coverage="100% (2/2)" />
            <line number="352" hits="17" branch="false" />
            <line number="353" hits="17" branch="false" />
            <line number="354" hits="17" branch="false" />
            <line number="355" hits="1" branch="false" />
            <line number="356" hits="1" branch="false" />
            <line number="379" hits="18" branch="false" />
            <line number="380" hits="18" branch="true" condition-coverage="50% (2/4)" />
            <line number="381" hits="0" branch="false" />
            <line number="382" hits="18" branch="false" />
            <line number="383" hits="156" branch="true" condition-coverage="100% (2/2)" />
            <line number="384" hits="66" branch="false" />
            <line number="385" hits="66" branch="true" condition-coverage="100% (4/4)" />
            <line number="386" hits="18" branch="false" />
            <line number="387" hits="18" branch="true" condition-coverage="100% (2/2)" />
            <line number="388" hits="6" branch="false" />
            <line number="389" hits="12" branch="false" />
            <line number="390" hits="48" branch="true" condition-coverage="50% (1/2)" />
            <line number="391" hits="0" branch="false" />
            <line number="392" hits="0" branch="false" />
            <line number="394" hits="60" branch="false" />
            <line number="395" hits="12" branch="false" />
            <line number="397" hits="18" branch="false" />
            <line number="404" hits="6" branch="false" />
            <line number="405" hits="6" branch="true" condition-coverage="100% (2/2)" />
            <line number="406" hits="4" branch="false" />
            <line number="407" hits="2" branch="false" />
            <line number="408" hits="6" branch="false" />
            <line number="415" hits="6" branch="false" />
            <line number="416" hits="6" branch="true" condition-coverage="100% (2/2)" />
            <line number="417" hits="4" branch="false" />
            <line number="418" hits="2" branch="false" />
            <line number="419" hits="6" branch="false" />
            <line number="427" hits="16" branch="false" />
            <line number="428" hits="16" branch="false" />
            <line number="429" hits="16" branch="false" />
            <line number="438" hits="47" branch="false" />
            <line number="440" hits="47" branch="false" />
            <line number="441" hits="47" branch="false" />
            <line number="442" hits="47" branch="false" />
            <line number="443" hits="47" branch="false" />
            <line number="444" hits="47" branch="false" />
            <line number="445" hits="47" branch="false" />
            <line number="448" hits="47" branch="false" />
            <line number="449" hits="47" branch="false" />
            <line number="452" hits="1779" branch="true" condition-coverage="100% (2/2)" />
            <line number="453" hits="819" branch="false" />
            <line number="454" hits="819" branch="true" condition-coverage="100% (2/2)" />
            <line number="455" hits="313" branch="false" />
            <line number="456" hits="313" branch="false" />
            <line number="457" hits="313" branch="false" />
            <line number="458" hits="819" branch="false" />
            <line number="460" hits="47" branch="false" />
          </lines>
        </class>
        <class name="SpreadsheetUtilities.FormulaError" filename="C:\Users\u0995526\Source\Repos\spreadsheet-ZacheyMIX\Spreadsheet\Formula\Formula.cs" line-rate="0" branch-rate="1" complexity="2">
          <methods>
            <method name="get_Reason" signature="()" line-rate="0" branch-rate="1" complexity="1">
              <lines>
                <line number="497" hits="0" branch="false" />
              </lines>
            </method>
            <method name=".ctor" signature="(...)" line-rate="0" branch-rate="1" complexity="1">
              <lines>
                <line number="489" hits="0" branch="false" />
                <line number="490" hits="0" branch="false" />
                <line number="491" hits="0" branch="false" />
                <line number="492" hits="0" branch="false" />
              </lines>
            </method>
          </methods>
          <lines>
            <line number="489" hits="0" branch="false" />
            <line number="490" hits="0" branch="false" />
            <line number="491" hits="0" branch="false" />
            <line number="492" hits="0" branch="false" />
            <line number="497" hits="0" branch="false" />
          </lines>
        </class>
        <class name="SpreadsheetUtilities.FormulaFormatException" filename="C:\Users\u0995526\Source\Repos\spreadsheet-ZacheyMIX\Spreadsheet\Formula\Formula.cs" line-rate="1" branch-rate="1" complexity="1">
          <methods>
            <method name=".ctor" signature="(...)" line-rate="1" branch-rate="1" complexity="1">
              <lines>
                <line number="474" hits="13" branch="false" />
                <line number="475" hits="13" branch="false" />
                <line number="476" hits="13" branch="false" />
              </lines>
            </method>
          </methods>
          <lines>
            <line number="474" hits="13" branch="false" />
            <line number="475" hits="13" branch="false" />
            <line number="476" hits="13" branch="false" />
          </lines>
        </class>
        <class name="StackExtensions" filename="C:\Users\u0995526\Source\Repos\spreadsheet-ZacheyMIX\Spreadsheet\Formula\Formula.cs" line-rate="1" branch-rate="0.95" complexity="20">
          <methods>
            <method name="IsOnTop" signature="(...)" line-rate="1" branch-rate="1" complexity="2">
              <lines>
                <line number="509" hits="203" branch="false" />
                <line number="510" hits="203" branch="true" condition-coverage="100% (2/2)" />
                <line number="511" hits="203" branch="false" />
              </lines>
            </method>
            <method name="PushResult" signature="(...)" line-rate="1" branch-rate="0.9444444444444444" complexity="18">
              <lines>
                <line number="517" hits="54" branch="false" />
                <line number="520" hits="54" branch="true" condition-coverage="100% (4/4)" />
                <line number="521" hits="16" branch="false" />
                <line number="522" hits="16" branch="false" />
                <line number="523" hits="16" branch="false" />
                <line number="524" hits="16" branch="false" />
                <line number="525" hits="38" branch="true" condition-coverage="100% (4/4)" />
                <line number="526" hits="6" branch="false" />
                <line number="528" hits="6" branch="true" condition-coverage="100% (2/2)" />
                <line number="529" hits="1" branch="false" />
                <line number="530" hits="5" branch="false" />
                <line number="531" hits="5" branch="false" />
                <line number="532" hits="5" branch="false" />
                <line number="533" hits="32" branch="true" condition-coverage="100% (4/4)" />
                <line number="534" hits="27" branch="false" />
                <line number="535" hits="27" branch="false" />
                <line number="536" hits="27" branch="false" />
                <line number="537" hits="27" branch="false" />
                <line number="538" hits="5" branch="true" condition-coverage="75% (3/4)" />
                <line number="539" hits="5" branch="false" />
                <line number="540" hits="5" branch="false" />
                <line number="541" hits="5" branch="false" />
                <line number="542" hits="5" branch="false" />
                <line number="543" hits="53" branch="false" />
              </lines>
            </method>
          </methods>
          <lines>
            <line number="509" hits="203" branch="false" />
            <line number="510" hits="203" branch="true" condition-coverage="100% (2/2)" />
            <line number="511" hits="203" branch="false" />
            <line number="517" hits="54" branch="false" />
            <line number="520" hits="54" branch="true" condition-coverage="100% (4/4)" />
            <line number="521" hits="16" branch="false" />
            <line number="522" hits="16" branch="false" />
            <line number="523" hits="16" branch="false" />
            <line number="524" hits="16" branch="false" />
            <line number="525" hits="38" branch="true" condition-coverage="100% (4/4)" />
            <line number="526" hits="6" branch="false" />
            <line number="528" hits="6" branch="true" condition-coverage="100% (2/2)" />
            <line number="529" hits="1" branch="false" />
            <line number="530" hits="5" branch="false" />
            <line number="531" hits="5" branch="false" />
            <line number="532" hits="5" branch="false" />
            <line number="533" hits="32" branch="true" condition-coverage="100% (4/4)" />
            <line number="534" hits="27" branch="false" />
            <line number="535" hits="27" branch="false" />
            <line number="536" hits="27" branch="false" />
            <line number="537" hits="27" branch="false" />
            <line number="538" hits="5" branch="true" condition-coverage="75% (3/4)" />
            <line number="539" hits="5" branch="false" />
            <line number="540" hits="5" branch="false" />
            <line number="541" hits="5" branch="false" />
            <line number="542" hits="5" branch="false" />
            <line number="543" hits="53" branch="false" />
          </lines>
        </class>
      </classes>
    </package>
    <package name="FormulaTests" line-rate="0.9171270718232044" branch-rate="1" complexity="44">
      <classes>
        <class name="AutoGeneratedProgram" filename="C:\Users\u0995526\.nuget\packages\microsoft.net.test.sdk\17.1.0\build\netcoreapp2.1\Microsoft.NET.Test.Sdk.Program.cs" line-rate="0" branch-rate="1" complexity="1">
          <methods>
            <method name="Main" signature="(...)" line-rate="0" branch-rate="1" complexity="1">
              <lines>
                <line number="4" hits="0" branch="false" />
              </lines>
            </method>
          </methods>
          <lines>
            <line number="4" hits="0" branch="false" />
          </lines>
        </class>
        <class name="FormulaTests.FormulaTests" filename="C:\Users\u0995526\Source\Repos\spreadsheet-ZacheyMIX\Spreadsheet\FormulaTests\FormulaTests.cs" line-rate="0.9222222222222223" branch-rate="1" complexity="43">
          <methods>
            <method name="testEquals" signature="()" line-rate="1" branch-rate="1" complexity="1">
              <lines>
                <line number="12" hits="1" branch="false" />
                <line number="13" hits="8" branch="false" />
                <line number="14" hits="8" branch="false" />
                <line number="15" hits="1" branch="false" />
                <line number="16" hits="1" branch="false" />
                <line number="17" hits="1" branch="false" />
                <line number="18" hits="1" branch="false" />
                <line number="19" hits="1" branch="false" />
                <line number="20" hits="1" branch="false" />
                <line number="21" hits="1" branch="false" />
              </lines>
            </method>
            <method name="testEqualsWithDouble" signature="()" line-rate="1" branch-rate="1" complexity="1">
              <lines>
                <line number="25" hits="1" branch="false" />
                <line number="26" hits="8" branch="false" />
                <line number="27" hits="8" branch="false" />
                <line number="28" hits="1" branch="false" />
                <line number="29" hits="1" branch="false" />
                <line number="30" hits="1" branch="false" />
                <line number="31" hits="1" branch="false" />
                <line number="32" hits="1" branch="false" />
                <line number="33" hits="1" branch="false" />
                <line number="34" hits="1" branch="false" />
              </lines>
            </method>
            <method name="testUnEquals" signature="()" line-rate="1" branch-rate="1" complexity="1">
              <lines>
                <line number="38" hits="1" branch="false" />
                <line number="39" hits="8" branch="false" />
                <line number="40" hits="8" branch="false" />
                <line number="41" hits="1" branch="false" />
                <line number="42" hits="1" branch="false" />
                <line number="43" hits="1" branch="false" />
                <line number="44" hits="1" branch="false" />
                <line number="45" hits="1" branch="false" />
                <line number="46" hits="1" branch="false" />
                <line number="47" hits="1" branch="false" />
              </lines>
            </method>
            <method name="testUnEqualHashCode" signature="()" line-rate="1" branch-rate="1" complexity="1">
              <lines>
                <line number="51" hits="1" branch="false" />
                <line number="52" hits="8" branch="false" />
                <line number="53" hits="8" branch="false" />
                <line number="54" hits="1" branch="false" />
                <line number="55" hits="1" branch="false" />
                <line number="56" hits="1" branch="false" />
                <line number="57" hits="1" branch="false" />
                <line number="58" hits="1" branch="false" />
              </lines>
            </method>
            <method name="testEqualHashCode" signature="()" line-rate="1" branch-rate="1" complexity="1">
              <lines>
                <line number="62" hits="1" branch="false" />
                <line number="63" hits="8" branch="false" />
                <line number="64" hits="8" branch="false" />
                <line number="65" hits="1" branch="false" />
                <line number="66" hits="1" branch="false" />
                <line number="67" hits="1" branch="false" />
                <line number="68" hits="1" branch="false" />
                <line number="69" hits="1" branch="false" />
              </lines>
            </method>
            <method name="validFormulaTest2" signature="()" line-rate="1" branch-rate="1" complexity="1">
              <lines>
                <line number="82" hits="1" branch="false" />
                <line number="83" hits="10" branch="false" />
                <line number="84" hits="1" branch="false" />
              </lines>
            </method>
            <method name="validFormulaTest3" signature="()" line-rate="1" branch-rate="1" complexity="1">
              <lines>
                <line number="88" hits="1" branch="false" />
                <line number="89" hits="8" branch="false" />
                <line number="90" hits="1" branch="false" />
              </lines>
            </method>
            <method name="badParanthesisTest" signature="()" line-rate="0.6666666666666666" branch-rate="1" complexity="1">
              <lines>
                <line number="95" hits="1" branch="false" />
                <line number="96" hits="7" branch="false" />
                <line number="97" hits="0" branch="false" />
              </lines>
            </method>
            <method name="badClosingToken" signature="()" line-rate="0.6666666666666666" branch-rate="1" complexity="1">
              <lines>
                <line number="102" hits="1" branch="false" />
                <line number="103" hits="8" branch="false" />
                <line number="104" hits="0" branch="false" />
              </lines>
            </method>
            <method name="badParanthesisFormulaTest" signature="()" line-rate="0.6666666666666666" branch-rate="1" complexity="1">
              <lines>
                <line number="109" hits="1" branch="false" />
                <line number="110" hits="10" branch="false" />
                <line number="111" hits="0" branch="false" />
              </lines>
            </method>
            <method name="badClosingParenthesisTest" signature="()" line-rate="0.6666666666666666" branch-rate="1" complexity="1">
              <lines>
                <line number="116" hits="1" branch="false" />
                <line number="117" hits="13" branch="false" />
                <line number="118" hits="0" branch="false" />
              </lines>
            </method>
            <method name="emptyTest" signature="()" line-rate="0.6666666666666666" branch-rate="1" complexity="1">
              <lines>
                <line number="123" hits="1" branch="false" />
                <line number="124" hits="1" branch="false" />
                <line number="125" hits="0" branch="false" />
              </lines>
            </method>
            <method name="startingTokenTest" signature="()" line-rate="0.6666666666666666" branch-rate="1" complexity="1">
              <lines>
                <line number="130" hits="1" branch="false" />
                <line number="131" hits="5" branch="false" />
                <line number="132" hits="0" branch="false" />
              </lines>
            </method>
            <method name="closingTokenTest" signature="()" line-rate="0.6666666666666666" branch-rate="1" complexity="1">
              <lines>
                <line number="137" hits="1" branch="false" />
                <line number="138" hits="8" branch="false" />
                <line number="139" hits="0" branch="false" />
              </lines>
            </method>
            <method name="invalidTokenTest" signature="()" line-rate="0.6666666666666666" branch-rate="1" complexity="1">
              <lines>
                <line number="144" hits="1" branch="false" />
                <line number="145" hits="10" branch="false" />
                <line number="146" hits="0" branch="false" />
              </lines>
            </method>
            <method name="TestSingleNumber" signature="()" line-rate="1" branch-rate="1" complexity="1">
              <lines>
                <line number="150" hits="1" branch="false" />
                <line number="151" hits="2" branch="false" />
                <line number="152" hits="1" branch="false" />
                <line number="153" hits="1" branch="false" />
              </lines>
            </method>
            <method name="TestSingleVariable" signature="()" line-rate="1" branch-rate="1" complexity="1">
              <lines>
                <line number="157" hits="1" branch="false" />
                <line number="158" hits="3" branch="false" />
                <line number="159" hits="2" branch="false" />
                <line number="160" hits="1" branch="false" />
              </lines>
            </method>
            <method name="TestAddition" signature="()" line-rate="1" branch-rate="1" complexity="1">
              <lines>
                <line number="164" hits="1" branch="false" />
                <line number="165" hits="4" branch="false" />
                <line number="166" hits="1" branch="false" />
                <line number="167" hits="1" branch="false" />
              </lines>
            </method>
            <method name="TestSubtraction" signature="()" line-rate="1" branch-rate="1" complexity="1">
              <lines>
                <line number="171" hits="1" branch="false" />
                <line number="172" hits="4" branch="false" />
                <line number="173" hits="1" branch="false" />
                <line number="174" hits="1" branch="false" />
              </lines>
            </method>
            <method name="TestMultiplication" signature="()" line-rate="1" branch-rate="1" complexity="1">
              <lines>
                <line number="178" hits="1" branch="false" />
                <line number="179" hits="4" branch="false" />
                <line number="180" hits="1" branch="false" />
                <line number="181" hits="1" branch="false" />
              </lines>
            </method>
            <method name="TestDivision" signature="()" line-rate="1" branch-rate="1" complexity="1">
              <lines>
                <line number="185" hits="1" branch="false" />
                <line number="186" hits="4" branch="false" />
                <line number="187" hits="1" branch="false" />
                <line number="188" hits="1" branch="false" />
              </lines>
            </method>
            <method name="TestArithmeticWithVariable" signature="()" line-rate="1" branch-rate="1" complexity="1">
              <lines>
                <line number="192" hits="1" branch="false" />
                <line number="193" hits="5" branch="false" />
                <line number="194" hits="2" branch="false" />
                <line number="195" hits="1" branch="false" />
              </lines>
            </method>
            <method name="TestUnknownVariable" signature="()" line-rate="0.75" branch-rate="1" complexity="1">
              <lines>
                <line number="200" hits="1" branch="false" />
                <line number="201" hits="5" branch="false" />
                <line number="202" hits="3" branch="false" />
                <line number="203" hits="0" branch="false" />
              </lines>
            </method>
            <method name="TestLeftToRight" signature="()" line-rate="1" branch-rate="1" complexity="1">
              <lines>
                <line number="207" hits="1" branch="false" />
                <line number="208" hits="6" branch="false" />
                <line number="209" hits="1" branch="false" />
                <line number="210" hits="1" branch="false" />
              </lines>
            </method>
            <method name="TestOrderOperations" signature="()" line-rate="1" branch-rate="1" complexity="1">
              <lines>
                <line number="214" hits="1" branch="false" />
                <line number="215" hits="6" branch="false" />
                <line number="216" hits="1" branch="false" />
                <line number="217" hits="1" branch="false" />
              </lines>
            </method>
            <method name="TestParenthesesTimes" signature="()" line-rate="1" branch-rate="1" complexity="1">
              <lines>
                <line number="221" hits="1" branch="false" />
                <line number="222" hits="8" branch="false" />
                <line number="223" hits="1" branch="false" />
                <line number="224" hits="1" branch="false" />
              </lines>
            </method>
            <method name="TestTimesParentheses" signature="()" line-rate="1" branch-rate="1" complexity="1">
              <lines>
                <line number="228" hits="1" branch="false" />
                <line number="229" hits="8" branch="false" />
                <line number="230" hits="1" branch="false" />
                <line number="231" hits="1" branch="false" />
              </lines>
            </method>
            <method name="TestPlusParentheses" signature="()" line-rate="1" branch-rate="1" complexity="1">
              <lines>
                <line number="235" hits="1" branch="false" />
                <line number="236" hits="8" branch="false" />
                <line number="237" hits="1" branch="false" />
                <line number="238" hits="1" branch="false" />
              </lines>
            </method>
            <method name="TestPlusComplex" signature="()" line-rate="1" branch-rate="1" complexity="1">
              <lines>
                <line number="242" hits="1" branch="false" />
                <line number="243" hits="10" branch="false" />
                <line number="244" hits="1" branch="false" />
                <line number="245" hits="1" branch="false" />
              </lines>
            </method>
            <method name="TestOperatorAfterParens" signature="()" line-rate="1" branch-rate="1" complexity="1">
              <lines>
                <line number="249" hits="1" branch="false" />
                <line number="250" hits="10" branch="false" />
                <line number="251" hits="1" branch="false" />
                <line number="252" hits="1" branch="false" />
              </lines>
            </method>
            <method name="TestComplexTimesParentheses" signature="()" line-rate="1" branch-rate="1" complexity="1">
              <lines>
                <line number="256" hits="1" branch="false" />
                <line number="257" hits="10" branch="false" />
                <line number="258" hits="1" branch="false" />
                <line number="259" hits="1" branch="false" />
              </lines>
            </method>
            <method name="TestComplexAndParentheses" signature="()" line-rate="1" branch-rate="1" complexity="1">
              <lines>
                <line number="263" hits="1" branch="false" />
                <line number="264" hits="18" branch="false" />
                <line number="265" hits="1" branch="false" />
                <line number="266" hits="1" branch="false" />
              </lines>
            </method>
            <method name="TestDivideByZero" signature="()" line-rate="0.75" branch-rate="1" complexity="1">
              <lines>
                <line number="271" hits="1" branch="false" />
                <line number="272" hits="4" branch="false" />
                <line number="273" hits="1" branch="false" />
                <line number="274" hits="0" branch="false" />
              </lines>
            </method>
            <method name="TestToString" signature="()" line-rate="1" branch-rate="1" complexity="1">
              <lines>
                <line number="278" hits="1" branch="false" />
                <line number="279" hits="18" branch="false" />
                <line number="280" hits="1" branch="false" />
                <line number="281" hits="1" branch="false" />
              </lines>
            </method>
            <method name="TestSingleOperator" signature="()" line-rate="0.6666666666666666" branch-rate="1" complexity="1">
              <lines>
                <line number="286" hits="1" branch="false" />
                <line number="287" hits="2" branch="false" />
                <line number="288" hits="0" branch="false" />
              </lines>
            </method>
            <method name="TestExtraOperator" signature="()" line-rate="0.6666666666666666" branch-rate="1" complexity="1">
              <lines>
                <line number="293" hits="1" branch="false" />
                <line number="294" hits="5" branch="false" />
                <line number="295" hits="0" branch="false" />
              </lines>
            </method>
            <method name="TestExtraParentheses" signature="()" line-rate="0.6666666666666666" branch-rate="1" complexity="1">
              <lines>
                <line number="300" hits="1" branch="false" />
                <line number="301" hits="7" branch="false" />
                <line number="302" hits="0" branch="false" />
              </lines>
            </method>
            <method name="TestParensNoOperator" signature="()" line-rate="0.6666666666666666" branch-rate="1" complexity="1">
              <lines>
                <line number="307" hits="1" branch="false" />
                <line number="308" hits="9" branch="false" />
                <line number="309" hits="0" branch="false" />
              </lines>
            </method>
            <method name="TestComplexMultiVar" signature="()" line-rate="1" branch-rate="1" complexity="2">
              <lines>
                <line number="313" hits="1" branch="false" />
                <line number="314" hits="24" branch="false" />
                <line number="315" hits="3" branch="true" condition-coverage="100% (2/2)" />
                <line number="316" hits="1" branch="false" />
              </lines>
            </method>
            <method name="TestComplexNestedParensRight" signature="()" line-rate="1" branch-rate="1" complexity="1">
              <lines>
                <line number="320" hits="1" branch="false" />
                <line number="321" hits="26" branch="false" />
                <line number="322" hits="7" branch="false" />
                <line number="323" hits="1" branch="false" />
              </lines>
            </method>
            <method name="TestComplexNestedParensLeft" signature="()" line-rate="1" branch-rate="1" complexity="1">
              <lines>
                <line number="327" hits="1" branch="false" />
                <line number="328" hits="26" branch="false" />
                <line number="329" hits="7" branch="false" />
                <line number="330" hits="1" branch="false" />
              </lines>
            </method>
            <method name="TestRepeatedVar" signature="()" line-rate="1" branch-rate="1" complexity="1">
              <lines>
                <line number="334" hits="1" branch="false" />
                <line number="335" hits="12" branch="false" />
                <line number="336" hits="5" branch="false" />
                <line number="337" hits="1" branch="false" />
              </lines>
            </method>
          </methods>
          <lines>
            <line number="12" hits="1" branch="false" />
            <line number="13" hits="8" branch="false" />
            <line number="14" hits="8" branch="false" />
            <line number="15" hits="1" branch="false" />
            <line number="16" hits="1" branch="false" />
            <line number="17" hits="1" branch="false" />
            <line number="18" hits="1" branch="false" />
            <line number="19" hits="1" branch="false" />
            <line number="20" hits="1" branch="false" />
            <line number="21" hits="1" branch="false" />
            <line number="25" hits="1" branch="false" />
            <line number="26" hits="8" branch="false" />
            <line number="27" hits="8" branch="false" />
            <line number="28" hits="1" branch="false" />
            <line number="29" hits="1" branch="false" />
            <line number="30" hits="1" branch="false" />
            <line number="31" hits="1" branch="false" />
            <line number="32" hits="1" branch="false" />
            <line number="33" hits="1" branch="false" />
            <line number="34" hits="1" branch="false" />
            <line number="38" hits="1" branch="false" />
            <line number="39" hits="8" branch="false" />
            <line number="40" hits="8" branch="false" />
            <line number="41" hits="1" branch="false" />
            <line number="42" hits="1" branch="false" />
            <line number="43" hits="1" branch="false" />
            <line number="44" hits="1" branch="false" />
            <line number="45" hits="1" branch="false" />
            <line number="46" hits="1" branch="false" />
            <line number="47" hits="1" branch="false" />
            <line number="51" hits="1" branch="false" />
            <line number="52" hits="8" branch="false" />
            <line number="53" hits="8" branch="false" />
            <line number="54" hits="1" branch="false" />
            <line number="55" hits="1" branch="false" />
            <line number="56" hits="1" branch="false" />
            <line number="57" hits="1" branch="false" />
            <line number="58" hits="1" branch="false" />
            <line number="62" hits="1" branch="false" />
            <line number="63" hits="8" branch="false" />
            <line number="64" hits="8" branch="false" />
            <line number="65" hits="1" branch="false" />
            <line number="66" hits="1" branch="false" />
            <line number="67" hits="1" branch="false" />
            <line number="68" hits="1" branch="false" />
            <line number="69" hits="1" branch="false" />
            <line number="82" hits="1" branch="false" />
            <line number="83" hits="10" branch="false" />
            <line number="84" hits="1" branch="false" />
            <line number="88" hits="1" branch="false" />
            <line number="89" hits="8" branch="false" />
            <line number="90" hits="1" branch="false" />
            <line number="95" hits="1" branch="false" />
            <line number="96" hits="7" branch="false" />
            <line number="97" hits="0" branch="false" />
            <line number="102" hits="1" branch="false" />
            <line number="103" hits="8" branch="false" />
            <line number="104" hits="0" branch="false" />
            <line number="109" hits="1" branch="false" />
            <line number="110" hits="10" branch="false" />
            <line number="111" hits="0" branch="false" />
            <line number="116" hits="1" branch="false" />
            <line number="117" hits="13" branch="false" />
            <line number="118" hits="0" branch="false" />
            <line number="123" hits="1" branch="false" />
            <line number="124" hits="1" branch="false" />
            <line number="125" hits="0" branch="false" />
            <line number="130" hits="1" branch="false" />
            <line number="131" hits="5" branch="false" />
            <line number="132" hits="0" branch="false" />
            <line number="137" hits="1" branch="false" />
            <line number="138" hits="8" branch="false" />
            <line number="139" hits="0" branch="false" />
            <line number="144" hits="1" branch="false" />
            <line number="145" hits="10" branch="false" />
            <line number="146" hits="0" branch="false" />
            <line number="150" hits="1" branch="false" />
            <line number="151" hits="2" branch="false" />
            <line number="152" hits="1" branch="false" />
            <line number="153" hits="1" branch="false" />
            <line number="157" hits="1" branch="false" />
            <line number="158" hits="3" branch="false" />
            <line number="159" hits="2" branch="false" />
            <line number="160" hits="1" branch="false" />
            <line number="164" hits="1" branch="false" />
            <line number="165" hits="4" branch="false" />
            <line number="166" hits="1" branch="false" />
            <line number="167" hits="1" branch="false" />
            <line number="171" hits="1" branch="false" />
            <line number="172" hits="4" branch="false" />
            <line number="173" hits="1" branch="false" />
            <line number="174" hits="1" branch="false" />
            <line number="178" hits="1" branch="false" />
            <line number="179" hits="4" branch="false" />
            <line number="180" hits="1" branch="false" />
            <line number="181" hits="1" branch="false" />
            <line number="185" hits="1" branch="false" />
            <line number="186" hits="4" branch="false" />
            <line number="187" hits="1" branch="false" />
            <line number="188" hits="1" branch="false" />
            <line number="192" hits="1" branch="false" />
            <line number="193" hits="5" branch="false" />
            <line number="194" hits="2" branch="false" />
            <line number="195" hits="1" branch="false" />
            <line number="200" hits="1" branch="false" />
            <line number="201" hits="5" branch="false" />
            <line number="202" hits="3" branch="false" />
            <line number="203" hits="0" branch="false" />
            <line number="207" hits="1" branch="false" />
            <line number="208" hits="6" branch="false" />
            <line number="209" hits="1" branch="false" />
            <line number="210" hits="1" branch="false" />
            <line number="214" hits="1" branch="false" />
            <line number="215" hits="6" branch="false" />
            <line number="216" hits="1" branch="false" />
            <line number="217" hits="1" branch="false" />
            <line number="221" hits="1" branch="false" />
            <line number="222" hits="8" branch="false" />
            <line number="223" hits="1" branch="false" />
            <line number="224" hits="1" branch="false" />
            <line number="228" hits="1" branch="false" />
            <line number="229" hits="8" branch="false" />
            <line number="230" hits="1" branch="false" />
            <line number="231" hits="1" branch="false" />
            <line number="235" hits="1" branch="false" />
            <line number="236" hits="8" branch="false" />
            <line number="237" hits="1" branch="false" />
            <line number="238" hits="1" branch="false" />
            <line number="242" hits="1" branch="false" />
            <line number="243" hits="10" branch="false" />
            <line number="244" hits="1" branch="false" />
            <line number="245" hits="1" branch="false" />
            <line number="249" hits="1" branch="false" />
            <line number="250" hits="10" branch="false" />
            <line number="251" hits="1" branch="false" />
            <line number="252" hits="1" branch="false" />
            <line number="256" hits="1" branch="false" />
            <line number="257" hits="10" branch="false" />
            <line number="258" hits="1" branch="false" />
            <line number="259" hits="1" branch="false" />
            <line number="263" hits="1" branch="false" />
            <line number="264" hits="18" branch="false" />
            <line number="265" hits="1" branch="false" />
            <line number="266" hits="1" branch="false" />
            <line number="271" hits="1" branch="false" />
            <line number="272" hits="4" branch="false" />
            <line number="273" hits="1" branch="false" />
            <line number="274" hits="0" branch="false" />
            <line number="278" hits="1" branch="false" />
            <line number="279" hits="18" branch="false" />
            <line number="280" hits="1" branch="false" />
            <line number="281" hits="1" branch="false" />
            <line number="286" hits="1" branch="false" />
            <line number="287" hits="2" branch="false" />
            <line number="288" hits="0" branch="false" />
            <line number="293" hits="1" branch="false" />
            <line number="294" hits="5" branch="false" />
            <line number="295" hits="0" branch="false" />
            <line number="300" hits="1" branch="false" />
            <line number="301" hits="7" branch="false" />
            <line number="302" hits="0" branch="false" />
            <line number="307" hits="1" branch="false" />
            <line number="308" hits="9" branch="false" />
            <line number="309" hits="0" branch="false" />
            <line number="313" hits="1" branch="false" />
            <line number="314" hits="24" branch="false" />
            <line number="315" hits="3" branch="true" condition-coverage="100% (2/2)" />
            <line number="316" hits="1" branch="false" />
            <line number="320" hits="1" branch="false" />
            <line number="321" hits="26" branch="false" />
            <line number="322" hits="7" branch="false" />
            <line number="323" hits="1" branch="false" />
            <line number="327" hits="1" branch="false" />
            <line number="328" hits="26" branch="false" />
            <line number="329" hits="7" branch="false" />
            <line number="330" hits="1" branch="false" />
            <line number="334" hits="1" branch="false" />
            <line number="335" hits="12" branch="false" />
            <line number="336" hits="5" branch="false" />
            <line number="337" hits="1" branch="false" />
          </lines>
        </class>
      </classes>
    </package>
  </packages>
</coverage>