<?xml version="1.0" encoding="utf-8"?>
<!DOCTYPE coverage SYSTEM "http://cobertura.sourceforge.net/xml/coverage-04.dtd">
<coverage line-rate="0.9456521739130435" branch-rate="0.9864864864864865" lines-covered="174" lines-valid="184" branches-covered="73" branches-valid="74" complexity="103" version="0" timestamp="1663359919">
  <sources>
    <source>C:\Users\u0995526\</source>
  </sources>
  <packages>
    <package name="FormulaEvaluator" line-rate="1" branch-rate="0.9861111111111112" complexity="72">
      <classes>
        <class name="FormulaEvaluator.Evaluator" filename="C:\Users\u0995526\Source\Repos\spreadsheet-ZacheyMIX\Spreadsheet\FormulaEvaluator\FormulaEvaluator.cs" line-rate="1" branch-rate="0.9807692307692307" complexity="52">
          <methods>
            <method name="Evaluate" signature="(...)" line-rate="1" branch-rate="0.9807692307692307" complexity="52">
              <lines>
                <line number="24" hits="29" branch="false" />
                <line number="25" hits="29" branch="false" />
                <line number="33" hits="29" branch="false" />
                <line number="35" hits="29" branch="false" />
                <line number="39" hits="508" branch="true" condition-coverage="100% (2/2)" />
                <line number="40" hits="225" branch="false" />
                <line number="41" hits="439" branch="false" />
                <line number="43" hits="225" branch="false" />
                <line number="45" hits="254" branch="false" />
                <line number="46" hits="456" branch="true" condition-coverage="100% (2/2)" />
                <line number="47" hits="187" branch="false" />
                <line number="50" hits="187" branch="false" />
                <line number="51" hits="187" branch="true" condition-coverage="100% (2/2)" />
                <line number="52" hits="66" branch="false" />
                <line number="54" hits="66" branch="false" />
                <line number="59" hits="66" branch="true" condition-coverage="100% (4/4)" />
                <line number="60" hits="17" branch="false" />
                <line number="62" hits="17" branch="false" />
                <line number="63" hits="16" branch="false" />
                <line number="65" hits="49" branch="false" />
                <line number="66" hits="65" branch="false" />
                <line number="68" hits="121" branch="true" condition-coverage="100% (4/4)" />
                <line number="69" hits="40" branch="false" />
                <line number="72" hits="40" branch="true" condition-coverage="100% (4/4)" />
                <line number="73" hits="5" branch="false" />
                <line number="75" hits="5" branch="false" />
                <line number="77" hits="5" branch="false" />
                <line number="78" hits="5" branch="false" />
                <line number="80" hits="35" branch="false" />
                <line number="81" hits="40" branch="false" />
                <line number="83" hits="81" branch="true" condition-coverage="100% (6/6)" />
                <line number="84" hits="40" branch="false" />
                <line number="85" hits="40" branch="false" />
                <line number="86" hits="40" branch="false" />
                <line number="88" hits="41" branch="true" condition-coverage="100% (2/2)" />
                <line number="89" hits="18" branch="false" />
                <line number="91" hits="18" branch="true" condition-coverage="100% (2/2)" />
                <line number="92" hits="16" branch="false" />
                <line number="93" hits="16" branch="false" />
                <line number="94" hits="16" branch="true" condition-coverage="100% (4/4)" />
                <line number="95" hits="1" branch="false" />
                <line number="97" hits="15" branch="false" />
                <line number="99" hits="18" branch="true" condition-coverage="100% (6/6)" />
                <line number="100" hits="3" branch="false" />
                <line number="101" hits="3" branch="false" />
                <line number="102" hits="15" branch="false" />
                <line number="105" hits="2" branch="false" />
                <line number="107" hits="17" branch="false" />
                <line number="110" hits="23" branch="false" />
                <line number="113" hits="23" branch="true" condition-coverage="75% (3/4)" />
                <line number="114" hits="2" branch="false" />
                <line number="116" hits="21" branch="false" />
                <line number="119" hits="20" branch="true" condition-coverage="100% (4/4)" />
                <line number="120" hits="3" branch="false" />
                <line number="122" hits="3" branch="false" />
                <line number="123" hits="3" branch="false" />
                <line number="126" hits="17" branch="false" />
                <line number="127" hits="20" branch="false" />
                <line number="128" hits="182" branch="false" />
                <line number="130" hits="24" branch="true" condition-coverage="100% (2/2)" />
                <line number="131" hits="17" branch="false" />
                <line number="134" hits="17" branch="true" condition-coverage="100% (2/2)" />
                <line number="135" hits="1" branch="false" />
                <line number="137" hits="16" branch="false" />
                <line number="138" hits="16" branch="false" />
                <line number="140" hits="23" branch="true" condition-coverage="100% (2/2)" />
                <line number="141" hits="3" branch="false" />
                <line number="143" hits="20" branch="false" />
                <line number="144" hits="20" branch="false" />
              </lines>
            </method>
          </methods>
          <lines>
            <line number="24" hits="29" branch="false" />
            <line number="25" hits="29" branch="false" />
            <line number="33" hits="29" branch="false" />
            <line number="35" hits="29" branch="false" />
            <line number="39" hits="508" branch="true" condition-coverage="100% (2/2)" />
            <line number="40" hits="225" branch="false" />
            <line number="41" hits="439" branch="false" />
            <line number="43" hits="225" branch="false" />
            <line number="45" hits="254" branch="false" />
            <line number="46" hits="456" branch="true" condition-coverage="100% (2/2)" />
            <line number="47" hits="187" branch="false" />
            <line number="50" hits="187" branch="false" />
            <line number="51" hits="187" branch="true" condition-coverage="100% (2/2)" />
            <line number="52" hits="66" branch="false" />
            <line number="54" hits="66" branch="false" />
            <line number="59" hits="66" branch="true" condition-coverage="100% (4/4)" />
            <line number="60" hits="17" branch="false" />
            <line number="62" hits="17" branch="false" />
            <line number="63" hits="16" branch="false" />
            <line number="65" hits="49" branch="false" />
            <line number="66" hits="65" branch="false" />
            <line number="68" hits="121" branch="true" condition-coverage="100% (4/4)" />
            <line number="69" hits="40" branch="false" />
            <line number="72" hits="40" branch="true" condition-coverage="100% (4/4)" />
            <line number="73" hits="5" branch="false" />
            <line number="75" hits="5" branch="false" />
            <line number="77" hits="5" branch="false" />
            <line number="78" hits="5" branch="false" />
            <line number="80" hits="35" branch="false" />
            <line number="81" hits="40" branch="false" />
            <line number="83" hits="81" branch="true" condition-coverage="100% (6/6)" />
            <line number="84" hits="40" branch="false" />
            <line number="85" hits="40" branch="false" />
            <line number="86" hits="40" branch="false" />
            <line number="88" hits="41" branch="true" condition-coverage="100% (2/2)" />
            <line number="89" hits="18" branch="false" />
            <line number="91" hits="18" branch="true" condition-coverage="100% (2/2)" />
            <line number="92" hits="16" branch="false" />
            <line number="93" hits="16" branch="false" />
            <line number="94" hits="16" branch="true" condition-coverage="100% (4/4)" />
            <line number="95" hits="1" branch="false" />
            <line number="97" hits="15" branch="false" />
            <line number="99" hits="18" branch="true" condition-coverage="100% (6/6)" />
            <line number="100" hits="3" branch="false" />
            <line number="101" hits="3" branch="false" />
            <line number="102" hits="15" branch="false" />
            <line number="105" hits="2" branch="false" />
            <line number="107" hits="17" branch="false" />
            <line number="110" hits="23" branch="false" />
            <line number="113" hits="23" branch="true" condition-coverage="75% (3/4)" />
            <line number="114" hits="2" branch="false" />
            <line number="116" hits="21" branch="false" />
            <line number="119" hits="20" branch="true" condition-coverage="100% (4/4)" />
            <line number="120" hits="3" branch="false" />
            <line number="122" hits="3" branch="false" />
            <line number="123" hits="3" branch="false" />
            <line number="126" hits="17" branch="false" />
            <line number="127" hits="20" branch="false" />
            <line number="128" hits="182" branch="false" />
            <line number="130" hits="24" branch="true" condition-coverage="100% (2/2)" />
            <line number="131" hits="17" branch="false" />
            <line number="134" hits="17" branch="true" condition-coverage="100% (2/2)" />
            <line number="135" hits="1" branch="false" />
            <line number="137" hits="16" branch="false" />
            <line number="138" hits="16" branch="false" />
            <line number="140" hits="23" branch="true" condition-coverage="100% (2/2)" />
            <line number="141" hits="3" branch="false" />
            <line number="143" hits="20" branch="false" />
            <line number="144" hits="20" branch="false" />
          </lines>
        </class>
        <class name="FormulaEvaluator.StackExtensions" filename="C:\Users\u0995526\Source\Repos\spreadsheet-ZacheyMIX\Spreadsheet\FormulaEvaluator\FormulaEvaluator.cs" line-rate="1" branch-rate="1" complexity="20">
          <methods>
            <method name="IsOnTop" signature="(...)" line-rate="1" branch-rate="1" complexity="2">
              <lines>
                <line number="155" hits="234" branch="false" />
                <line number="156" hits="234" branch="true" condition-coverage="100% (2/2)" />
                <line number="157" hits="234" branch="false" />
              </lines>
            </method>
            <method name="PushResult" signature="(...)" line-rate="1" branch-rate="1" complexity="18">
              <lines>
                <line number="163" hits="60" branch="false" />
                <line number="166" hits="60" branch="true" condition-coverage="100% (4/4)" />
                <line number="167" hits="17" branch="false" />
                <line number="168" hits="17" branch="false" />
                <line number="169" hits="17" branch="false" />
                <line number="170" hits="17" branch="false" />
                <line number="171" hits="43" branch="true" condition-coverage="100% (4/4)" />
                <line number="172" hits="6" branch="false" />
                <line number="174" hits="6" branch="true" condition-coverage="100% (2/2)" />
                <line number="175" hits="1" branch="false" />
                <line number="176" hits="5" branch="false" />
                <line number="177" hits="5" branch="false" />
                <line number="178" hits="5" branch="false" />
                <line number="179" hits="37" branch="true" condition-coverage="100% (4/4)" />
                <line number="180" hits="31" branch="false" />
                <line number="181" hits="31" branch="false" />
                <line number="182" hits="31" branch="false" />
                <line number="183" hits="31" branch="false" />
                <line number="184" hits="6" branch="true" condition-coverage="100% (4/4)" />
                <line number="185" hits="5" branch="false" />
                <line number="186" hits="5" branch="false" />
                <line number="187" hits="5" branch="false" />
                <line number="188" hits="5" branch="false" />
                <line number="189" hits="59" branch="false" />
              </lines>
            </method>
          </methods>
          <lines>
            <line number="155" hits="234" branch="false" />
            <line number="156" hits="234" branch="true" condition-coverage="100% (2/2)" />
            <line number="157" hits="234" branch="false" />
            <line number="163" hits="60" branch="false" />
            <line number="166" hits="60" branch="true" condition-coverage="100% (4/4)" />
            <line number="167" hits="17" branch="false" />
            <line number="168" hits="17" branch="false" />
            <line number="169" hits="17" branch="false" />
            <line number="170" hits="17" branch="false" />
            <line number="171" hits="43" branch="true" condition-coverage="100% (4/4)" />
            <line number="172" hits="6" branch="false" />
            <line number="174" hits="6" branch="true" condition-coverage="100% (2/2)" />
            <line number="175" hits="1" branch="false" />
            <line number="176" hits="5" branch="false" />
            <line number="177" hits="5" branch="false" />
            <line number="178" hits="5" branch="false" />
            <line number="179" hits="37" branch="true" condition-coverage="100% (4/4)" />
            <line number="180" hits="31" branch="false" />
            <line number="181" hits="31" branch="false" />
            <line number="182" hits="31" branch="false" />
            <line number="183" hits="31" branch="false" />
            <line number="184" hits="6" branch="true" condition-coverage="100% (4/4)" />
            <line number="185" hits="5" branch="false" />
            <line number="186" hits="5" branch="false" />
            <line number="187" hits="5" branch="false" />
            <line number="188" hits="5" branch="false" />
            <line number="189" hits="59" branch="false" />
          </lines>
        </class>
      </classes>
    </package>
    <package name="FormulaEvaluatorTests" line-rate="0.8863636363636364" branch-rate="1" complexity="31">
      <classes>
        <class name="AutoGeneratedProgram" filename="C:\Users\u0995526\.nuget\packages\microsoft.net.test.sdk\17.1.0\build\netcoreapp2.1\Microsoft.NET.Test.Sdk.Program.cs" line-rate="0" branch-rate="1" complexity="1">
          <methods>
            <method name="Main" signature="(...)" line-rate="0" branch-rate="1" complexity="1">
              <lines>
                <line number="4" hits="0" branch="false" />
              </lines>
            </method>
          </methods>
          <lines>
            <line number="4" hits="0" branch="false" />
          </lines>
        </class>
        <class name="FormulaEvaluatorTests.UnitTest1" filename="C:\Users\u0995526\Source\Repos\spreadsheet-ZacheyMIX\Spreadsheet\FormulaEvaluatorTests\UnitTest1.cs" line-rate="0.896551724137931" branch-rate="1" complexity="30">
          <methods>
            <method name="TestSingleNumber" signature="()" line-rate="1" branch-rate="1" complexity="1">
              <lines>
                <line number="11" hits="1" branch="false" />
                <line number="12" hits="1" branch="false" />
                <line number="13" hits="1" branch="false" />
              </lines>
            </method>
            <method name="TestSingleVariable" signature="()" line-rate="1" branch-rate="1" complexity="1">
              <lines>
                <line number="18" hits="1" branch="false" />
                <line number="19" hits="2" branch="false" />
                <line number="20" hits="1" branch="false" />
              </lines>
            </method>
            <method name="TestAddition" signature="()" line-rate="1" branch-rate="1" complexity="1">
              <lines>
                <line number="25" hits="1" branch="false" />
                <line number="26" hits="1" branch="false" />
                <line number="27" hits="1" branch="false" />
              </lines>
            </method>
            <method name="TestSubtraction" signature="()" line-rate="1" branch-rate="1" complexity="1">
              <lines>
                <line number="32" hits="1" branch="false" />
                <line number="33" hits="1" branch="false" />
                <line number="34" hits="1" branch="false" />
              </lines>
            </method>
            <method name="TestMultiplication" signature="()" line-rate="1" branch-rate="1" complexity="1">
              <lines>
                <line number="39" hits="1" branch="false" />
                <line number="40" hits="1" branch="false" />
                <line number="41" hits="1" branch="false" />
              </lines>
            </method>
            <method name="TestDivision" signature="()" line-rate="1" branch-rate="1" complexity="1">
              <lines>
                <line number="46" hits="1" branch="false" />
                <line number="47" hits="1" branch="false" />
                <line number="48" hits="1" branch="false" />
              </lines>
            </method>
            <method name="TestArithmeticWithVariable" signature="()" line-rate="1" branch-rate="1" complexity="1">
              <lines>
                <line number="53" hits="1" branch="false" />
                <line number="54" hits="2" branch="false" />
                <line number="55" hits="1" branch="false" />
              </lines>
            </method>
            <method name="TestUnknownVariable" signature="()" line-rate="0.6666666666666666" branch-rate="1" complexity="1">
              <lines>
                <line number="61" hits="1" branch="false" />
                <line number="62" hits="3" branch="false" />
                <line number="63" hits="0" branch="false" />
              </lines>
            </method>
            <method name="TestLeftToRight" signature="()" line-rate="1" branch-rate="1" complexity="1">
              <lines>
                <line number="68" hits="1" branch="false" />
                <line number="69" hits="1" branch="false" />
                <line number="70" hits="1" branch="false" />
              </lines>
            </method>
            <method name="TestOrderOperations" signature="()" line-rate="1" branch-rate="1" complexity="1">
              <lines>
                <line number="75" hits="1" branch="false" />
                <line number="76" hits="1" branch="false" />
                <line number="77" hits="1" branch="false" />
              </lines>
            </method>
            <method name="TestParenthesesTimes" signature="()" line-rate="1" branch-rate="1" complexity="1">
              <lines>
                <line number="82" hits="1" branch="false" />
                <line number="83" hits="1" branch="false" />
                <line number="84" hits="1" branch="false" />
              </lines>
            </method>
            <method name="TestTimesParentheses" signature="()" line-rate="1" branch-rate="1" complexity="1">
              <lines>
                <line number="89" hits="1" branch="false" />
                <line number="90" hits="1" branch="false" />
                <line number="91" hits="1" branch="false" />
              </lines>
            </method>
            <method name="TestPlusParentheses" signature="()" line-rate="1" branch-rate="1" complexity="1">
              <lines>
                <line number="96" hits="1" branch="false" />
                <line number="97" hits="1" branch="false" />
                <line number="98" hits="1" branch="false" />
              </lines>
            </method>
            <method name="TestPlusComplex" signature="()" line-rate="1" branch-rate="1" complexity="1">
              <lines>
                <line number="103" hits="1" branch="false" />
                <line number="104" hits="1" branch="false" />
                <line number="105" hits="1" branch="false" />
              </lines>
            </method>
            <method name="TestOperatorAfterParens" signature="()" line-rate="1" branch-rate="1" complexity="1">
              <lines>
                <line number="110" hits="1" branch="false" />
                <line number="111" hits="1" branch="false" />
                <line number="112" hits="1" branch="false" />
              </lines>
            </method>
            <method name="TestComplexTimesParentheses" signature="()" line-rate="1" branch-rate="1" complexity="1">
              <lines>
                <line number="117" hits="1" branch="false" />
                <line number="118" hits="1" branch="false" />
                <line number="119" hits="1" branch="false" />
              </lines>
            </method>
            <method name="TestComplexAndParentheses" signature="()" line-rate="1" branch-rate="1" complexity="1">
              <lines>
                <line number="124" hits="1" branch="false" />
                <line number="125" hits="1" branch="false" />
                <line number="126" hits="1" branch="false" />
              </lines>
            </method>
            <method name="TestDivideByZero" signature="()" line-rate="0.6666666666666666" branch-rate="1" complexity="1">
              <lines>
                <line number="132" hits="1" branch="false" />
                <line number="133" hits="1" branch="false" />
                <line number="134" hits="0" branch="false" />
              </lines>
            </method>
            <method name="TestSingleOperator" signature="()" line-rate="0.6666666666666666" branch-rate="1" complexity="1">
              <lines>
                <line number="140" hits="1" branch="false" />
                <line number="141" hits="1" branch="false" />
                <line number="142" hits="0" branch="false" />
              </lines>
            </method>
            <method name="TestExtraOperator" signature="()" line-rate="0.6666666666666666" branch-rate="1" complexity="1">
              <lines>
                <line number="148" hits="1" branch="false" />
                <line number="149" hits="1" branch="false" />
                <line number="150" hits="0" branch="false" />
              </lines>
            </method>
            <method name="TestExtraParentheses" signature="()" line-rate="0.6666666666666666" branch-rate="1" complexity="1">
              <lines>
                <line number="156" hits="1" branch="false" />
                <line number="157" hits="1" branch="false" />
                <line number="158" hits="0" branch="false" />
              </lines>
            </method>
            <method name="TestInvalidVariable" signature="()" line-rate="0.6666666666666666" branch-rate="1" complexity="1">
              <lines>
                <line number="164" hits="1" branch="false" />
                <line number="165" hits="1" branch="false" />
                <line number="166" hits="0" branch="false" />
              </lines>
            </method>
            <method name="TestPlusInvalidVariable" signature="()" line-rate="0.6666666666666666" branch-rate="1" complexity="1">
              <lines>
                <line number="172" hits="1" branch="false" />
                <line number="173" hits="1" branch="false" />
                <line number="174" hits="0" branch="false" />
              </lines>
            </method>
            <method name="TestParensNoOperator" signature="()" line-rate="0.6666666666666666" branch-rate="1" complexity="1">
              <lines>
                <line number="180" hits="1" branch="false" />
                <line number="181" hits="1" branch="false" />
                <line number="182" hits="0" branch="false" />
              </lines>
            </method>
            <method name="TestEmpty" signature="()" line-rate="0.6666666666666666" branch-rate="1" complexity="1">
              <lines>
                <line number="189" hits="1" branch="false" />
                <line number="190" hits="1" branch="false" />
                <line number="191" hits="0" branch="false" />
              </lines>
            </method>
            <method name="TestComplexMultiVar" signature="()" line-rate="1" branch-rate="1" complexity="2">
              <lines>
                <line number="196" hits="1" branch="false" />
                <line number="197" hits="3" branch="true" condition-coverage="100% (2/2)" />
                <line number="198" hits="1" branch="false" />
              </lines>
            </method>
            <method name="TestComplexNestedParensRight" signature="()" line-rate="1" branch-rate="1" complexity="1">
              <lines>
                <line number="203" hits="1" branch="false" />
                <line number="204" hits="7" branch="false" />
                <line number="205" hits="1" branch="false" />
              </lines>
            </method>
            <method name="TestComplexNestedParensLeft" signature="()" line-rate="1" branch-rate="1" complexity="1">
              <lines>
                <line number="210" hits="1" branch="false" />
                <line number="211" hits="7" branch="false" />
                <line number="212" hits="1" branch="false" />
              </lines>
            </method>
            <method name="TestRepeatedVar" signature="()" line-rate="1" branch-rate="1" complexity="1">
              <lines>
                <line number="217" hits="1" branch="false" />
                <line number="218" hits="5" branch="false" />
                <line number="219" hits="1" branch="false" />
              </lines>
            </method>
          </methods>
          <lines>
            <line number="11" hits="1" branch="false" />
            <line number="12" hits="1" branch="false" />
            <line number="13" hits="1" branch="false" />
            <line number="18" hits="1" branch="false" />
            <line number="19" hits="2" branch="false" />
            <line number="20" hits="1" branch="false" />
            <line number="25" hits="1" branch="false" />
            <line number="26" hits="1" branch="false" />
            <line number="27" hits="1" branch="false" />
            <line number="32" hits="1" branch="false" />
            <line number="33" hits="1" branch="false" />
            <line number="34" hits="1" branch="false" />
            <line number="39" hits="1" branch="false" />
            <line number="40" hits="1" branch="false" />
            <line number="41" hits="1" branch="false" />
            <line number="46" hits="1" branch="false" />
            <line number="47" hits="1" branch="false" />
            <line number="48" hits="1" branch="false" />
            <line number="53" hits="1" branch="false" />
            <line number="54" hits="2" branch="false" />
            <line number="55" hits="1" branch="false" />
            <line number="61" hits="1" branch="false" />
            <line number="62" hits="3" branch="false" />
            <line number="63" hits="0" branch="false" />
            <line number="68" hits="1" branch="false" />
            <line number="69" hits="1" branch="false" />
            <line number="70" hits="1" branch="false" />
            <line number="75" hits="1" branch="false" />
            <line number="76" hits="1" branch="false" />
            <line number="77" hits="1" branch="false" />
            <line number="82" hits="1" branch="false" />
            <line number="83" hits="1" branch="false" />
            <line number="84" hits="1" branch="false" />
            <line number="89" hits="1" branch="false" />
            <line number="90" hits="1" branch="false" />
            <line number="91" hits="1" branch="false" />
            <line number="96" hits="1" branch="false" />
            <line number="97" hits="1" branch="false" />
            <line number="98" hits="1" branch="false" />
            <line number="103" hits="1" branch="false" />
            <line number="104" hits="1" branch="false" />
            <line number="105" hits="1" branch="false" />
            <line number="110" hits="1" branch="false" />
            <line number="111" hits="1" branch="false" />
            <line number="112" hits="1" branch="false" />
            <line number="117" hits="1" branch="false" />
            <line number="118" hits="1" branch="false" />
            <line number="119" hits="1" branch="false" />
            <line number="124" hits="1" branch="false" />
            <line number="125" hits="1" branch="false" />
            <line number="126" hits="1" branch="false" />
            <line number="132" hits="1" branch="false" />
            <line number="133" hits="1" branch="false" />
            <line number="134" hits="0" branch="false" />
            <line number="140" hits="1" branch="false" />
            <line number="141" hits="1" branch="false" />
            <line number="142" hits="0" branch="false" />
            <line number="148" hits="1" branch="false" />
            <line number="149" hits="1" branch="false" />
            <line number="150" hits="0" branch="false" />
            <line number="156" hits="1" branch="false" />
            <line number="157" hits="1" branch="false" />
            <line number="158" hits="0" branch="false" />
            <line number="164" hits="1" branch="false" />
            <line number="165" hits="1" branch="false" />
            <line number="166" hits="0" branch="false" />
            <line number="172" hits="1" branch="false" />
            <line number="173" hits="1" branch="false" />
            <line number="174" hits="0" branch="false" />
            <line number="180" hits="1" branch="false" />
            <line number="181" hits="1" branch="false" />
            <line number="182" hits="0" branch="false" />
            <line number="189" hits="1" branch="false" />
            <line number="190" hits="1" branch="false" />
            <line number="191" hits="0" branch="false" />
            <line number="196" hits="1" branch="false" />
            <line number="197" hits="3" branch="true" condition-coverage="100% (2/2)" />
            <line number="198" hits="1" branch="false" />
            <line number="203" hits="1" branch="false" />
            <line number="204" hits="7" branch="false" />
            <line number="205" hits="1" branch="false" />
            <line number="210" hits="1" branch="false" />
            <line number="211" hits="7" branch="false" />
            <line number="212" hits="1" branch="false" />
            <line number="217" hits="1" branch="false" />
            <line number="218" hits="5" branch="false" />
            <line number="219" hits="1" branch="false" />
          </lines>
        </class>
      </classes>
    </package>
  </packages>
</coverage>